[0.007s] Invoking command in '/home/kgh/GITHUB/robit-ros2-homework/HW4/button/build/button': CMAKE_PREFIX_PATH=${CMAKE_PREFIX_PATH}:/opt/ros/humble /usr/bin/cmake --build /home/kgh/GITHUB/robit-ros2-homework/HW4/button/build/button -- -j20 -l20
[0.036s] [  9%] [34m[1mGenerating include/button/moc_mainwindow.cpp[0m
[0.036s] [ 18%] [34m[1mGenerating include/button/moc_qnode.cpp[0m
[0.047s] [35m[1mConsolidate compiler generated dependencies of target button_node[0m
[0.063s] [ 27%] [32mBuilding CXX object CMakeFiles/button_node.dir/include/button/moc_qnode.cpp.o[0m
[0.063s] [ 36%] [32mBuilding CXX object CMakeFiles/button_node.dir/src/main.cpp.o[0m
[0.063s] [ 45%] [32mBuilding CXX object CMakeFiles/button_node.dir/src/mainwindow.cpp.o[0m
[0.064s] [ 54%] [32mBuilding CXX object CMakeFiles/button_node.dir/src/qnode.cpp.o[0m
[0.064s] [ 63%] [32mBuilding CXX object CMakeFiles/button_node.dir/include/button/moc_mainwindow.cpp.o[0m
[0.207s] In file included from [01m[K/home/kgh/GITHUB/robit-ros2-homework/HW4/button/src/qnode.cpp:13[m[K:
[0.207s] [01m[K/home/kgh/GITHUB/robit-ros2-homework/HW4/button/src/../include/button/qnode.hpp:21:10:[m[K [01;31m[Kfatal error: [m[Kstd_msgs/msg/string.hpp: No such file or directory
[0.207s]    21 | #include [01;31m[K<std_msgs/msg/string.hpp>[m[K  // Î©îÏãúÏßÄ ÌÉÄÏûÖ Ìè¨Ìï®
[0.207s]       |          [01;31m[K^~~~~~~~~~~~~~~~~~~~~~~~~[m[K
[0.207s] In file included from [01m[K/home/kgh/GITHUB/robit-ros2-homework/HW4/button/build/button/include/button/moc_qnode.cpp:10[m[K:
[0.207s] [01m[K/home/kgh/GITHUB/robit-ros2-homework/HW4/button/build/button/include/button/../../../../include/button/qnode.hpp:21:10:[m[K [01;31m[Kfatal error: [m[Kstd_msgs/msg/string.hpp: No such file or directory
[0.207s]    21 | #include [01;31m[K<std_msgs/msg/string.hpp>[m[K  // Î©îÏãúÏßÄ ÌÉÄÏûÖ Ìè¨Ìï®
[0.207s]       |          [01;31m[K^~~~~~~~~~~~~~~~~~~~~~~~~[m[K
[0.207s] compilation terminated.
[0.207s] compilation terminated.
[0.209s] gmake[2]: *** [CMakeFiles/button_node.dir/build.make:150: CMakeFiles/button_node.dir/include/button/moc_qnode.cpp.o] Error 1
[0.209s] gmake[2]: *** Waiting for unfinished jobs....
[0.209s] gmake[2]: *** [CMakeFiles/button_node.dir/build.make:122: CMakeFiles/button_node.dir/src/qnode.cpp.o] Error 1
[0.214s] In file included from [01m[K/home/kgh/GITHUB/robit-ros2-homework/HW4/button/src/../include/button/mainwindow.hpp:19[m[K,
[0.214s]                  from [01m[K/home/kgh/GITHUB/robit-ros2-homework/HW4/button/src/mainwindow.cpp:13[m[K:
[0.214s] [01m[K/home/kgh/GITHUB/robit-ros2-homework/HW4/button/src/../include/button/qnode.hpp:21:10:[m[K [01;31m[Kfatal error: [m[Kstd_msgs/msg/string.hpp: No such file or directory
[0.214s]    21 | #include [01;31m[K<std_msgs/msg/string.hpp>[m[K  // Î©îÏãúÏßÄ ÌÉÄÏûÖ Ìè¨Ìï®
[0.214s]       |          [01;31m[K^~~~~~~~~~~~~~~~~~~~~~~~~[m[K
[0.214s] compilation terminated.
[0.216s] gmake[2]: *** [CMakeFiles/button_node.dir/build.make:108: CMakeFiles/button_node.dir/src/mainwindow.cpp.o] Error 1
[0.220s] In file included from [01m[K/home/kgh/GITHUB/robit-ros2-homework/HW4/button/src/../include/button/mainwindow.hpp:19[m[K,
[0.220s]                  from [01m[K/home/kgh/GITHUB/robit-ros2-homework/HW4/button/src/main.cpp:4[m[K:
[0.220s] [01m[K/home/kgh/GITHUB/robit-ros2-homework/HW4/button/src/../include/button/qnode.hpp:21:10:[m[K [01;31m[Kfatal error: [m[Kstd_msgs/msg/string.hpp: No such file or directory
[0.220s]    21 | #include [01;31m[K<std_msgs/msg/string.hpp>[m[K  // Î©îÏãúÏßÄ ÌÉÄÏûÖ Ìè¨Ìï®
[0.221s]       |          [01;31m[K^~~~~~~~~~~~~~~~~~~~~~~~~[m[K
[0.221s] compilation terminated.
[0.222s] gmake[2]: *** [CMakeFiles/button_node.dir/build.make:94: CMakeFiles/button_node.dir/src/main.cpp.o] Error 1
[0.228s] In file included from [01m[K/home/kgh/GITHUB/robit-ros2-homework/HW4/button/build/button/include/button/../../../../include/button/mainwindow.hpp:19[m[K,
[0.228s]                  from [01m[K/home/kgh/GITHUB/robit-ros2-homework/HW4/button/build/button/include/button/moc_mainwindow.cpp:10[m[K:
[0.228s] [01m[K/home/kgh/GITHUB/robit-ros2-homework/HW4/button/build/button/include/button/../../../../include/button/qnode.hpp:21:10:[m[K [01;31m[Kfatal error: [m[Kstd_msgs/msg/string.hpp: No such file or directory
[0.228s]    21 | #include [01;31m[K<std_msgs/msg/string.hpp>[m[K  // Î©îÏãúÏßÄ ÌÉÄÏûÖ Ìè¨Ìï®
[0.228s]       |          [01;31m[K^~~~~~~~~~~~~~~~~~~~~~~~~[m[K
[0.228s] compilation terminated.
[0.229s] gmake[2]: *** [CMakeFiles/button_node.dir/build.make:136: CMakeFiles/button_node.dir/include/button/moc_mainwindow.cpp.o] Error 1
[0.230s] gmake[1]: *** [CMakeFiles/Makefile2:137: CMakeFiles/button_node.dir/all] Error 2
[0.230s] gmake: *** [Makefile:146: all] Error 2
[0.232s] Invoked command in '/home/kgh/GITHUB/robit-ros2-homework/HW4/button/build/button' returned '2': CMAKE_PREFIX_PATH=${CMAKE_PREFIX_PATH}:/opt/ros/humble /usr/bin/cmake --build /home/kgh/GITHUB/robit-ros2-homework/HW4/button/build/button -- -j20 -l20
