[0.008s] Invoking command in '/home/kgh/GITHUB/robit-ros2-homework/HW4/moving/build/moving': CMAKE_PREFIX_PATH=${CMAKE_PREFIX_PATH}:/opt/ros/humble /usr/bin/cmake --build /home/kgh/GITHUB/robit-ros2-homework/HW4/moving/build/moving -- -j20 -l20
[0.041s] [35m[1mConsolidate compiler generated dependencies of target moving_node[0m
[0.060s] [  9%] [32mBuilding CXX object CMakeFiles/moving_node.dir/src/mainwindow.cpp.o[0m
[0.060s] [ 18%] [32mBuilding CXX object CMakeFiles/moving_node.dir/src/qnode.cpp.o[0m
[1.583s] [01m[K/home/kgh/GITHUB/robit-ros2-homework/HW4/moving/src/mainwindow.cpp:[m[K In constructor ‚Äò[01m[KMainWindow::MainWindow(QWidget*, rclcpp::Node::SharedPtr)[m[K‚Äô:
[1.583s] [01m[K/home/kgh/GITHUB/robit-ros2-homework/HW4/moving/src/mainwindow.cpp:8:18:[m[K [01;31m[Kerror: [m[Kinvalid use of incomplete type ‚Äò[01m[Kclass Ui::MainWindowDesign[m[K‚Äô
[1.584s]     8 |       ui(new Ui::[01;31m[KMainWindowDesign[m[K),
[1.584s]       |                  [01;31m[K^~~~~~~~~~~~~~~~[m[K
[1.584s] In file included from [01m[K/home/kgh/GITHUB/robit-ros2-homework/HW4/moving/src/mainwindow.cpp:1[m[K:
[1.584s] [01m[K/home/kgh/GITHUB/robit-ros2-homework/HW4/moving/src/../include/moving/mainwindow.hpp:11:7:[m[K [01;36m[Knote: [m[Kforward declaration of ‚Äò[01m[Kclass Ui::MainWindowDesign[m[K‚Äô
[1.584s]    11 | class [01;36m[KMainWindowDesign[m[K;
[1.584s]       |       [01;36m[K^~~~~~~~~~~~~~~~[m[K
[1.584s] [01m[K/home/kgh/GITHUB/robit-ros2-homework/HW4/moving/src/mainwindow.cpp:13:7:[m[K [01;31m[Kerror: [m[Kinvalid use of incomplete type ‚Äò[01m[Kclass Ui::MainWindowDesign[m[K‚Äô
[1.584s]    13 |     ui[01;31m[K->[m[KsetupUi(this);
[1.584s]       |       [01;31m[K^~[m[K
[1.584s] In file included from [01m[K/home/kgh/GITHUB/robit-ros2-homework/HW4/moving/src/mainwindow.cpp:1[m[K:
[1.584s] [01m[K/home/kgh/GITHUB/robit-ros2-homework/HW4/moving/src/../include/moving/mainwindow.hpp:11:7:[m[K [01;36m[Knote: [m[Kforward declaration of ‚Äò[01m[Kclass Ui::MainWindowDesign[m[K‚Äô
[1.584s]    11 | class [01;36m[KMainWindowDesign[m[K;
[1.584s]       |       [01;36m[K^~~~~~~~~~~~~~~~[m[K
[1.585s] [01m[K/home/kgh/GITHUB/robit-ros2-homework/HW4/moving/src/mainwindow.cpp:[m[K In lambda function:
[1.585s] [01m[K/home/kgh/GITHUB/robit-ros2-homework/HW4/moving/src/mainwindow.cpp:35:34:[m[K [01;31m[Kerror: [m[K‚Äò[01m[Kclass QNode[m[K‚Äô has no member named ‚Äò[01m[KgetNode[m[K‚Äô; did you mean ‚Äò[01m[KQNode[m[K‚Äô?
[1.585s]    35 |         rclcpp::spin_some(qnode->[01;31m[KgetNode[m[K()); // QNodeÏùò ÎÖ∏ÎìúÎ•º ÌÜµÌï¥ ÏΩúÎ∞± Ï≤òÎ¶¨
[1.585s]       |                                  [01;31m[K^~~~~~~[m[K
[1.585s]       |                                  [32m[KQNode[m[K
[1.586s] [01m[K/home/kgh/GITHUB/robit-ros2-homework/HW4/moving/src/mainwindow.cpp:[m[K In destructor ‚Äò[01m[Kvirtual MainWindow::~MainWindow()[m[K‚Äô:
[1.586s] [01m[K/home/kgh/GITHUB/robit-ros2-homework/HW4/moving/src/mainwindow.cpp:75:5:[m[K [01;35m[Kwarning: [m[Kpossible problem detected in invocation of ‚Äò[01m[Koperator delete[m[K‚Äô [[01;35m[K]8;;https://gcc.gnu.org/onlinedocs/gcc/Warning-Options.html#index-Wdelete-incomplete-Wdelete-incomplete]8;;[m[K]
[1.586s]    75 |     [01;35m[Kdelete ui[m[K;
[1.586s]       |     [01;35m[K^~~~~~~~~[m[K
[1.587s] [01m[K/home/kgh/GITHUB/robit-ros2-homework/HW4/moving/src/mainwindow.cpp:75:12:[m[K [01;35m[Kwarning: [m[Kinvalid use of incomplete type ‚Äò[01m[Kclass Ui::MainWindowDesign[m[K‚Äô
[1.587s]    75 |     delete [01;35m[Kui[m[K;
[1.587s]       |            [01;35m[K^~[m[K
[1.587s] In file included from [01m[K/home/kgh/GITHUB/robit-ros2-homework/HW4/moving/src/mainwindow.cpp:1[m[K:
[1.587s] [01m[K/home/kgh/GITHUB/robit-ros2-homework/HW4/moving/src/../include/moving/mainwindow.hpp:11:7:[m[K [01;36m[Knote: [m[Kforward declaration of ‚Äò[01m[Kclass Ui::MainWindowDesign[m[K‚Äô
[1.587s]    11 | class [01;36m[KMainWindowDesign[m[K;
[1.587s]       |       [01;36m[K^~~~~~~~~~~~~~~~[m[K
[1.587s] [01m[K/home/kgh/GITHUB/robit-ros2-homework/HW4/moving/src/mainwindow.cpp:75:5:[m[K [01;36m[Knote: [m[Kneither the destructor nor the class-specific ‚Äò[01m[Koperator delete[m[K‚Äô will be called, even if they are declared when the class is defined
[1.587s]    75 |     [01;36m[Kdelete ui[m[K;
[1.587s]       |     [01;36m[K^~~~~~~~~[m[K
[2.091s] gmake[2]: *** [CMakeFiles/moving_node.dir/build.make:110: CMakeFiles/moving_node.dir/src/mainwindow.cpp.o] Error 1
[2.091s] gmake[2]: *** Waiting for unfinished jobs....
[4.659s] gmake[1]: *** [CMakeFiles/Makefile2:137: CMakeFiles/moving_node.dir/all] Error 2
[4.659s] gmake: *** [Makefile:146: all] Error 2
[4.661s] Invoked command in '/home/kgh/GITHUB/robit-ros2-homework/HW4/moving/build/moving' returned '2': CMAKE_PREFIX_PATH=${CMAKE_PREFIX_PATH}:/opt/ros/humble /usr/bin/cmake --build /home/kgh/GITHUB/robit-ros2-homework/HW4/moving/build/moving -- -j20 -l20
