[ 16%] [34m[1mGenerating include/moc_mainwindow.cpp[0m
[35m[1mConsolidate compiler generated dependencies of target ui_test[0m
[ 33%] [32mBuilding CXX object CMakeFiles/ui_test.dir/src/main.cpp.o[0m
[ 50%] [32mBuilding CXX object CMakeFiles/ui_test.dir/src/mainwindow.cpp.o[0m
[ 66%] [32mBuilding CXX object CMakeFiles/ui_test.dir/include/moc_mainwindow.cpp.o[0m
In file included from [01m[K/home/kgh/GITHUB/robit-ros2-homework/HW3/build/ui_test/include/moc_mainwindow.cpp:10[m[K:
[01m[K/home/kgh/GITHUB/robit-ros2-homework/HW3/build/ui_test/include/../../../ui_test/include/mainwindow.h:35:23:[m[K [01;31m[Kerror: [m[Kâ€˜[01m[Kgeometry_msgs[m[Kâ€™ was not declared in this scope; did you mean â€˜[01m[Kgeometry[m[Kâ€™?
   35 |     rclcpp::Publisher<[01;31m[Kgeometry_msgs[m[K::msg::Twist>::SharedPtr twist_publisher_;  // Twist ë©”ì‹œì§€ í¼ë¸”ë¦¬ì…”
      |                       [01;31m[K^~~~~~~~~~~~~[m[K
      |                       [32m[Kgeometry[m[K
[01m[K/home/kgh/GITHUB/robit-ros2-homework/HW3/build/ui_test/include/../../../ui_test/include/mainwindow.h:35:48:[m[K [01;31m[Kerror: [m[Ktemplate argument 1 is invalid
   35 |     rclcpp::Publisher<geometry_msgs::msg::Twist[01;31m[K>[m[K::SharedPtr twist_publisher_;  // Twist ë©”ì‹œì§€ í¼ë¸”ë¦¬ì…”
      |                                                [01;31m[K^[m[K
[01m[K/home/kgh/GITHUB/robit-ros2-homework/HW3/build/ui_test/include/../../../ui_test/include/mainwindow.h:35:51:[m[K [01;31m[Kerror: [m[Kexpected â€˜[01m[K;[m[Kâ€™ at end of member declaration
   35 |     rclcpp::Publisher<geometry_msgs::msg::Twist>::[01;31m[KSharedPtr[m[K twist_publisher_;  // Twist ë©”ì‹œì§€ í¼ë¸”ë¦¬ì…”
      |                                                   [01;31m[K^~~~~~~~~[m[K
      |                                                            [32m[K;[m[K
[01m[K/home/kgh/GITHUB/robit-ros2-homework/HW3/build/ui_test/include/../../../ui_test/include/mainwindow.h:35:61:[m[K [01;31m[Kerror: [m[Kâ€˜[01m[Ktwist_publisher_[m[Kâ€™ does not name a type
   35 |     rclcpp::Publisher<geometry_msgs::msg::Twist>::SharedPtr [01;31m[Ktwist_publisher_[m[K;  // Twist ë©”ì‹œì§€ í¼ë¸”ë¦¬ì…”
      |                                                             [01;31m[K^~~~~~~~~~~~~~~~[m[K
In file included from [01m[K/home/kgh/GITHUB/robit-ros2-homework/HW3/ui_test/src/main.cpp:1[m[K:
[01m[K/home/kgh/GITHUB/robit-ros2-homework/HW3/ui_test/include/mainwindow.h:35:23:[m[K [01;31m[Kerror: [m[Kâ€˜[01m[Kgeometry_msgs[m[Kâ€™ was not declared in this scope; did you mean â€˜[01m[Kgeometry[m[Kâ€™?
   35 |     rclcpp::Publisher<[01;31m[Kgeometry_msgs[m[K::msg::Twist>::SharedPtr twist_publisher_;  // Twist ë©”ì‹œì§€ í¼ë¸”ë¦¬ì…”
      |                       [01;31m[K^~~~~~~~~~~~~[m[K
      |                       [32m[Kgeometry[m[K
[01m[K/home/kgh/GITHUB/robit-ros2-homework/HW3/ui_test/include/mainwindow.h:35:48:[m[K [01;31m[Kerror: [m[Ktemplate argument 1 is invalid
   35 |     rclcpp::Publisher<geometry_msgs::msg::Twist[01;31m[K>[m[K::SharedPtr twist_publisher_;  // Twist ë©”ì‹œì§€ í¼ë¸”ë¦¬ì…”
      |                                                [01;31m[K^[m[K
[01m[K/home/kgh/GITHUB/robit-ros2-homework/HW3/ui_test/include/mainwindow.h:35:51:[m[K [01;31m[Kerror: [m[Kexpected â€˜[01m[K;[m[Kâ€™ at end of member declaration
   35 |     rclcpp::Publisher<geometry_msgs::msg::Twist>::[01;31m[KSharedPtr[m[K twist_publisher_;  // Twist ë©”ì‹œì§€ í¼ë¸”ë¦¬ì…”
      |                                                   [01;31m[K^~~~~~~~~[m[K
      |                                                            [32m[K;[m[K
[01m[K/home/kgh/GITHUB/robit-ros2-homework/HW3/ui_test/include/mainwindow.h:35:61:[m[K [01;31m[Kerror: [m[Kâ€˜[01m[Ktwist_publisher_[m[Kâ€™ does not name a type
   35 |     rclcpp::Publisher<geometry_msgs::msg::Twist>::SharedPtr [01;31m[Ktwist_publisher_[m[K;  // Twist ë©”ì‹œì§€ í¼ë¸”ë¦¬ì…”
      |                                                             [01;31m[K^~~~~~~~~~~~~~~~[m[K
In file included from [01m[K/home/kgh/GITHUB/robit-ros2-homework/HW3/ui_test/src/mainwindow.cpp:1[m[K:
[01m[K/home/kgh/GITHUB/robit-ros2-homework/HW3/ui_test/include/mainwindow.h:35:23:[m[K [01;31m[Kerror: [m[Kâ€˜[01m[Kgeometry_msgs[m[Kâ€™ was not declared in this scope; did you mean â€˜[01m[Kgeometry[m[Kâ€™?
   35 |     rclcpp::Publisher<[01;31m[Kgeometry_msgs[m[K::msg::Twist>::SharedPtr twist_publisher_;  // Twist ë©”ì‹œì§€ í¼ë¸”ë¦¬ì…”
      |                       [01;31m[K^~~~~~~~~~~~~[m[K
      |                       [32m[Kgeometry[m[K
[01m[K/home/kgh/GITHUB/robit-ros2-homework/HW3/ui_test/include/mainwindow.h:35:48:[m[K [01;31m[Kerror: [m[Ktemplate argument 1 is invalid
   35 |     rclcpp::Publisher<geometry_msgs::msg::Twist[01;31m[K>[m[K::SharedPtr twist_publisher_;  // Twist ë©”ì‹œì§€ í¼ë¸”ë¦¬ì…”
      |                                                [01;31m[K^[m[K
[01m[K/home/kgh/GITHUB/robit-ros2-homework/HW3/ui_test/include/mainwindow.h:35:51:[m[K [01;31m[Kerror: [m[Kexpected â€˜[01m[K;[m[Kâ€™ at end of member declaration
   35 |     rclcpp::Publisher<geometry_msgs::msg::Twist>::[01;31m[KSharedPtr[m[K twist_publisher_;  // Twist ë©”ì‹œì§€ í¼ë¸”ë¦¬ì…”
      |                                                   [01;31m[K^~~~~~~~~[m[K
      |                                                            [32m[K;[m[K
[01m[K/home/kgh/GITHUB/robit-ros2-homework/HW3/ui_test/include/mainwindow.h:35:61:[m[K [01;31m[Kerror: [m[Kâ€˜[01m[Ktwist_publisher_[m[Kâ€™ does not name a type
   35 |     rclcpp::Publisher<geometry_msgs::msg::Twist>::SharedPtr [01;31m[Ktwist_publisher_[m[K;  // Twist ë©”ì‹œì§€ í¼ë¸”ë¦¬ì…”
      |                                                             [01;31m[K^~~~~~~~~~~~~~~~[m[K
[01m[K/home/kgh/GITHUB/robit-ros2-homework/HW3/ui_test/src/mainwindow.cpp:[m[K In constructor â€˜[01m[KMainWindow::MainWindow(QWidget*)[m[Kâ€™:
[01m[K/home/kgh/GITHUB/robit-ros2-homework/HW3/ui_test/src/mainwindow.cpp:16:5:[m[K [01;31m[Kerror: [m[Kâ€˜[01m[Ktwist_publisher_[m[Kâ€™ was not declared in this scope; did you mean â€˜[01m[Knum_publisher_[m[Kâ€™?
   16 |     [01;31m[Ktwist_publisher_[m[K = node_->create_publisher<geometry_msgs::msg::Twist>("turtle1/cmd_vel", 10);
      |     [01;31m[K^~~~~~~~~~~~~~~~[m[K
      |     [32m[Knum_publisher_[m[K
[01m[K/home/kgh/GITHUB/robit-ros2-homework/HW3/ui_test/src/mainwindow.cpp:[m[K In member function â€˜[01m[Kvoid MainWindow::publishDirection(double, double)[m[Kâ€™:
[01m[K/home/kgh/GITHUB/robit-ros2-homework/HW3/ui_test/src/mainwindow.cpp:41:5:[m[K [01;31m[Kerror: [m[Kâ€˜[01m[Ktwist_publisher_[m[Kâ€™ was not declared in this scope; did you mean â€˜[01m[Knum_publisher_[m[Kâ€™?
   41 |     [01;31m[Ktwist_publisher_[m[K->publish(twist_msg);  // Twist ë©”ì‹œì§€ í¼ë¸”ë¦¬ì‹œ
      |     [01;31m[K^~~~~~~~~~~~~~~~[m[K
      |     [32m[Knum_publisher_[m[K
gmake[2]: *** [CMakeFiles/ui_test.dir/build.make:112: CMakeFiles/ui_test.dir/include/moc_mainwindow.cpp.o] Error 1
gmake[2]: *** Waiting for unfinished jobs....
gmake[2]: *** [CMakeFiles/ui_test.dir/build.make:84: CMakeFiles/ui_test.dir/src/main.cpp.o] Error 1
gmake[2]: *** [CMakeFiles/ui_test.dir/build.make:98: CMakeFiles/ui_test.dir/src/mainwindow.cpp.o] Error 1
gmake[1]: *** [CMakeFiles/Makefile2:137: CMakeFiles/ui_test.dir/all] Error 2
gmake: *** [Makefile:146: all] Error 2
