[0.012s] Invoking command in '/home/kgh/GITHUB/robit-ros2-homework/HW3/build/ui_test': CMAKE_PREFIX_PATH=${CMAKE_PREFIX_PATH}:/opt/ros/humble /usr/bin/cmake --build /home/kgh/GITHUB/robit-ros2-homework/HW3/build/ui_test -- -j20 -l20
[0.053s] [35m[1mConsolidate compiler generated dependencies of target ui_test[0m
[0.080s] [ 16%] [32mBuilding CXX object CMakeFiles/ui_test.dir/src/mainwindow.cpp.o[0m
[1.870s] [01m[K/home/kgh/GITHUB/robit-ros2-homework/HW3/ui_test/src/mainwindow.cpp:[m[K In constructor ‚Äò[01m[KMainWindow::MainWindow(QWidget*)[m[K‚Äô:
[1.870s] [01m[K/home/kgh/GITHUB/robit-ros2-homework/HW3/ui_test/src/mainwindow.cpp:16:5:[m[K [01;31m[Kerror: [m[K‚Äò[01m[Ktwist_publisher_[m[K‚Äô was not declared in this scope; did you mean ‚Äò[01m[Kpublisher_[m[K‚Äô?
[1.870s]    16 |     [01;31m[Ktwist_publisher_[m[K = node_->create_publisher<geometry_msgs::msg::Twist>("turtle1/cmd_vel", 10);
[1.870s]       |     [01;31m[K^~~~~~~~~~~~~~~~[m[K
[1.870s]       |     [32m[Kpublisher_[m[K
[1.877s] [01m[K/home/kgh/GITHUB/robit-ros2-homework/HW3/ui_test/src/mainwindow.cpp:17:5:[m[K [01;31m[Kerror: [m[K‚Äò[01m[Knum_publisher_[m[K‚Äô was not declared in this scope; did you mean ‚Äò[01m[Kpublisher_[m[K‚Äô?
[1.877s]    17 |     [01;31m[Knum_publisher_[m[K = node_->create_publisher<turtle_interface::msg::Num>("direction_topic", 10);
[1.877s]       |     [01;31m[K^~~~~~~~~~~~~~[m[K
[1.877s]       |     [32m[Kpublisher_[m[K
[1.877s] [01m[K/home/kgh/GITHUB/robit-ros2-homework/HW3/ui_test/src/mainwindow.cpp:21:57:[m[K [01;31m[Kerror: [m[K‚Äò[01m[KspinSome[m[K‚Äô is not a member of ‚Äò[01m[KMainWindow[m[K‚Äô
[1.877s]    21 | his, &MainWindow::[01;31m[KspinSome[m[K);  // ÌÉÄÏù¥Î®∏Í∞Ä Ìò∏Ï∂úÎê† Îïå spinSome Ìò∏Ï∂ú
[1.877s]       |                   [01;31m[K^~~~~~~~[m[K
[1.877s] 
[1.882s] [01m[K/home/kgh/GITHUB/robit-ros2-homework/HW3/ui_test/src/mainwindow.cpp:[m[K In member function ‚Äò[01m[Kvoid MainWindow::publishDirection(double, double)[m[K‚Äô:
[1.882s] [01m[K/home/kgh/GITHUB/robit-ros2-homework/HW3/ui_test/src/mainwindow.cpp:35:5:[m[K [01;31m[Kerror: [m[K‚Äò[01m[Knum_publisher_[m[K‚Äô was not declared in this scope; did you mean ‚Äò[01m[Kpublisher_[m[K‚Äô?
[1.882s]    35 |     [01;31m[Knum_publisher_[m[K->publish(num_msg);  // Num Î©îÏãúÏßÄ ÌçºÎ∏îÎ¶¨Ïãú
[1.882s]       |     [01;31m[K^~~~~~~~~~~~~~[m[K
[1.883s]       |     [32m[Kpublisher_[m[K
[1.889s] [01m[K/home/kgh/GITHUB/robit-ros2-homework/HW3/ui_test/src/mainwindow.cpp:41:5:[m[K [01;31m[Kerror: [m[K‚Äò[01m[Ktwist_publisher_[m[K‚Äô was not declared in this scope; did you mean ‚Äò[01m[Kpublisher_[m[K‚Äô?
[1.889s]    41 |     [01;31m[Ktwist_publisher_[m[K->publish(twist_msg);  // Twist Î©îÏãúÏßÄ ÌçºÎ∏îÎ¶¨Ïãú
[1.889s]       |     [01;31m[K^~~~~~~~~~~~~~~~[m[K
[1.889s]       |     [32m[Kpublisher_[m[K
[1.889s] [01m[K/home/kgh/GITHUB/robit-ros2-homework/HW3/ui_test/src/mainwindow.cpp:[m[K At global scope:
[1.889s] [01m[K/home/kgh/GITHUB/robit-ros2-homework/HW3/ui_test/src/mainwindow.cpp:65:6:[m[K [01;31m[Kerror: [m[Kno declaration matches ‚Äò[01m[Kvoid MainWindow::spinSome()[m[K‚Äô
[1.889s]    65 | void [01;31m[KMainWindow[m[K::spinSome()
[1.890s]       |      [01;31m[K^~~~~~~~~~[m[K
[1.890s] [01m[K/home/kgh/GITHUB/robit-ros2-homework/HW3/ui_test/src/mainwindow.cpp:65:6:[m[K [01;36m[Knote: [m[Kno functions named ‚Äò[01m[Kvoid MainWindow::spinSome()[m[K‚Äô
[1.890s] In file included from [01m[K/home/kgh/GITHUB/robit-ros2-homework/HW3/ui_test/src/mainwindow.cpp:1[m[K:
[1.890s] [01m[K/home/kgh/GITHUB/robit-ros2-homework/HW3/ui_test/include/mainwindow.h:12:7:[m[K [01;36m[Knote: [m[K‚Äò[01m[Kclass MainWindow[m[K‚Äô defined here
[1.890s]    12 | class [01;36m[KMainWindow[m[K : public QMainWindow
[1.890s]       |       [01;36m[K^~~~~~~~~~[m[K
[2.720s] gmake[2]: *** [CMakeFiles/ui_test.dir/build.make:98: CMakeFiles/ui_test.dir/src/mainwindow.cpp.o] Error 1
[2.720s] gmake[1]: *** [CMakeFiles/Makefile2:137: CMakeFiles/ui_test.dir/all] Error 2
[2.721s] gmake: *** [Makefile:146: all] Error 2
[2.723s] Invoked command in '/home/kgh/GITHUB/robit-ros2-homework/HW3/build/ui_test' returned '2': CMAKE_PREFIX_PATH=${CMAKE_PREFIX_PATH}:/opt/ros/humble /usr/bin/cmake --build /home/kgh/GITHUB/robit-ros2-homework/HW3/build/ui_test -- -j20 -l20
