[01m[K/home/kgh/GITHUB/robit-ros2-homework/HW3/ui_test/src/main.cpp:[m[K In function â€˜[01m[Kint main(int, char**)[m[Kâ€™:
[01m[K/home/kgh/GITHUB/robit-ros2-homework/HW3/ui_test/src/main.cpp:12:17:[m[K [01;31m[Kerror: [m[Kno matching function for call to â€˜[01m[Kspin(std::shared_ptr<MainWindow>&)[m[Kâ€™
   12 |     [01;31m[Krclcpp::spin(node)[m[K;
      |     [01;31m[K~~~~~~~~~~~~^~~~~~[m[K
In file included from [01m[K/opt/ros/humble/include/rclcpp/rclcpp/rclcpp.hpp:155[m[K,
                 from [01m[K/home/kgh/GITHUB/robit-ros2-homework/HW3/ui_test/include/mainwindow.h:5[m[K,
                 from [01m[K/home/kgh/GITHUB/robit-ros2-homework/HW3/ui_test/src/main.cpp:1[m[K:
[01m[K/opt/ros/humble/include/rclcpp/rclcpp/executors.hpp:45:1:[m[K [01;36m[Knote: [m[Kcandidate: â€˜[01m[Kvoid rclcpp::spin(rclcpp::node_interfaces::NodeBaseInterface::SharedPtr)[m[Kâ€™
   45 | [01;36m[Kspin[m[K(rclcpp::node_interfaces::NodeBaseInterface::SharedPtr node_ptr);
      | [01;36m[K^~~~[m[K
[01m[K/opt/ros/humble/include/rclcpp/rclcpp/executors.hpp:45:60:[m[K [01;36m[Knote: [m[K  no known conversion for argument 1 from â€˜[01m[Kshared_ptr<[01;32m[KMainWindow[m[K>[m[Kâ€™ to â€˜[01m[Kshared_ptr<[01;32m[Krclcpp::node_interfaces::NodeBaseInterface[m[K>[m[Kâ€™
   45 | spin([01;36m[Krclcpp::node_interfaces::NodeBaseInterface::SharedPtr node_ptr[m[K);
      |      [01;36m[K~~~~~~~~~~~~~~~~~~~~~~~~~~~~~~~~~~~~~~~~~~~~~~~~~~~~~~^~~~~~~~[m[K
[01m[K/opt/ros/humble/include/rclcpp/rclcpp/executors.hpp:49:1:[m[K [01;36m[Knote: [m[Kcandidate: â€˜[01m[Kvoid rclcpp::spin(rclcpp::Node::SharedPtr)[m[Kâ€™
   49 | [01;36m[Kspin[m[K(rclcpp::Node::SharedPtr node_ptr);
      | [01;36m[K^~~~[m[K
[01m[K/opt/ros/humble/include/rclcpp/rclcpp/executors.hpp:49:30:[m[K [01;36m[Knote: [m[K  no known conversion for argument 1 from â€˜[01m[Kshared_ptr<[01;32m[KMainWindow[m[K>[m[Kâ€™ to â€˜[01m[Kshared_ptr<[01;32m[Krclcpp::Node[m[K>[m[Kâ€™
   49 | spin([01;36m[Krclcpp::Node::SharedPtr node_ptr[m[K);
      |      [01;36m[K~~~~~~~~~~~~~~~~~~~~~~~~^~~~~~~~[m[K
gmake[2]: *** [CMakeFiles/ui_test.dir/build.make:84: CMakeFiles/ui_test.dir/src/main.cpp.o] Error 1
gmake[1]: *** [CMakeFiles/Makefile2:137: CMakeFiles/ui_test.dir/all] Error 2
gmake: *** [Makefile:146: all] Error 2
