[01m[K/home/kgh/GITHUB/robit-ros2-homework/HW4/moving/src/mainwindow.cpp:[m[K In constructor â€˜[01m[KMainWindow::MainWindow(QWidget*)[m[Kâ€™:
[01m[K/home/kgh/GITHUB/robit-ros2-homework/HW4/moving/src/mainwindow.cpp:15:9:[m[K [01;31m[Kerror: [m[Kâ€˜[01m[Kclass Ui::MainWindowDesign[m[Kâ€™ has no member named â€˜[01m[Kmove_image[m[Kâ€™
   15 |     ui->[01;31m[Kmove_image[m[K->setScene(scene); // UIì—ì„œ characterë¼ëŠ” ì´ë¦„ì„ ê°€ì§„ QGraphicsView ì‚¬ìš©
      |         [01;31m[K^~~~~~~~~~[m[K
[01m[K/home/kgh/GITHUB/robit-ros2-homework/HW4/moving/src/mainwindow.cpp:[m[K In member function â€˜[01m[Kvirtual void MainWindow::keyPressEvent(QKeyEvent*)[m[Kâ€™:
[01m[K/home/kgh/GITHUB/robit-ros2-homework/HW4/moving/src/mainwindow.cpp:38:13:[m[K [01;31m[Kerror: [m[Kâ€˜[01m[Kcharacter[m[Kâ€™ was not declared in this scope; did you mean â€˜[01m[KcharacterX[m[Kâ€™?
   38 |             [01;31m[Kcharacter[m[K->setPos(characterX, characterY);
      |             [01;31m[K^~~~~~~~~[m[K
      |             [32m[KcharacterX[m[K
[01m[K/home/kgh/GITHUB/robit-ros2-homework/HW4/moving/src/mainwindow.cpp:55:13:[m[K [01;31m[Kerror: [m[Kâ€˜[01m[Kcharacter[m[Kâ€™ was not declared in this scope; did you mean â€˜[01m[KcharacterX[m[Kâ€™?
   55 |             [01;31m[Kcharacter[m[K->setPos(characterX, characterY);
      |             [01;31m[K^~~~~~~~~[m[K
      |             [32m[KcharacterX[m[K
[01m[K/home/kgh/GITHUB/robit-ros2-homework/HW4/moving/src/mainwindow.cpp:[m[K In member function â€˜[01m[Kvirtual void MainWindow::keyReleaseEvent(QKeyEvent*)[m[Kâ€™:
[01m[K/home/kgh/GITHUB/robit-ros2-homework/HW4/moving/src/mainwindow.cpp:63:45:[m[K [01;35m[Kwarning: [m[Kunused parameter â€˜[01m[Kevent[m[Kâ€™ [[01;35m[K]8;;https://gcc.gnu.org/onlinedocs/gcc/Warning-Options.html#index-Wunused-parameter-Wunused-parameter]8;;[m[K]
   63 | void MainWindow::keyReleaseEvent([01;35m[KQKeyEvent* event[m[K)
      |                                  [01;35m[K~~~~~~~~~~~^~~~~[m[K
[01m[K/home/kgh/GITHUB/robit-ros2-homework/HW4/moving/src/mainwindow.cpp:[m[K In destructor â€˜[01m[Kvirtual MainWindow::~MainWindow()[m[Kâ€™:
[01m[K/home/kgh/GITHUB/robit-ros2-homework/HW4/moving/src/mainwindow.cpp:76:12:[m[K [01;31m[Kerror: [m[Kâ€˜[01m[Kcharacter[m[Kâ€™ was not declared in this scope; did you mean â€˜[01m[KcharacterX[m[Kâ€™?
   76 |     delete [01;31m[Kcharacter[m[K; // character í•´ì œ
      |            [01;31m[K^~~~~~~~~[m[K
      |            [32m[KcharacterX[m[K
gmake[2]: *** [CMakeFiles/moving_node.dir/build.make:110: CMakeFiles/moving_node.dir/src/mainwindow.cpp.o] Error 1
gmake[2]: *** Waiting for unfinished jobs....
gmake[1]: *** [CMakeFiles/Makefile2:137: CMakeFiles/moving_node.dir/all] Error 2
gmake: *** [Makefile:146: all] Error 2
