[0.007s] Invoking command in '/home/kgh/GITHUB/robit-ros2-homework/HW4/moving/build/moving': CMAKE_PREFIX_PATH=${CMAKE_PREFIX_PATH}:/opt/ros/humble /usr/bin/cmake --build /home/kgh/GITHUB/robit-ros2-homework/HW4/moving/build/moving -- -j20 -l20
[0.036s] [  9%] [34m[1mGenerating include/moving/moc_mainwindow.cpp[0m
[0.045s] [35m[1mConsolidate compiler generated dependencies of target moving_node[0m
[0.063s] [ 18%] [32mBuilding CXX object CMakeFiles/moving_node.dir/src/mainwindow.cpp.o[0m
[0.063s] [ 27%] [32mBuilding CXX object CMakeFiles/moving_node.dir/src/main.cpp.o[0m
[0.064s] [ 36%] [32mBuilding CXX object CMakeFiles/moving_node.dir/include/moving/moc_mainwindow.cpp.o[0m
[1.717s] [01m[K/home/kgh/GITHUB/robit-ros2-homework/HW4/moving/src/mainwindow.cpp:[m[K In constructor â€˜[01m[KMainWindow::MainWindow(QWidget*)[m[Kâ€™:
[1.717s] [01m[K/home/kgh/GITHUB/robit-ros2-homework/HW4/moving/src/mainwindow.cpp:15:9:[m[K [01;31m[Kerror: [m[Kâ€˜[01m[Kclass Ui::MainWindowDesign[m[Kâ€™ has no member named â€˜[01m[Kmove_image[m[Kâ€™
[1.717s]    15 |     ui->[01;31m[Kmove_image[m[K->setScene(scene); // UIì—ì„œ characterë¼ëŠ” ì´ë¦„ì„ ê°€ì§„ QGraphicsView ì‚¬ìš©
[1.717s]       |         [01;31m[K^~~~~~~~~~[m[K
[1.722s] [01m[K/home/kgh/GITHUB/robit-ros2-homework/HW4/moving/src/mainwindow.cpp:[m[K In member function â€˜[01m[Kvirtual void MainWindow::keyPressEvent(QKeyEvent*)[m[Kâ€™:
[1.722s] [01m[K/home/kgh/GITHUB/robit-ros2-homework/HW4/moving/src/mainwindow.cpp:38:13:[m[K [01;31m[Kerror: [m[Kâ€˜[01m[Kcharacter[m[Kâ€™ was not declared in this scope; did you mean â€˜[01m[KcharacterX[m[Kâ€™?
[1.722s]    38 |             [01;31m[Kcharacter[m[K->setPos(characterX, characterY);
[1.722s]       |             [01;31m[K^~~~~~~~~[m[K
[1.722s]       |             [32m[KcharacterX[m[K
[1.726s] [01m[K/home/kgh/GITHUB/robit-ros2-homework/HW4/moving/src/mainwindow.cpp:55:13:[m[K [01;31m[Kerror: [m[Kâ€˜[01m[Kcharacter[m[Kâ€™ was not declared in this scope; did you mean â€˜[01m[KcharacterX[m[Kâ€™?
[1.726s]    55 |             [01;31m[Kcharacter[m[K->setPos(characterX, characterY);
[1.726s]       |             [01;31m[K^~~~~~~~~[m[K
[1.726s]       |             [32m[KcharacterX[m[K
[1.726s] [01m[K/home/kgh/GITHUB/robit-ros2-homework/HW4/moving/src/mainwindow.cpp:[m[K In member function â€˜[01m[Kvirtual void MainWindow::keyReleaseEvent(QKeyEvent*)[m[Kâ€™:
[1.726s] [01m[K/home/kgh/GITHUB/robit-ros2-homework/HW4/moving/src/mainwindow.cpp:63:45:[m[K [01;35m[Kwarning: [m[Kunused parameter â€˜[01m[Kevent[m[Kâ€™ [[01;35m[K]8;;https://gcc.gnu.org/onlinedocs/gcc/Warning-Options.html#index-Wunused-parameter-Wunused-parameter]8;;[m[K]
[1.726s]    63 | void MainWindow::keyReleaseEvent([01;35m[KQKeyEvent* event[m[K)
[1.726s]       |                                  [01;35m[K~~~~~~~~~~~^~~~~[m[K
[1.730s] [01m[K/home/kgh/GITHUB/robit-ros2-homework/HW4/moving/src/mainwindow.cpp:[m[K In destructor â€˜[01m[Kvirtual MainWindow::~MainWindow()[m[Kâ€™:
[1.730s] [01m[K/home/kgh/GITHUB/robit-ros2-homework/HW4/moving/src/mainwindow.cpp:76:12:[m[K [01;31m[Kerror: [m[Kâ€˜[01m[Kcharacter[m[Kâ€™ was not declared in this scope; did you mean â€˜[01m[KcharacterX[m[Kâ€™?
[1.730s]    76 |     delete [01;31m[Kcharacter[m[K; // character í•´ì œ
[1.730s]       |            [01;31m[K^~~~~~~~~[m[K
[1.730s]       |            [32m[KcharacterX[m[K
[2.255s] gmake[2]: *** [CMakeFiles/moving_node.dir/build.make:110: CMakeFiles/moving_node.dir/src/mainwindow.cpp.o] Error 1
[2.255s] gmake[2]: *** Waiting for unfinished jobs....
[2.259s] gmake[1]: *** [CMakeFiles/Makefile2:137: CMakeFiles/moving_node.dir/all] Error 2
[2.259s] gmake: *** [Makefile:146: all] Error 2
[2.262s] Invoked command in '/home/kgh/GITHUB/robit-ros2-homework/HW4/moving/build/moving' returned '2': CMAKE_PREFIX_PATH=${CMAKE_PREFIX_PATH}:/opt/ros/humble /usr/bin/cmake --build /home/kgh/GITHUB/robit-ros2-homework/HW4/moving/build/moving -- -j20 -l20
