In file included from [01m[K/home/kgh/GITHUB/robit-ros2-homework/HW3/ui_test/src/main.cpp:1[m[K:
[01m[K/home/kgh/GITHUB/robit-ros2-homework/HW3/ui_test/include/mainwindow.h:30:23:[m[K [01;31m[Kerror: [m[Kâ€˜[01m[Kcustom_msgs_pkg[m[Kâ€™ was not declared in this scope
   30 |     rclcpp::Publisher<[01;31m[Kcustom_msgs_pkg[m[K::msg::Num>::SharedPtr publisher_;  // ìˆ˜ì •ëœ ë¶€ë¶„
      |                       [01;31m[K^~~~~~~~~~~~~~~[m[K
[01m[K/home/kgh/GITHUB/robit-ros2-homework/HW3/ui_test/include/mainwindow.h:30:48:[m[K [01;31m[Kerror: [m[Ktemplate argument 1 is invalid
   30 |     rclcpp::Publisher<custom_msgs_pkg::msg::Num[01;31m[K>[m[K::SharedPtr publisher_;  // ìˆ˜ì •ëœ ë¶€ë¶„
      |                                                [01;31m[K^[m[K
[01m[K/home/kgh/GITHUB/robit-ros2-homework/HW3/ui_test/include/mainwindow.h:30:51:[m[K [01;31m[Kerror: [m[Kexpected â€˜[01m[K;[m[Kâ€™ at end of member declaration
   30 |     rclcpp::Publisher<custom_msgs_pkg::msg::Num>::[01;31m[KSharedPtr[m[K publisher_;  // ìˆ˜ì •ëœ ë¶€ë¶„
      |                                                   [01;31m[K^~~~~~~~~[m[K
      |                                                            [32m[K;[m[K
In file included from [01m[K/home/kgh/GITHUB/robit-ros2-homework/HW3/ui_test/src/mainwindow.cpp:1[m[K:
[01m[K/home/kgh/GITHUB/robit-ros2-homework/HW3/ui_test/include/mainwindow.h:30:23:[m[K [01;31m[Kerror: [m[Kâ€˜[01m[Kcustom_msgs_pkg[m[Kâ€™ was not declared in this scope
   30 |     rclcpp::Publisher<[01;31m[Kcustom_msgs_pkg[m[K::msg::Num>::SharedPtr publisher_;  // ìˆ˜ì •ëœ ë¶€ë¶„
      |                       [01;31m[K^~~~~~~~~~~~~~~[m[K
[01m[K/home/kgh/GITHUB/robit-ros2-homework/HW3/ui_test/include/mainwindow.h:30:48:[m[K [01;31m[Kerror: [m[Ktemplate argument 1 is invalid
   30 |     rclcpp::Publisher<custom_msgs_pkg::msg::Num[01;31m[K>[m[K::SharedPtr publisher_;  // ìˆ˜ì •ëœ ë¶€ë¶„
      |                                                [01;31m[K^[m[K
[01m[K/home/kgh/GITHUB/robit-ros2-homework/HW3/ui_test/include/mainwindow.h:30:51:[m[K [01;31m[Kerror: [m[Kexpected â€˜[01m[K;[m[Kâ€™ at end of member declaration
   30 |     rclcpp::Publisher<custom_msgs_pkg::msg::Num>::[01;31m[KSharedPtr[m[K publisher_;  // ìˆ˜ì •ëœ ë¶€ë¶„
      |                                                   [01;31m[K^~~~~~~~~[m[K
      |                                                            [32m[K;[m[K
[01m[K/home/kgh/GITHUB/robit-ros2-homework/HW3/ui_test/include/mainwindow.h:30:61:[m[K [01;31m[Kerror: [m[Kâ€˜[01m[Kpublisher_[m[Kâ€™ does not name a type; did you mean â€˜[01m[Krmw_publisher_t[m[Kâ€™?
   30 |     rclcpp::Publisher<custom_msgs_pkg::msg::Num>::SharedPtr [01;31m[Kpublisher_[m[K;  // ìˆ˜ì •ëœ ë¶€ë¶„
      |                                                             [01;31m[K^~~~~~~~~~[m[K
      |                                                             [32m[Krmw_publisher_t[m[K
[01m[K/home/kgh/GITHUB/robit-ros2-homework/HW3/ui_test/include/mainwindow.h:30:61:[m[K [01;31m[Kerror: [m[Kâ€˜[01m[Kpublisher_[m[Kâ€™ does not name a type; did you mean â€˜[01m[Krmw_publisher_t[m[Kâ€™?
   30 |     rclcpp::Publisher<custom_msgs_pkg::msg::Num>::SharedPtr [01;31m[Kpublisher_[m[K;  // ìˆ˜ì •ëœ ë¶€ë¶„
      |                                                             [01;31m[K^~~~~~~~~~[m[K
      |                                                             [32m[Krmw_publisher_t[m[K
In file included from [01m[K/home/kgh/GITHUB/robit-ros2-homework/HW3/build/ui_test/include/moc_mainwindow.cpp:10[m[K:
[01m[K/home/kgh/GITHUB/robit-ros2-homework/HW3/build/ui_test/include/../../../ui_test/include/mainwindow.h:30:23:[m[K [01;31m[Kerror: [m[Kâ€˜[01m[Kcustom_msgs_pkg[m[Kâ€™ was not declared in this scope
   30 |     rclcpp::Publisher<[01;31m[Kcustom_msgs_pkg[m[K::msg::Num>::SharedPtr publisher_;  // ìˆ˜ì •ëœ ë¶€ë¶„
      |                       [01;31m[K^~~~~~~~~~~~~~~[m[K
[01m[K/home/kgh/GITHUB/robit-ros2-homework/HW3/build/ui_test/include/../../../ui_test/include/mainwindow.h:30:48:[m[K [01;31m[Kerror: [m[Ktemplate argument 1 is invalid
   30 |     rclcpp::Publisher<custom_msgs_pkg::msg::Num[01;31m[K>[m[K::SharedPtr publisher_;  // ìˆ˜ì •ëœ ë¶€ë¶„
      |                                                [01;31m[K^[m[K
[01m[K/home/kgh/GITHUB/robit-ros2-homework/HW3/build/ui_test/include/../../../ui_test/include/mainwindow.h:30:51:[m[K [01;31m[Kerror: [m[Kexpected â€˜[01m[K;[m[Kâ€™ at end of member declaration
   30 |     rclcpp::Publisher<custom_msgs_pkg::msg::Num>::[01;31m[KSharedPtr[m[K publisher_;  // ìˆ˜ì •ëœ ë¶€ë¶„
      |                                                   [01;31m[K^~~~~~~~~[m[K
      |                                                            [32m[K;[m[K
[01m[K/home/kgh/GITHUB/robit-ros2-homework/HW3/build/ui_test/include/../../../ui_test/include/mainwindow.h:30:61:[m[K [01;31m[Kerror: [m[Kâ€˜[01m[Kpublisher_[m[Kâ€™ does not name a type; did you mean â€˜[01m[Krmw_publisher_t[m[Kâ€™?
   30 |     rclcpp::Publisher<custom_msgs_pkg::msg::Num>::SharedPtr [01;31m[Kpublisher_[m[K;  // ìˆ˜ì •ëœ ë¶€ë¶„
      |                                                             [01;31m[K^~~~~~~~~~[m[K
      |                                                             [32m[Krmw_publisher_t[m[K
[01m[K/home/kgh/GITHUB/robit-ros2-homework/HW3/ui_test/src/mainwindow.cpp:[m[K In constructor â€˜[01m[KMainWindow::MainWindow(QWidget*)[m[Kâ€™:
[01m[K/home/kgh/GITHUB/robit-ros2-homework/HW3/ui_test/src/mainwindow.cpp:9:5:[m[K [01;31m[Kerror: [m[Kâ€˜[01m[Kpublisher_[m[Kâ€™ was not declared in this scope; did you mean â€˜[01m[Krmw_publisher_t[m[Kâ€™?
    9 |     [01;31m[Kpublisher_[m[K = node_->create_publisher<turtle_interface::msg::Num>("direction_topic", 10);  // ìˆ˜ì •ëœ ë¶€ë¶„
      |     [01;31m[K^~~~~~~~~~[m[K
      |     [32m[Krmw_publisher_t[m[K
[01m[K/home/kgh/GITHUB/robit-ros2-homework/HW3/ui_test/src/mainwindow.cpp:[m[K In member function â€˜[01m[Kvoid MainWindow::publishDirection(double, double)[m[Kâ€™:
[01m[K/home/kgh/GITHUB/robit-ros2-homework/HW3/ui_test/src/mainwindow.cpp:20:9:[m[K [01;31m[Kerror: [m[Kâ€˜[01m[Kstruct turtle_interface::msg::Num_<std::allocator<void> >[m[Kâ€™ has no member named â€˜[01m[Kmessage[m[Kâ€™
   20 |     msg.[01;31m[Kmessage[m[K = "Linear: " + std::to_string(linear) + ", Angular: " + std::to_string(angular);
      |         [01;31m[K^~~~~~~[m[K
[01m[K/home/kgh/GITHUB/robit-ros2-homework/HW3/ui_test/src/mainwindow.cpp:21:5:[m[K [01;31m[Kerror: [m[Kâ€˜[01m[Kpublisher_[m[Kâ€™ was not declared in this scope; did you mean â€˜[01m[Krmw_publisher_t[m[Kâ€™?
   21 |     [01;31m[Kpublisher_[m[K->publish(msg);
      |     [01;31m[K^~~~~~~~~~[m[K
      |     [32m[Krmw_publisher_t[m[K
gmake[2]: *** [CMakeFiles/ui_test.dir/build.make:112: CMakeFiles/ui_test.dir/include/moc_mainwindow.cpp.o] Error 1
gmake[2]: *** Waiting for unfinished jobs....
gmake[2]: *** [CMakeFiles/ui_test.dir/build.make:84: CMakeFiles/ui_test.dir/src/main.cpp.o] Error 1
gmake[2]: *** [CMakeFiles/ui_test.dir/build.make:98: CMakeFiles/ui_test.dir/src/mainwindow.cpp.o] Error 1
gmake[1]: *** [CMakeFiles/Makefile2:137: CMakeFiles/ui_test.dir/all] Error 2
gmake: *** [Makefile:146: all] Error 2
