[0.007s] Invoking command in '/home/kgh/GITHUB/robit-ros2-homework/HW4/moving/build/moving': CMAKE_PREFIX_PATH=${CMAKE_PREFIX_PATH}:/opt/ros/humble /usr/bin/cmake --build /home/kgh/GITHUB/robit-ros2-homework/HW4/moving/build/moving -- -j20 -l20
[0.037s] [35m[1mConsolidate compiler generated dependencies of target moving_node[0m
[0.054s] [  9%] [32mBuilding CXX object CMakeFiles/moving_node.dir/src/main.cpp.o[0m
[1.465s] [01m[K/home/kgh/GITHUB/robit-ros2-homework/HW4/moving/src/main.cpp:[m[K In function â€˜[01m[Kint main(int, char**)[m[Kâ€™:
[1.465s] [01m[K/home/kgh/GITHUB/robit-ros2-homework/HW4/moving/src/main.cpp:7:22:[m[K [01;31m[Kerror: [m[Kvariable â€˜[01m[KQApplication app[m[Kâ€™ has initializer but incomplete type
[1.465s]     7 |     QApplication app([01;31m[Kargc[m[K, argv);
[1.465s]       |                      [01;31m[K^~~~[m[K
[1.743s] gmake[2]: *** [CMakeFiles/moving_node.dir/build.make:96: CMakeFiles/moving_node.dir/src/main.cpp.o] Error 1
[1.744s] gmake[1]: *** [CMakeFiles/Makefile2:137: CMakeFiles/moving_node.dir/all] Error 2
[1.744s] gmake: *** [Makefile:146: all] Error 2
[1.746s] Invoked command in '/home/kgh/GITHUB/robit-ros2-homework/HW4/moving/build/moving' returned '2': CMAKE_PREFIX_PATH=${CMAKE_PREFIX_PATH}:/opt/ros/humble /usr/bin/cmake --build /home/kgh/GITHUB/robit-ros2-homework/HW4/moving/build/moving -- -j20 -l20
