[  9%] [34m[1mGenerating include/button/moc_qnode.cpp[0m
[35m[1mConsolidate compiler generated dependencies of target button_node[0m
[ 18%] [32mBuilding CXX object CMakeFiles/button_node.dir/include/button/moc_qnode.cpp.o[0m
[ 27%] [32mBuilding CXX object CMakeFiles/button_node.dir/src/main.cpp.o[0m
[ 36%] [32mBuilding CXX object CMakeFiles/button_node.dir/src/mainwindow.cpp.o[0m
[ 45%] [32mBuilding CXX object CMakeFiles/button_node.dir/src/qnode.cpp.o[0m
[ 54%] [32mBuilding CXX object CMakeFiles/button_node.dir/include/button/moc_mainwindow.cpp.o[0m
[ 63%] [32m[1mLinking CXX executable button_node[0m
/usr/bin/ld: CMakeFiles/button_node.dir/src/main.cpp.o: in function `main':
main.cpp:(.text+0x69): undefined reference to `MainWindow::~MainWindow()'
/usr/bin/ld: main.cpp:(.text+0x9b): undefined reference to `MainWindow::~MainWindow()'
/usr/bin/ld: CMakeFiles/button_node.dir/include/button/moc_mainwindow.cpp.o:(.data.rel.ro._ZTV10MainWindow[_ZTV10MainWindow]+0x28): undefined reference to `MainWindow::~MainWindow()'
/usr/bin/ld: CMakeFiles/button_node.dir/include/button/moc_mainwindow.cpp.o:(.data.rel.ro._ZTV10MainWindow[_ZTV10MainWindow]+0x30): undefined reference to `MainWindow::~MainWindow()'
/usr/bin/ld: CMakeFiles/button_node.dir/include/button/moc_mainwindow.cpp.o:(.data.rel.ro._ZTV10MainWindow[_ZTV10MainWindow]+0x118): undefined reference to `MainWindow::closeEvent(QCloseEvent*)'
/usr/bin/ld: CMakeFiles/button_node.dir/include/button/moc_mainwindow.cpp.o:(.data.rel.ro._ZTV10MainWindow[_ZTV10MainWindow]+0x1c8): undefined reference to `non-virtual thunk to MainWindow::~MainWindow()'
/usr/bin/ld: CMakeFiles/button_node.dir/include/button/moc_mainwindow.cpp.o:(.data.rel.ro._ZTV10MainWindow[_ZTV10MainWindow]+0x1d0): undefined reference to `non-virtual thunk to MainWindow::~MainWindow()'
collect2: error: ld returned 1 exit status
gmake[2]: *** [CMakeFiles/button_node.dir/build.make:260: button_node] Error 1
gmake[1]: *** [CMakeFiles/Makefile2:137: CMakeFiles/button_node.dir/all] Error 2
gmake: *** [Makefile:146: all] Error 2
