[01m[K/home/kgh/GITHUB/robit-ros2-homework/HW3/ui_test/src/mainwindow.cpp:[m[K In constructor ‚Äò[01m[KMainWindow::MainWindow(QWidget*)[m[K‚Äô:
[01m[K/home/kgh/GITHUB/robit-ros2-homework/HW3/ui_test/src/mainwindow.cpp:18:5:[m[K [01;31m[Kerror: [m[K‚Äò[01m[Kstring_publisher_[m[K‚Äô was not declared in this scope; did you mean ‚Äò[01m[Krmw_publisher_t[m[K‚Äô?
   18 |     [01;31m[Kstring_publisher_[m[K = node_->create_publisher<std_msgs::msg::String>("turtle_direction", 10);
      |     [01;31m[K^~~~~~~~~~~~~~~~~[m[K
      |     [32m[Krmw_publisher_t[m[K
[01m[K/home/kgh/GITHUB/robit-ros2-homework/HW3/ui_test/src/mainwindow.cpp:[m[K At global scope:
[01m[K/home/kgh/GITHUB/robit-ros2-homework/HW3/ui_test/src/mainwindow.cpp:27:6:[m[K [01;31m[Kerror: [m[Kno declaration matches ‚Äò[01m[Kvoid MainWindow::publishDirection(const string&)[m[K‚Äô
   27 | void [01;31m[KMainWindow[m[K::publishDirection(const std::string &direction)
      |      [01;31m[K^~~~~~~~~~[m[K
[01m[K/home/kgh/GITHUB/robit-ros2-homework/HW3/ui_test/src/mainwindow.cpp:27:6:[m[K [01;36m[Knote: [m[Kno functions named ‚Äò[01m[Kvoid MainWindow::publishDirection(const string&)[m[K‚Äô
In file included from [01m[K/home/kgh/GITHUB/robit-ros2-homework/HW3/ui_test/src/mainwindow.cpp:1[m[K:
[01m[K/home/kgh/GITHUB/robit-ros2-homework/HW3/ui_test/include/mainwindow.h:17:7:[m[K [01;36m[Knote: [m[K‚Äò[01m[Kclass MainWindow[m[K‚Äô defined here
   17 | class [01;36m[KMainWindow[m[K : public QMainWindow {
      |       [01;36m[K^~~~~~~~~~[m[K
[01m[K/home/kgh/GITHUB/robit-ros2-homework/HW3/ui_test/src/mainwindow.cpp:[m[K In member function ‚Äò[01m[Kvoid MainWindow::on_up_button_clicked()[m[K‚Äô:
[01m[K/home/kgh/GITHUB/robit-ros2-homework/HW3/ui_test/src/mainwindow.cpp:39:5:[m[K [01;31m[Kerror: [m[K‚Äò[01m[KpublishDirection[m[K‚Äô was not declared in this scope
   39 |     [01;31m[KpublishDirection[m[K("up");  // "up" Î∞©Ìñ• Î©îÏãúÏßÄ ÌçºÎ∏îÎ¶¨Ïãú
      |     [01;31m[K^~~~~~~~~~~~~~~~[m[K
[01m[K/home/kgh/GITHUB/robit-ros2-homework/HW3/ui_test/src/mainwindow.cpp:[m[K In member function ‚Äò[01m[Kvoid MainWindow::on_left_button_clicked()[m[K‚Äô:
[01m[K/home/kgh/GITHUB/robit-ros2-homework/HW3/ui_test/src/mainwindow.cpp:45:5:[m[K [01;31m[Kerror: [m[K‚Äò[01m[KpublishDirection[m[K‚Äô was not declared in this scope
   45 |     [01;31m[KpublishDirection[m[K("left");  // "left" Î∞©Ìñ• Î©îÏãúÏßÄ ÌçºÎ∏îÎ¶¨Ïãú
      |     [01;31m[K^~~~~~~~~~~~~~~~[m[K
[01m[K/home/kgh/GITHUB/robit-ros2-homework/HW3/ui_test/src/mainwindow.cpp:[m[K In member function ‚Äò[01m[Kvoid MainWindow::on_down_button_clicked()[m[K‚Äô:
[01m[K/home/kgh/GITHUB/robit-ros2-homework/HW3/ui_test/src/mainwindow.cpp:51:5:[m[K [01;31m[Kerror: [m[K‚Äò[01m[KpublishDirection[m[K‚Äô was not declared in this scope
   51 |     [01;31m[KpublishDirection[m[K("down");  // "down" Î∞©Ìñ• Î©îÏãúÏßÄ ÌçºÎ∏îÎ¶¨Ïãú
      |     [01;31m[K^~~~~~~~~~~~~~~~[m[K
[01m[K/home/kgh/GITHUB/robit-ros2-homework/HW3/ui_test/src/mainwindow.cpp:[m[K In member function ‚Äò[01m[Kvoid MainWindow::on_right_button_clicked()[m[K‚Äô:
[01m[K/home/kgh/GITHUB/robit-ros2-homework/HW3/ui_test/src/mainwindow.cpp:57:5:[m[K [01;31m[Kerror: [m[K‚Äò[01m[KpublishDirection[m[K‚Äô was not declared in this scope
   57 |     [01;31m[KpublishDirection[m[K("right");  // "right" Î∞©Ìñ• Î©îÏãúÏßÄ ÌçºÎ∏îÎ¶¨Ïãú
      |     [01;31m[K^~~~~~~~~~~~~~~~[m[K
gmake[2]: *** [CMakeFiles/ui_test.dir/build.make:104: CMakeFiles/ui_test.dir/src/mainwindow.cpp.o] Error 1
gmake[1]: *** [CMakeFiles/Makefile2:137: CMakeFiles/ui_test.dir/all] Error 2
gmake: *** [Makefile:146: all] Error 2
