-- The C compiler identification is GNU 11.4.0
-- The CXX compiler identification is GNU 11.4.0
-- Detecting C compiler ABI info
-- Detecting C compiler ABI info - done
-- Check for working C compiler: /usr/bin/cc - skipped
-- Detecting C compile features
-- Detecting C compile features - done
-- Detecting CXX compiler ABI info
-- Detecting CXX compiler ABI info - done
-- Check for working CXX compiler: /usr/bin/c++ - skipped
-- Detecting CXX compile features
-- Detecting CXX compile features - done
-- Found ament_cmake: 1.3.10 (/opt/ros/humble/share/ament_cmake/cmake)
-- Found Python3: /usr/bin/python3 (found version "3.10.12") found components: Interpreter 
-- Found rclcpp: 16.0.10 (/opt/ros/humble/share/rclcpp/cmake)
-- Found rosidl_generator_c: 3.1.5 (/opt/ros/humble/share/rosidl_generator_c/cmake)
-- Found rosidl_adapter: 3.1.5 (/opt/ros/humble/share/rosidl_adapter/cmake)
-- Found rosidl_generator_cpp: 3.1.5 (/opt/ros/humble/share/rosidl_generator_cpp/cmake)
-- Using all available rosidl_typesupport_c: rosidl_typesupport_fastrtps_c;rosidl_typesupport_introspection_c
-- Using all available rosidl_typesupport_cpp: rosidl_typesupport_fastrtps_cpp;rosidl_typesupport_introspection_cpp
-- Found rmw_implementation_cmake: 6.1.2 (/opt/ros/humble/share/rmw_implementation_cmake/cmake)
-- Found rmw_fastrtps_cpp: 6.2.7 (/opt/ros/humble/share/rmw_fastrtps_cpp/cmake)
-- Found OpenSSL: /usr/lib/x86_64-linux-gnu/libcrypto.so (found version "3.0.2")  
-- Found FastRTPS: /opt/ros/humble/include  
-- Using RMW implementation 'rmw_fastrtps_cpp' as default
-- Looking for pthread.h
-- Looking for pthread.h - found
-- Performing Test CMAKE_HAVE_LIBC_PTHREAD
-- Performing Test CMAKE_HAVE_LIBC_PTHREAD - Success
-- Found Threads: TRUE  
-- Found Qt5: 5.15.3
-- Found ament_lint_auto: 0.12.11 (/opt/ros/humble/share/ament_lint_auto/cmake)
-- Added test 'copyright' to check source files copyright and LICENSE
-- Added test 'cppcheck' to perform static code analysis on C / C++ code
-- Configured cppcheck include dirs: /home/kgh/GITHUB/robit-ros2-homework/HW3/ui_test/include;/home/kgh/GITHUB/robit-ros2-homework/HW3/ui_test/build/ui_test
-- Configured cppcheck exclude dirs and/or files: 
-- Added test 'lint_cmake' to check CMake code style
-- Added test 'uncrustify' to check C / C++ code style
-- Configured uncrustify additional arguments: 
-- Added test 'xmllint' to check XML markup files
-- Configuring done
-- Generating done
-- Build files have been written to: /home/kgh/GITHUB/robit-ros2-homework/HW3/ui_test/build/ui_test
[ 12%] [34m[1mGenerating ui_mainwindow.h[0m
[ 25%] [34m[1mGenerating include/moc_mainwindow.cpp[0m
[ 37%] [34m[1mGenerating qrc_resources.cpp[0m
[ 50%] [32mBuilding CXX object CMakeFiles/ui_test.dir/src/main.cpp.o[0m
[ 62%] [32mBuilding CXX object CMakeFiles/ui_test.dir/include/moc_mainwindow.cpp.o[0m
[ 75%] [32mBuilding CXX object CMakeFiles/ui_test.dir/src/mainwindow.cpp.o[0m
[ 87%] [32mBuilding CXX object CMakeFiles/ui_test.dir/qrc_resources.cpp.o[0m
[01m[K/home/kgh/GITHUB/robit-ros2-homework/HW3/ui_test/src/mainwindow.cpp:[m[K In constructor ‚Äò[01m[KMainWindow::MainWindow(QWidget*)[m[K‚Äô:
[01m[K/home/kgh/GITHUB/robit-ros2-homework/HW3/ui_test/src/mainwindow.cpp:18:5:[m[K [01;31m[Kerror: [m[K‚Äò[01m[Kstring_publisher_[m[K‚Äô was not declared in this scope; did you mean ‚Äò[01m[Krmw_publisher_t[m[K‚Äô?
   18 |     [01;31m[Kstring_publisher_[m[K = node_->create_publisher<std_msgs::msg::String>("turtle_direction", 10);
      |     [01;31m[K^~~~~~~~~~~~~~~~~[m[K
      |     [32m[Krmw_publisher_t[m[K
[01m[K/home/kgh/GITHUB/robit-ros2-homework/HW3/ui_test/src/mainwindow.cpp:[m[K At global scope:
[01m[K/home/kgh/GITHUB/robit-ros2-homework/HW3/ui_test/src/mainwindow.cpp:27:6:[m[K [01;31m[Kerror: [m[Kno declaration matches ‚Äò[01m[Kvoid MainWindow::publishDirection(const string&)[m[K‚Äô
   27 | void [01;31m[KMainWindow[m[K::publishDirection(const std::string &direction)
      |      [01;31m[K^~~~~~~~~~[m[K
[01m[K/home/kgh/GITHUB/robit-ros2-homework/HW3/ui_test/src/mainwindow.cpp:27:6:[m[K [01;36m[Knote: [m[Kno functions named ‚Äò[01m[Kvoid MainWindow::publishDirection(const string&)[m[K‚Äô
In file included from [01m[K/home/kgh/GITHUB/robit-ros2-homework/HW3/ui_test/src/mainwindow.cpp:1[m[K:
[01m[K/home/kgh/GITHUB/robit-ros2-homework/HW3/ui_test/include/mainwindow.h:17:7:[m[K [01;36m[Knote: [m[K‚Äò[01m[Kclass MainWindow[m[K‚Äô defined here
   17 | class [01;36m[KMainWindow[m[K : public QMainWindow {
      |       [01;36m[K^~~~~~~~~~[m[K
[01m[K/home/kgh/GITHUB/robit-ros2-homework/HW3/ui_test/src/mainwindow.cpp:[m[K In member function ‚Äò[01m[Kvoid MainWindow::on_up_button_clicked()[m[K‚Äô:
[01m[K/home/kgh/GITHUB/robit-ros2-homework/HW3/ui_test/src/mainwindow.cpp:39:5:[m[K [01;31m[Kerror: [m[K‚Äò[01m[KpublishDirection[m[K‚Äô was not declared in this scope
   39 |     [01;31m[KpublishDirection[m[K("up");  // "up" Î∞©Ìñ• Î©îÏãúÏßÄ ÌçºÎ∏îÎ¶¨Ïãú
      |     [01;31m[K^~~~~~~~~~~~~~~~[m[K
[01m[K/home/kgh/GITHUB/robit-ros2-homework/HW3/ui_test/src/mainwindow.cpp:[m[K In member function ‚Äò[01m[Kvoid MainWindow::on_left_button_clicked()[m[K‚Äô:
[01m[K/home/kgh/GITHUB/robit-ros2-homework/HW3/ui_test/src/mainwindow.cpp:45:5:[m[K [01;31m[Kerror: [m[K‚Äò[01m[KpublishDirection[m[K‚Äô was not declared in this scope
   45 |     [01;31m[KpublishDirection[m[K("left");  // "left" Î∞©Ìñ• Î©îÏãúÏßÄ ÌçºÎ∏îÎ¶¨Ïãú
      |     [01;31m[K^~~~~~~~~~~~~~~~[m[K
[01m[K/home/kgh/GITHUB/robit-ros2-homework/HW3/ui_test/src/mainwindow.cpp:[m[K In member function ‚Äò[01m[Kvoid MainWindow::on_down_button_clicked()[m[K‚Äô:
[01m[K/home/kgh/GITHUB/robit-ros2-homework/HW3/ui_test/src/mainwindow.cpp:51:5:[m[K [01;31m[Kerror: [m[K‚Äò[01m[KpublishDirection[m[K‚Äô was not declared in this scope
   51 |     [01;31m[KpublishDirection[m[K("down");  // "down" Î∞©Ìñ• Î©îÏãúÏßÄ ÌçºÎ∏îÎ¶¨Ïãú
      |     [01;31m[K^~~~~~~~~~~~~~~~[m[K
[01m[K/home/kgh/GITHUB/robit-ros2-homework/HW3/ui_test/src/mainwindow.cpp:[m[K In member function ‚Äò[01m[Kvoid MainWindow::on_right_button_clicked()[m[K‚Äô:
[01m[K/home/kgh/GITHUB/robit-ros2-homework/HW3/ui_test/src/mainwindow.cpp:57:5:[m[K [01;31m[Kerror: [m[K‚Äò[01m[KpublishDirection[m[K‚Äô was not declared in this scope
   57 |     [01;31m[KpublishDirection[m[K("right");  // "right" Î∞©Ìñ• Î©îÏãúÏßÄ ÌçºÎ∏îÎ¶¨Ïãú
      |     [01;31m[K^~~~~~~~~~~~~~~~[m[K
gmake[2]: *** [CMakeFiles/ui_test.dir/build.make:104: CMakeFiles/ui_test.dir/src/mainwindow.cpp.o] Error 1
gmake[1]: *** [CMakeFiles/Makefile2:137: CMakeFiles/ui_test.dir/all] Error 2
gmake: *** [Makefile:146: all] Error 2
