[0.006s] Invoking command in '/home/kgh/GITHUB/robit-ros2-homework/HW4/button/build/button': CMAKE_PREFIX_PATH=${CMAKE_PREFIX_PATH}:/opt/ros/humble /usr/bin/cmake --build /home/kgh/GITHUB/robit-ros2-homework/HW4/button/build/button -- -j20 -l20
[0.037s] [35m[1mConsolidate compiler generated dependencies of target button_node[0m
[0.055s] [  9%] [32mBuilding CXX object CMakeFiles/button_node.dir/src/qnode.cpp.o[0m
[1.341s] [01m[K/home/kgh/GITHUB/robit-ros2-homework/HW4/button/src/qnode.cpp:[m[K In member function â€˜[01m[Kvoid QNode::init()[m[Kâ€™:
[1.341s] [01m[K/home/kgh/GITHUB/robit-ros2-homework/HW4/button/src/qnode.cpp:26:5:[m[K [01;31m[Kerror: [m[Kâ€˜[01m[Ksubscription_[m[Kâ€™ was not declared in this scope; did you mean â€˜[01m[Krmw_subscription_t[m[Kâ€™?
[1.341s]    26 |     [01;31m[Ksubscription_[m[K = node->create_subscription<std_msgs::msg::String>(
[1.341s]       |     [01;31m[K^~~~~~~~~~~~~[m[K
[1.341s]       |     [32m[Krmw_subscription_t[m[K
[1.341s] [01m[K/home/kgh/GITHUB/robit-ros2-homework/HW4/button/src/qnode.cpp:29:27:[m[K [01;31m[Kerror: [m[Kâ€˜[01m[KmessageCallback[m[Kâ€™ is not a member of â€˜[01m[KQNode[m[Kâ€™
[1.341s]    29 |         std::bind(&QNode::[01;31m[KmessageCallback[m[K, this, std::placeholders::_1) // ì½œë°± í•¨ìˆ˜ ì—°ê²°
[1.341s]       |                           [01;31m[K^~~~~~~~~~~~~~~[m[K
[1.341s] [01m[K/home/kgh/GITHUB/robit-ros2-homework/HW4/button/src/qnode.cpp:[m[K At global scope:
[1.341s] [01m[K/home/kgh/GITHUB/robit-ros2-homework/HW4/button/src/qnode.cpp:40:6:[m[K [01;31m[Kerror: [m[Kno declaration matches â€˜[01m[Kvoid QNode::messageCallback(std_msgs::msg::String_<std::allocator<void> >::SharedPtr)[m[Kâ€™
[1.341s]    40 | void [01;31m[KQNode[m[K::messageCallback(const std_msgs::msg::String::SharedPtr msg)
[1.341s]       |      [01;31m[K^~~~~[m[K
[1.341s] [01m[K/home/kgh/GITHUB/robit-ros2-homework/HW4/button/src/qnode.cpp:40:6:[m[K [01;36m[Knote: [m[Kno functions named â€˜[01m[Kvoid QNode::messageCallback(std_msgs::msg::String_<std::allocator<void> >::SharedPtr)[m[Kâ€™
[1.341s] In file included from [01m[K/home/kgh/GITHUB/robit-ros2-homework/HW4/button/src/qnode.cpp:1[m[K:
[1.341s] [01m[K/home/kgh/GITHUB/robit-ros2-homework/HW4/button/src/../include/button/qnode.hpp:10:7:[m[K [01;36m[Knote: [m[Kâ€˜[01m[Kclass QNode[m[Kâ€™ defined here
[1.341s]    10 | class [01;36m[KQNode[m[K : public QThread
[1.341s]       |       [01;36m[K^~~~~[m[K
[1.773s] gmake[2]: *** [CMakeFiles/button_node.dir/build.make:122: CMakeFiles/button_node.dir/src/qnode.cpp.o] Error 1
[1.773s] gmake[1]: *** [CMakeFiles/Makefile2:137: CMakeFiles/button_node.dir/all] Error 2
[1.773s] gmake: *** [Makefile:146: all] Error 2
[1.776s] Invoked command in '/home/kgh/GITHUB/robit-ros2-homework/HW4/button/build/button' returned '2': CMAKE_PREFIX_PATH=${CMAKE_PREFIX_PATH}:/opt/ros/humble /usr/bin/cmake --build /home/kgh/GITHUB/robit-ros2-homework/HW4/button/build/button -- -j20 -l20
