[0.007s] Invoking command in '/home/kgh/GITHUB/robit-ros2-homework/HW4/moving/build/moving': CMAKE_PREFIX_PATH=${CMAKE_PREFIX_PATH}:/opt/ros/humble /usr/bin/cmake --build /home/kgh/GITHUB/robit-ros2-homework/HW4/moving/build/moving -- -j20 -l20
[0.039s] [  9%] [34m[1mGenerating include/moving/moc_mainwindow.cpp[0m
[0.049s] [35m[1mConsolidate compiler generated dependencies of target moving_node[0m
[0.068s] [ 18%] [32mBuilding CXX object CMakeFiles/moving_node.dir/src/qnode.cpp.o[0m
[0.069s] [ 27%] [32mBuilding CXX object CMakeFiles/moving_node.dir/src/main.cpp.o[0m
[0.069s] [ 36%] [32mBuilding CXX object CMakeFiles/moving_node.dir/src/mainwindow.cpp.o[0m
[0.070s] [ 45%] [32mBuilding CXX object CMakeFiles/moving_node.dir/include/moving/moc_mainwindow.cpp.o[0m
[1.798s] [01m[K/home/kgh/GITHUB/robit-ros2-homework/HW4/moving/src/qnode.cpp:55:25:[m[K [01;31m[Kerror: [m[Kno declaration matches ‚Äò[01m[Krclcpp::Node::SharedPtr QNode::getNode() const[m[K‚Äô
[1.798s]    55 | rclcpp::Node::SharedPtr [01;31m[KQNode[m[K::getNode() const {
[1.798s]       |                         [01;31m[K^~~~~[m[K
[1.798s] [01m[K/home/kgh/GITHUB/robit-ros2-homework/HW4/moving/src/qnode.cpp:55:25:[m[K [01;36m[Knote: [m[Kno functions named ‚Äò[01m[Krclcpp::Node::SharedPtr QNode::getNode() const[m[K‚Äô
[1.798s] In file included from [01m[K/home/kgh/GITHUB/robit-ros2-homework/HW4/moving/src/qnode.cpp:1[m[K:
[1.798s] [01m[K/home/kgh/GITHUB/robit-ros2-homework/HW4/moving/src/../include/moving/qnode.hpp:9:7:[m[K [01;36m[Knote: [m[K‚Äò[01m[Kclass QNode[m[K‚Äô defined here
[1.798s]     9 | class [01;36m[KQNode[m[K : public QThread
[1.798s]       |       [01;36m[K^~~~~[m[K
[2.029s] [01m[K/home/kgh/GITHUB/robit-ros2-homework/HW4/moving/src/mainwindow.cpp:[m[K In constructor ‚Äò[01m[KMainWindow::MainWindow(QWidget*, rclcpp::Node::SharedPtr)[m[K‚Äô:
[2.029s] [01m[K/home/kgh/GITHUB/robit-ros2-homework/HW4/moving/src/mainwindow.cpp:8:18:[m[K [01;31m[Kerror: [m[Kinvalid use of incomplete type ‚Äò[01m[Kclass Ui::MainWindowDesign[m[K‚Äô
[2.029s]     8 |       ui(new Ui::[01;31m[KMainWindowDesign[m[K),
[2.029s]       |                  [01;31m[K^~~~~~~~~~~~~~~~[m[K
[2.029s] In file included from [01m[K/home/kgh/GITHUB/robit-ros2-homework/HW4/moving/src/mainwindow.cpp:1[m[K:
[2.029s] [01m[K/home/kgh/GITHUB/robit-ros2-homework/HW4/moving/src/../include/moving/mainwindow.hpp:9:7:[m[K [01;36m[Knote: [m[Kforward declaration of ‚Äò[01m[Kclass Ui::MainWindowDesign[m[K‚Äô
[2.029s]     9 | class [01;36m[KMainWindowDesign[m[K; // Ui::MainWindowDesignÏóê ÎåÄÌïú Ï†ÑÎ∞© ÏÑ†Ïñ∏
[2.029s]       |       [01;36m[K^~~~~~~~~~~~~~~~[m[K
[2.029s] [01m[K/home/kgh/GITHUB/robit-ros2-homework/HW4/moving/src/mainwindow.cpp:13:7:[m[K [01;31m[Kerror: [m[Kinvalid use of incomplete type ‚Äò[01m[Kclass Ui::MainWindowDesign[m[K‚Äô
[2.029s]    13 |     ui[01;31m[K->[m[KsetupUi(this);
[2.029s]       |       [01;31m[K^~[m[K
[2.029s] In file included from [01m[K/home/kgh/GITHUB/robit-ros2-homework/HW4/moving/src/mainwindow.cpp:1[m[K:
[2.029s] [01m[K/home/kgh/GITHUB/robit-ros2-homework/HW4/moving/src/../include/moving/mainwindow.hpp:9:7:[m[K [01;36m[Knote: [m[Kforward declaration of ‚Äò[01m[Kclass Ui::MainWindowDesign[m[K‚Äô
[2.029s]     9 | class [01;36m[KMainWindowDesign[m[K; // Ui::MainWindowDesignÏóê ÎåÄÌïú Ï†ÑÎ∞© ÏÑ†Ïñ∏
[2.029s]       |       [01;36m[K^~~~~~~~~~~~~~~~[m[K
[2.031s] [01m[K/home/kgh/GITHUB/robit-ros2-homework/HW4/moving/src/mainwindow.cpp:[m[K In lambda function:
[2.031s] [01m[K/home/kgh/GITHUB/robit-ros2-homework/HW4/moving/src/mainwindow.cpp:35:34:[m[K [01;31m[Kerror: [m[K‚Äò[01m[Kclass QNode[m[K‚Äô has no member named ‚Äò[01m[KgetNode[m[K‚Äô; did you mean ‚Äò[01m[KQNode[m[K‚Äô?
[2.031s]    35 |         rclcpp::spin_some(qnode->[01;31m[KgetNode[m[K()); // QNodeÏùò ÎÖ∏ÎìúÎ•º ÌÜµÌï¥ ÏΩúÎ∞± Ï≤òÎ¶¨
[2.031s]       |                                  [01;31m[K^~~~~~~[m[K
[2.031s]       |                                  [32m[KQNode[m[K
[2.032s] [01m[K/home/kgh/GITHUB/robit-ros2-homework/HW4/moving/src/mainwindow.cpp:[m[K In destructor ‚Äò[01m[Kvirtual MainWindow::~MainWindow()[m[K‚Äô:
[2.033s] [01m[K/home/kgh/GITHUB/robit-ros2-homework/HW4/moving/src/mainwindow.cpp:75:5:[m[K [01;35m[Kwarning: [m[Kpossible problem detected in invocation of ‚Äò[01m[Koperator delete[m[K‚Äô [[01;35m[K]8;;https://gcc.gnu.org/onlinedocs/gcc/Warning-Options.html#index-Wdelete-incomplete-Wdelete-incomplete]8;;[m[K]
[2.033s]    75 |     [01;35m[Kdelete ui[m[K;
[2.033s]       |     [01;35m[K^~~~~~~~~[m[K
[2.033s] [01m[K/home/kgh/GITHUB/robit-ros2-homework/HW4/moving/src/mainwindow.cpp:75:12:[m[K [01;35m[Kwarning: [m[Kinvalid use of incomplete type ‚Äò[01m[Kclass Ui::MainWindowDesign[m[K‚Äô
[2.033s]    75 |     delete [01;35m[Kui[m[K;
[2.033s]       |            [01;35m[K^~[m[K
[2.033s] In file included from [01m[K/home/kgh/GITHUB/robit-ros2-homework/HW4/moving/src/mainwindow.cpp:1[m[K:
[2.033s] [01m[K/home/kgh/GITHUB/robit-ros2-homework/HW4/moving/src/../include/moving/mainwindow.hpp:9:7:[m[K [01;36m[Knote: [m[Kforward declaration of ‚Äò[01m[Kclass Ui::MainWindowDesign[m[K‚Äô
[2.033s]     9 | class [01;36m[KMainWindowDesign[m[K; // Ui::MainWindowDesignÏóê ÎåÄÌïú Ï†ÑÎ∞© ÏÑ†Ïñ∏
[2.033s]       |       [01;36m[K^~~~~~~~~~~~~~~~[m[K
[2.033s] [01m[K/home/kgh/GITHUB/robit-ros2-homework/HW4/moving/src/mainwindow.cpp:75:5:[m[K [01;36m[Knote: [m[Kneither the destructor nor the class-specific ‚Äò[01m[Koperator delete[m[K‚Äô will be called, even if they are declared when the class is defined
[2.033s]    75 |     [01;36m[Kdelete ui[m[K;
[2.033s]       |     [01;36m[K^~~~~~~~~[m[K
[2.647s] gmake[2]: *** [CMakeFiles/moving_node.dir/build.make:110: CMakeFiles/moving_node.dir/src/mainwindow.cpp.o] Error 1
[2.647s] gmake[2]: *** Waiting for unfinished jobs....
[3.336s] gmake[2]: *** [CMakeFiles/moving_node.dir/build.make:124: CMakeFiles/moving_node.dir/src/qnode.cpp.o] Error 1
[3.336s] gmake[1]: *** [CMakeFiles/Makefile2:137: CMakeFiles/moving_node.dir/all] Error 2
[3.336s] gmake: *** [Makefile:146: all] Error 2
[3.339s] Invoked command in '/home/kgh/GITHUB/robit-ros2-homework/HW4/moving/build/moving' returned '2': CMAKE_PREFIX_PATH=${CMAKE_PREFIX_PATH}:/opt/ros/humble /usr/bin/cmake --build /home/kgh/GITHUB/robit-ros2-homework/HW4/moving/build/moving -- -j20 -l20
