[35m[1mConsolidate compiler generated dependencies of target moving_node[0m
[  9%] [32mBuilding CXX object CMakeFiles/moving_node.dir/src/mainwindow.cpp.o[0m
[01m[K/home/kgh/GITHUB/robit-ros2-homework/HW4/moving/src/mainwindow.cpp:[m[K In constructor â€˜[01m[KMainWindow::MainWindow(QWidget*)[m[Kâ€™:
[01m[K/home/kgh/GITHUB/robit-ros2-homework/HW4/moving/src/mainwindow.cpp:15:9:[m[K [01;31m[Kerror: [m[Kâ€˜[01m[Kclass Ui::MainWindowDesign[m[Kâ€™ has no member named â€˜[01m[Kcharacter[m[Kâ€™
   15 |     ui->[01;31m[Kcharacter[m[K->setScene(scene); // UIì—ì„œ characterë¼ëŠ” ì´ë¦„ì„ ê°€ì§„ QGraphicsView ì‚¬ìš©
      |         [01;31m[K^~~~~~~~~[m[K
[01m[K/home/kgh/GITHUB/robit-ros2-homework/HW4/moving/src/mainwindow.cpp:[m[K In member function â€˜[01m[Kvirtual void MainWindow::keyReleaseEvent(QKeyEvent*)[m[Kâ€™:
[01m[K/home/kgh/GITHUB/robit-ros2-homework/HW4/moving/src/mainwindow.cpp:63:45:[m[K [01;35m[Kwarning: [m[Kunused parameter â€˜[01m[Kevent[m[Kâ€™ [[01;35m[K]8;;https://gcc.gnu.org/onlinedocs/gcc/Warning-Options.html#index-Wunused-parameter-Wunused-parameter]8;;[m[K]
   63 |  MainWindow::keyReleaseEvent([01;35m[KQKeyEvent* event[m[K)
      |                              [01;35m[K~~~~~~~~~~~^~~~~[m[K

gmake[2]: *** [CMakeFiles/moving_node.dir/build.make:110: CMakeFiles/moving_node.dir/src/mainwindow.cpp.o] Error 1
gmake[1]: *** [CMakeFiles/Makefile2:137: CMakeFiles/moving_node.dir/all] Error 2
gmake: *** [Makefile:146: all] Error 2
