[0.007s] Invoking command in '/home/kgh/GITHUB/robit-ros2-homework/HW4/moving/build/moving': CMAKE_PREFIX_PATH=${CMAKE_PREFIX_PATH}:/opt/ros/humble /usr/bin/cmake --build /home/kgh/GITHUB/robit-ros2-homework/HW4/moving/build/moving -- -j20 -l20
[0.037s] [  9%] [34m[1mGenerating include/moving/moc_mainwindow.cpp[0m
[0.055s] [35m[1mConsolidate compiler generated dependencies of target moving_node[0m
[0.074s] [ 18%] [32mBuilding CXX object CMakeFiles/moving_node.dir/src/main.cpp.o[0m
[0.075s] [ 27%] [32mBuilding CXX object CMakeFiles/moving_node.dir/src/mainwindow.cpp.o[0m
[0.075s] [ 36%] [32mBuilding CXX object CMakeFiles/moving_node.dir/include/moving/moc_mainwindow.cpp.o[0m
[2.031s] [01m[K/home/kgh/GITHUB/robit-ros2-homework/HW4/moving/src/mainwindow.cpp:[m[K In constructor ‚Äò[01m[KMainWindow::MainWindow(QWidget*)[m[K‚Äô:
[2.031s] [01m[K/home/kgh/GITHUB/robit-ros2-homework/HW4/moving/src/mainwindow.cpp:7:58:[m[K [01;31m[Kerror: [m[Kclass ‚Äò[01m[KMainWindow[m[K‚Äô does not have any field named ‚Äò[01m[Knode[m[K‚Äô
[2.031s]     7 |     : QMainWindow(parent), ui(new Ui::MainWindowDesign), [01;31m[Knode[m[K(std::make_shared<rclcpp::Node>("moving_node")) // nodeÎ•º Î©§Î≤ÑÎ°ú Ï¥àÍ∏∞Ìôî
[2.031s]       |                                                          [01;31m[K^~~~[m[K
[2.036s] [01m[K/home/kgh/GITHUB/robit-ros2-homework/HW4/moving/src/mainwindow.cpp:35:21:[m[K [01;31m[Kerror: [m[K‚Äò[01m[Knode[m[K‚Äô was not declared in this scope; did you mean ‚Äò[01m[Kqnode[m[K‚Äô?
[2.036s]    35 |     subscription_ = [01;31m[Knode[m[K->create_subscription<std_msgs::msg::String>(
[2.036s]       |                     [01;31m[K^~~~[m[K
[2.036s]       |                     [32m[Kqnode[m[K
[2.036s] [01m[K/home/kgh/GITHUB/robit-ros2-homework/HW4/moving/src/mainwindow.cpp:35:68:[m[K [01;31m[Kerror: [m[Kexpected primary-expression before ‚Äò[01m[K>[m[K‚Äô token
[2.036s]    35 |     subscription_ = node->create_subscription<std_msgs::msg::String[01;31m[K>[m[K(
[2.036s]       |                                                                    [01;31m[K^[m[K
[2.036s] [01m[K/home/kgh/GITHUB/robit-ros2-homework/HW4/moving/src/mainwindow.cpp:36:9:[m[K [01;35m[Kwarning: [m[Kleft operand of comma operator has no effect [[01;35m[K]8;;https://gcc.gnu.org/onlinedocs/gcc/Warning-Options.html#index-Wunused-value-Wunused-value]8;;[m[K]
[2.036s]    36 |         [01;35m[K"button_messages"[m[K, // ÌçºÎ∏îÎ¶¨ÏãúÌïòÎäî ÌÜ†ÌîΩ Ïù¥Î¶Ñ
[2.036s]       |         [01;35m[K^~~~~~~~~~~~~~~~~[m[K
[2.044s] [01m[K/home/kgh/GITHUB/robit-ros2-homework/HW4/moving/src/mainwindow.cpp:38:76:[m[K [01;35m[Kwarning: [m[Kright operand of comma operator has no effect [[01;35m[K]8;;https://gcc.gnu.org/onlinedocs/gcc/Warning-Options.html#index-Wunused-value-Wunused-value]8;;[m[K]
[2.044s]    38 |         std::bind(&MainWindow::messageCallback, this, std::placeholders::_1[01;35m[K)[m[K // ÏΩúÎ∞± Ìï®Ïàò Ïó∞Í≤∞
[2.044s]       |                                                                            [01;35m[K^[m[K
[2.050s] [01m[K/home/kgh/GITHUB/robit-ros2-homework/HW4/moving/src/mainwindow.cpp:42:5:[m[K [01;31m[Kerror: [m[K‚Äò[01m[KsetupTimer[m[K‚Äô was not declared in this scope; did you mean ‚Äò[01m[Kstrptime[m[K‚Äô?
[2.050s]    42 |     [01;31m[KsetupTimer[m[K();
[2.050s]       |     [01;31m[K^~~~~~~~~~[m[K
[2.050s]       |     [32m[Kstrptime[m[K
[2.050s] [01m[K/home/kgh/GITHUB/robit-ros2-homework/HW4/moving/src/mainwindow.cpp:[m[K At global scope:
[2.050s] [01m[K/home/kgh/GITHUB/robit-ros2-homework/HW4/moving/src/mainwindow.cpp:45:6:[m[K [01;31m[Kerror: [m[Kno declaration matches ‚Äò[01m[Kvoid MainWindow::setupTimer()[m[K‚Äô
[2.050s]    45 | void [01;31m[KMainWindow[m[K::setupTimer() {
[2.051s]       |      [01;31m[K^~~~~~~~~~[m[K
[2.051s] [01m[K/home/kgh/GITHUB/robit-ros2-homework/HW4/moving/src/mainwindow.cpp:45:6:[m[K [01;36m[Knote: [m[Kno functions named ‚Äò[01m[Kvoid MainWindow::setupTimer()[m[K‚Äô
[2.051s] In file included from [01m[K/home/kgh/GITHUB/robit-ros2-homework/HW4/moving/src/mainwindow.cpp:1[m[K:
[2.051s] [01m[K/home/kgh/GITHUB/robit-ros2-homework/HW4/moving/src/../include/moving/mainwindow.hpp:16:7:[m[K [01;36m[Knote: [m[K‚Äò[01m[Kclass MainWindow[m[K‚Äô defined here
[2.051s]    16 | class [01;36m[KMainWindow[m[K : public QMainWindow
[2.051s]       |       [01;36m[K^~~~~~~~~~[m[K
[2.405s] gmake[2]: *** [CMakeFiles/moving_node.dir/build.make:110: CMakeFiles/moving_node.dir/src/mainwindow.cpp.o] Error 1
[2.405s] gmake[1]: *** [CMakeFiles/Makefile2:137: CMakeFiles/moving_node.dir/all] Error 2
[2.405s] gmake: *** [Makefile:146: all] Error 2
[2.408s] Invoked command in '/home/kgh/GITHUB/robit-ros2-homework/HW4/moving/build/moving' returned '2': CMAKE_PREFIX_PATH=${CMAKE_PREFIX_PATH}:/opt/ros/humble /usr/bin/cmake --build /home/kgh/GITHUB/robit-ros2-homework/HW4/moving/build/moving -- -j20 -l20
