[0.007s] Invoking command in '/home/kgh/GITHUB/robit-ros2-homework/HW3/ui_test/build/ui_test': /usr/bin/cmake --build /home/kgh/GITHUB/robit-ros2-homework/HW3/ui_test/build/ui_test -- -j20 -l20
[0.038s] [35m[1mConsolidate compiler generated dependencies of target ui_test[0m
[0.055s] [ 12%] [32mBuilding CXX object CMakeFiles/ui_test.dir/src/mainwindow.cpp.o[0m
[2.710s] [ 25%] [32m[1mLinking CXX executable ui_test[0m
[2.991s] /usr/bin/ld: CMakeFiles/ui_test.dir/include/moc_mainwindow.cpp.o: in function `MainWindow::qt_static_metacall(QObject*, QMetaObject::Call, int, void**)':
[2.991s] moc_mainwindow.cpp:(.text+0x5a): undefined reference to `MainWindow::on_pushButton_clicked()'
[3.005s] collect2: error: ld returned 1 exit status
[3.007s] gmake[2]: *** [CMakeFiles/ui_test.dir/build.make:224: ui_test] Error 1
[3.007s] gmake[1]: *** [CMakeFiles/Makefile2:137: CMakeFiles/ui_test.dir/all] Error 2
[3.007s] gmake: *** [Makefile:146: all] Error 2
[3.009s] Invoked command in '/home/kgh/GITHUB/robit-ros2-homework/HW3/ui_test/build/ui_test' returned '2': /usr/bin/cmake --build /home/kgh/GITHUB/robit-ros2-homework/HW3/ui_test/build/ui_test -- -j20 -l20
