[0.007s] Invoking command in '/home/kgh/GITHUB/robit-ros2-homework/HW4/moving/build/moving': CMAKE_PREFIX_PATH=${CMAKE_PREFIX_PATH}:/opt/ros/humble /usr/bin/cmake --build /home/kgh/GITHUB/robit-ros2-homework/HW4/moving/build/moving -- -j20 -l20
[0.041s] [  9%] [34m[1mGenerating include/moving/moc_mainwindow.cpp[0m
[0.050s] [35m[1mConsolidate compiler generated dependencies of target moving_node[0m
[0.071s] [ 18%] [32mBuilding CXX object CMakeFiles/moving_node.dir/src/main.cpp.o[0m
[0.071s] [ 27%] [32mBuilding CXX object CMakeFiles/moving_node.dir/src/mainwindow.cpp.o[0m
[0.072s] [ 36%] [32mBuilding CXX object CMakeFiles/moving_node.dir/include/moving/moc_mainwindow.cpp.o[0m
[1.803s] In file included from [01m[K/home/kgh/GITHUB/robit-ros2-homework/HW4/moving/src/mainwindow.cpp:1[m[K:
[1.803s] [01m[K/home/kgh/GITHUB/robit-ros2-homework/HW4/moving/src/../include/moving/mainwindow.hpp:31:5:[m[K [01;31m[Kerror: [m[Kâ€˜[01m[KQNode[m[Kâ€™ does not name a type
[1.803s]    31 |     [01;31m[KQNode[m[K* qnode; // QNode í¬ì¸í„°
[1.803s]       |     [01;31m[K^~~~~[m[K
[1.804s] In file included from [01m[K/home/kgh/GITHUB/robit-ros2-homework/HW4/moving/build/moving/include/moving/moc_mainwindow.cpp:10[m[K:
[1.804s] [01m[K/home/kgh/GITHUB/robit-ros2-homework/HW4/moving/build/moving/include/moving/../../../../include/moving/mainwindow.hpp:31:5:[m[K [01;31m[Kerror: [m[Kâ€˜[01m[KQNode[m[Kâ€™ does not name a type
[1.804s]    31 |     [01;31m[KQNode[m[K* qnode; // QNode í¬ì¸í„°
[1.804s]       |     [01;31m[K^~~~~[m[K
[1.805s] In file included from [01m[K/home/kgh/GITHUB/robit-ros2-homework/HW4/moving/src/main.cpp:4[m[K:
[1.805s] [01m[K/home/kgh/GITHUB/robit-ros2-homework/HW4/moving/src/../include/moving/mainwindow.hpp:31:5:[m[K [01;31m[Kerror: [m[Kâ€˜[01m[KQNode[m[Kâ€™ does not name a type
[1.805s]    31 |     [01;31m[KQNode[m[K* qnode; // QNode í¬ì¸í„°
[1.805s]       |     [01;31m[K^~~~~[m[K
[1.864s] [01m[K/home/kgh/GITHUB/robit-ros2-homework/HW4/moving/src/mainwindow.cpp:[m[K In constructor â€˜[01m[KMainWindow::MainWindow(QWidget*)[m[Kâ€™:
[1.864s] [01m[K/home/kgh/GITHUB/robit-ros2-homework/HW4/moving/src/mainwindow.cpp:20:5:[m[K [01;31m[Kerror: [m[Kâ€˜[01m[Kqnode[m[Kâ€™ was not declared in this scope; did you mean â€˜[01m[Knode[m[Kâ€™?
[1.864s]    20 |     [01;31m[Kqnode[m[K = new QNode();
[1.864s]       |     [01;31m[K^~~~~[m[K
[1.864s]       |     [32m[Knode[m[K
[1.864s] [01m[K/home/kgh/GITHUB/robit-ros2-homework/HW4/moving/src/mainwindow.cpp:20:17:[m[K [01;31m[Kerror: [m[Kexpected type-specifier before â€˜[01m[KQNode[m[Kâ€™
[1.864s]    20 |     qnode = new [01;31m[KQNode[m[K();
[1.864s]       |                 [01;31m[K^~~~~[m[K
[1.870s] [01m[K/home/kgh/GITHUB/robit-ros2-homework/HW4/moving/src/mainwindow.cpp:35:5:[m[K [01;31m[Kerror: [m[Kâ€˜[01m[Ksubscription_[m[Kâ€™ was not declared in this scope; did you mean â€˜[01m[Krmw_subscription_t[m[Kâ€™?
[1.870s]    35 |     [01;31m[Ksubscription_[m[K = node->create_subscription<std_msgs::msg::String>(
[1.870s]       |     [01;31m[K^~~~~~~~~~~~~[m[K
[1.870s]       |     [32m[Krmw_subscription_t[m[K
[2.356s] gmake[2]: *** [CMakeFiles/moving_node.dir/build.make:96: CMakeFiles/moving_node.dir/src/main.cpp.o] Error 1
[2.356s] gmake[2]: *** Waiting for unfinished jobs....
[2.356s] gmake[2]: *** [CMakeFiles/moving_node.dir/build.make:138: CMakeFiles/moving_node.dir/include/moving/moc_mainwindow.cpp.o] Error 1
[3.228s] gmake[2]: *** [CMakeFiles/moving_node.dir/build.make:110: CMakeFiles/moving_node.dir/src/mainwindow.cpp.o] Error 1
[3.228s] gmake[1]: *** [CMakeFiles/Makefile2:137: CMakeFiles/moving_node.dir/all] Error 2
[3.228s] gmake: *** [Makefile:146: all] Error 2
[3.230s] Invoked command in '/home/kgh/GITHUB/robit-ros2-homework/HW4/moving/build/moving' returned '2': CMAKE_PREFIX_PATH=${CMAKE_PREFIX_PATH}:/opt/ros/humble /usr/bin/cmake --build /home/kgh/GITHUB/robit-ros2-homework/HW4/moving/build/moving -- -j20 -l20
