[01m[K/home/kgh/GITHUB/robit-ros2-homework/HW3/ui_test/src/mainwindow.cpp:[m[K In member function â€˜[01m[Kvoid MainWindow::publishDirection(double, double)[m[Kâ€™:
[01m[K/home/kgh/GITHUB/robit-ros2-homework/HW3/ui_test/src/mainwindow.cpp:20:9:[m[K [01;31m[Kerror: [m[Kâ€˜[01m[Kstruct turtle_interface::msg::Num_<std::allocator<void> >[m[Kâ€™ has no member named â€˜[01m[Kmessage[m[Kâ€™
   20 |     msg.[01;31m[Kmessage[m[K = "Linear: " + std::to_string(linear) + ", Angular: " + std::to_string(angular);
      |         [01;31m[K^~~~~~~[m[K
gmake[2]: *** [CMakeFiles/ui_test.dir/build.make:98: CMakeFiles/ui_test.dir/src/mainwindow.cpp.o] Error 1
gmake[1]: *** [CMakeFiles/Makefile2:137: CMakeFiles/ui_test.dir/all] Error 2
gmake: *** [Makefile:146: all] Error 2
