In file included from [01m[K/home/kgh/GITHUB/robit-ros2-homework/HW4/moving/src/mainwindow.cpp:1[m[K:
[01m[K/home/kgh/GITHUB/robit-ros2-homework/HW4/moving/src/../include/moving/mainwindow.hpp:35:5:[m[K [01;31m[Kerror: [m[K‚Äò[01m[KQNode[m[K‚Äô does not name a type
   35 |     [01;31m[KQNode[m[K* qnode;
      |     [01;31m[K^~~~~[m[K
In file included from [01m[K/home/kgh/GITHUB/robit-ros2-homework/HW4/moving/build/moving/include/moving/moc_mainwindow.cpp:10[m[K:
[01m[K/home/kgh/GITHUB/robit-ros2-homework/HW4/moving/build/moving/include/moving/../../../../include/moving/mainwindow.hpp:35:5:[m[K [01;31m[Kerror: [m[K‚Äò[01m[KQNode[m[K‚Äô does not name a type
   35 |     [01;31m[KQNode[m[K* qnode;
      |     [01;31m[K^~~~~[m[K
In file included from [01m[K/home/kgh/GITHUB/robit-ros2-homework/HW4/moving/src/main.cpp:2[m[K:
[01m[K/home/kgh/GITHUB/robit-ros2-homework/HW4/moving/include/moving/mainwindow.hpp:35:5:[m[K [01;31m[Kerror: [m[K‚Äò[01m[KQNode[m[K‚Äô does not name a type
   35 |     [01;31m[KQNode[m[K* qnode;
      |     [01;31m[K^~~~~[m[K
[01m[K/home/kgh/GITHUB/robit-ros2-homework/HW4/moving/src/mainwindow.cpp:[m[K In constructor ‚Äò[01m[KMainWindow::MainWindow(QWidget*, rclcpp::Node::SharedPtr)[m[K‚Äô:
[01m[K/home/kgh/GITHUB/robit-ros2-homework/HW4/moving/src/mainwindow.cpp:20:5:[m[K [01;31m[Kerror: [m[K‚Äò[01m[Kqnode[m[K‚Äô was not declared in this scope; did you mean ‚Äò[01m[Knode[m[K‚Äô?
   20 |     [01;31m[Kqnode[m[K = new QNode();
      |     [01;31m[K^~~~~[m[K
      |     [32m[Knode[m[K
[01m[K/home/kgh/GITHUB/robit-ros2-homework/HW4/moving/src/mainwindow.cpp:20:17:[m[K [01;31m[Kerror: [m[Kexpected type-specifier before ‚Äò[01m[KQNode[m[K‚Äô
   20 |     qnode = new [01;31m[KQNode[m[K();
      |                 [01;31m[K^~~~~[m[K
[01m[K/home/kgh/GITHUB/robit-ros2-homework/HW4/moving/src/mainwindow.cpp:24:5:[m[K [01;31m[Kerror: [m[K‚Äò[01m[Klabel[m[K‚Äô was not declared in this scope; did you mean ‚Äò[01m[KQLabel[m[K‚Äô?
   24 |     [01;31m[Klabel[m[K = new QLabel(this);
      |     [01;31m[K^~~~~[m[K
      |     [32m[KQLabel[m[K
[01m[K/home/kgh/GITHUB/robit-ros2-homework/HW4/moving/src/mainwindow.cpp:28:30:[m[K [01;31m[Kerror: [m[K‚Äò[01m[KQNode[m[K‚Äô has not been declared
   28 |     QObject::connect(qnode, &[01;31m[KQNode[m[K::rosShutDown, this, &MainWindow::close);
      |                              [01;31m[K^~~~~[m[K
[01m[K/home/kgh/GITHUB/robit-ros2-homework/HW4/moving/src/mainwindow.cpp:29:30:[m[K [01;31m[Kerror: [m[K‚Äò[01m[KQNode[m[K‚Äô has not been declared
   29 |     QObject::connect(qnode, &[01;31m[KQNode[m[K::messageReceived, this, &MainWindow::processCommand);
      |                              [01;31m[K^~~~~[m[K
[01m[K/home/kgh/GITHUB/robit-ros2-homework/HW4/moving/src/mainwindow.cpp:[m[K In member function ‚Äò[01m[Kvirtual void MainWindow::keyPressEvent(QKeyEvent*)[m[K‚Äô:
[01m[K/home/kgh/GITHUB/robit-ros2-homework/HW4/moving/src/mainwindow.cpp:61:5:[m[K [01;31m[Kerror: [m[K‚Äò[01m[Klabel[m[K‚Äô was not declared in this scope; did you mean ‚Äò[01m[KQLabel[m[K‚Äô?
   61 |     [01;31m[Klabel[m[K->move(characterX, characterY); // QLabelÏùò ÏúÑÏπòÎ•º ÏßÅÏ†ë ÏÑ§Ï†ï
      |     [01;31m[K^~~~~[m[K
      |     [32m[KQLabel[m[K
[01m[K/home/kgh/GITHUB/robit-ros2-homework/HW4/moving/src/mainwindow.cpp:[m[K In member function ‚Äò[01m[Kvoid MainWindow::processCommand(const QString&)[m[K‚Äô:
[01m[K/home/kgh/GITHUB/robit-ros2-homework/HW4/moving/src/mainwindow.cpp:81:5:[m[K [01;31m[Kerror: [m[K‚Äò[01m[Klabel[m[K‚Äô was not declared in this scope; did you mean ‚Äò[01m[KQLabel[m[K‚Äô?
   81 |     [01;31m[Klabel[m[K->move(characterX, characterY); // QLabelÏùò ÏúÑÏπòÎ•º ÏßÅÏ†ë ÏÑ§Ï†ï
      |     [01;31m[K^~~~~[m[K
      |     [32m[KQLabel[m[K
[01m[K/home/kgh/GITHUB/robit-ros2-homework/HW4/moving/src/mainwindow.cpp:[m[K In member function ‚Äò[01m[Kvoid MainWindow::updateJump()[m[K‚Äô:
[01m[K/home/kgh/GITHUB/robit-ros2-homework/HW4/moving/src/mainwindow.cpp:95:5:[m[K [01;31m[Kerror: [m[K‚Äò[01m[Klabel[m[K‚Äô was not declared in this scope; did you mean ‚Äò[01m[KQLabel[m[K‚Äô?
   95 |     [01;31m[Klabel[m[K->move(characterX, characterY); // QLabelÏùò ÏúÑÏπòÎ•º ÏßÅÏ†ë ÏÑ§Ï†ï
      |     [01;31m[K^~~~~[m[K
      |     [32m[KQLabel[m[K
[01m[K/home/kgh/GITHUB/robit-ros2-homework/HW4/moving/src/mainwindow.cpp:[m[K In destructor ‚Äò[01m[Kvirtual MainWindow::~MainWindow()[m[K‚Äô:
[01m[K/home/kgh/GITHUB/robit-ros2-homework/HW4/moving/src/mainwindow.cpp:104:12:[m[K [01;31m[Kerror: [m[K‚Äò[01m[Klabel[m[K‚Äô was not declared in this scope; did you mean ‚Äò[01m[KQLabel[m[K‚Äô?
  104 |     delete [01;31m[Klabel[m[K; // QLabel ÏÇ≠Ï†ú
      |            [01;31m[K^~~~~[m[K
      |            [32m[KQLabel[m[K
[01m[K/home/kgh/GITHUB/robit-ros2-homework/HW4/moving/src/mainwindow.cpp:105:12:[m[K [01;31m[Kerror: [m[K‚Äò[01m[Kqnode[m[K‚Äô was not declared in this scope; did you mean ‚Äò[01m[Knode[m[K‚Äô?
  105 |     delete [01;31m[Kqnode[m[K;
      |            [01;31m[K^~~~~[m[K
      |            [32m[Knode[m[K
gmake[2]: *** [CMakeFiles/moving_node.dir/build.make:96: CMakeFiles/moving_node.dir/src/main.cpp.o] Error 1
gmake[2]: *** Waiting for unfinished jobs....
gmake[2]: *** [CMakeFiles/moving_node.dir/build.make:138: CMakeFiles/moving_node.dir/include/moving/moc_mainwindow.cpp.o] Error 1
gmake[2]: *** [CMakeFiles/moving_node.dir/build.make:110: CMakeFiles/moving_node.dir/src/mainwindow.cpp.o] Error 1
gmake[1]: *** [CMakeFiles/Makefile2:137: CMakeFiles/moving_node.dir/all] Error 2
gmake: *** [Makefile:146: all] Error 2
