[0.009s] Invoking command in '/home/kgh/GITHUB/robit-ros2-homework/HW3/build/ui_test': CMAKE_PREFIX_PATH=${CMAKE_PREFIX_PATH}:/opt/ros/humble /usr/bin/cmake --build /home/kgh/GITHUB/robit-ros2-homework/HW3/build/ui_test -- -j20 -l20
[0.032s] -- Found ament_cmake: 1.3.10 (/opt/ros/humble/share/ament_cmake/cmake)
[0.153s] -- Found rclcpp: 16.0.10 (/opt/ros/humble/share/rclcpp/cmake)
[0.174s] -- Found rosidl_generator_c: 3.1.5 (/opt/ros/humble/share/rosidl_generator_c/cmake)
[0.175s] -- Found rosidl_adapter: 3.1.5 (/opt/ros/humble/share/rosidl_adapter/cmake)
[0.179s] -- Found rosidl_generator_cpp: 3.1.5 (/opt/ros/humble/share/rosidl_generator_cpp/cmake)
[0.185s] -- Using all available rosidl_typesupport_c: rosidl_typesupport_fastrtps_c;rosidl_typesupport_introspection_c
[0.193s] -- Using all available rosidl_typesupport_cpp: rosidl_typesupport_fastrtps_cpp;rosidl_typesupport_introspection_cpp
[0.213s] -- Found rmw_implementation_cmake: 6.1.2 (/opt/ros/humble/share/rmw_implementation_cmake/cmake)
[0.214s] -- Found rmw_fastrtps_cpp: 6.2.7 (/opt/ros/humble/share/rmw_fastrtps_cpp/cmake)
[0.279s] -- Using RMW implementation 'rmw_fastrtps_cpp' as default
[0.314s] -- Found turtle_interface: 0.0.0 (/home/kgh/GITHUB/robit-ros2-homework/HW3/turtle_interface/install/turtle_interface/share/turtle_interface/cmake)
[0.321s] -- Found geometry_msgs: 4.2.4 (/opt/ros/humble/share/geometry_msgs/cmake)
[0.343s] -- Found Qt5: 5.15.3
[0.344s] -- Found ament_lint_auto: 0.12.11 (/opt/ros/humble/share/ament_lint_auto/cmake)
[0.397s] -- Added test 'copyright' to check source files copyright and LICENSE
[0.407s] -- Added test 'cppcheck' to perform static code analysis on C / C++ code
[0.407s] -- Configured cppcheck include dirs: /home/kgh/GITHUB/robit-ros2-homework/HW3/ui_test/include
[0.407s] -- Configured cppcheck exclude dirs and/or files: 
[0.408s] -- Added test 'flake8' to check Python code syntax and style conventions
[0.411s] -- Added test 'lint_cmake' to check CMake code style
[0.412s] -- Added test 'pep257' to check Python code against some of the docstring style conventions in PEP 257
[0.421s] -- Added test 'uncrustify' to check C / C++ code style
[0.421s] -- Configured uncrustify additional arguments: 
[0.424s] -- Added test 'xmllint' to check XML markup files
[0.424s] -- Configuring done
[0.432s] -- Generating done
[0.433s] -- Build files have been written to: /home/kgh/GITHUB/robit-ros2-homework/HW3/build/ui_test
[0.450s] [ 16%] [34m[1mGenerating include/moc_mainwindow.cpp[0m
[0.469s] [ 33%] [32mBuilding CXX object CMakeFiles/ui_test.dir/src/mainwindow.cpp.o[0m
[0.469s] [ 50%] [32mBuilding CXX object CMakeFiles/ui_test.dir/src/main.cpp.o[0m
[0.470s] [ 66%] [32mBuilding CXX object CMakeFiles/ui_test.dir/include/moc_mainwindow.cpp.o[0m
[0.585s] In file included from [01m[K/home/kgh/GITHUB/robit-ros2-homework/HW3/ui_test/src/main.cpp:1[m[K:
[0.585s] [01m[K/home/kgh/GITHUB/robit-ros2-homework/HW3/ui_test/include/mainwindow.h:6:10:[m[K [01;31m[Kfatal error: [m[Kgeometry_msgs/msg/num.hpp: No such file or directory
[0.585s]     6 | #include [01;31m[K"geometry_msgs/msg/num.hpp"[m[K
[0.585s]       |          [01;31m[K^~~~~~~~~~~~~~~~~~~~~~~~~~~[m[K
[0.585s] In file included from [01m[K/home/kgh/GITHUB/robit-ros2-homework/HW3/ui_test/src/mainwindow.cpp:1[m[K:
[0.585s] [01m[K/home/kgh/GITHUB/robit-ros2-homework/HW3/ui_test/include/mainwindow.h:6:10:[m[K [01;31m[Kfatal error: [m[Kgeometry_msgs/msg/num.hpp: No such file or directory
[0.585s]     6 | #include [01;31m[K"geometry_msgs/msg/num.hpp"[m[K
[0.585s]       |          [01;31m[K^~~~~~~~~~~~~~~~~~~~~~~~~~~[m[K
[0.585s] In file included from [01m[K/home/kgh/GITHUB/robit-ros2-homework/HW3/build/ui_test/include/moc_mainwindow.cpp:10[m[K:
[0.585s] [01m[K/home/kgh/GITHUB/robit-ros2-homework/HW3/build/ui_test/include/../../../ui_test/include/mainwindow.h:6:10:[m[K [01;31m[Kfatal error: [m[Kgeometry_msgs/msg/num.hpp: No such file or directory
[0.585s]     6 | #include [01;31m[K"geometry_msgs/msg/num.hpp"[m[K
[0.585s]       |          [01;31m[K^~~~~~~~~~~~~~~~~~~~~~~~~~~[m[K
[0.585s] compilation terminated.
[0.585s] compilation terminated.
[0.585s] compilation terminated.
[0.587s] gmake[2]: *** [CMakeFiles/ui_test.dir/build.make:112: CMakeFiles/ui_test.dir/include/moc_mainwindow.cpp.o] Error 1
[0.587s] gmake[2]: *** Waiting for unfinished jobs....
[0.587s] gmake[2]: *** [CMakeFiles/ui_test.dir/build.make:98: CMakeFiles/ui_test.dir/src/mainwindow.cpp.o] Error 1
[0.587s] gmake[2]: *** [CMakeFiles/ui_test.dir/build.make:84: CMakeFiles/ui_test.dir/src/main.cpp.o] Error 1
[0.587s] gmake[1]: *** [CMakeFiles/Makefile2:137: CMakeFiles/ui_test.dir/all] Error 2
[0.587s] gmake: *** [Makefile:146: all] Error 2
[0.590s] Invoked command in '/home/kgh/GITHUB/robit-ros2-homework/HW3/build/ui_test' returned '2': CMAKE_PREFIX_PATH=${CMAKE_PREFIX_PATH}:/opt/ros/humble /usr/bin/cmake --build /home/kgh/GITHUB/robit-ros2-homework/HW3/build/ui_test -- -j20 -l20
