[0.006s] Invoking command in '/home/kgh/GITHUB/robit-ros2-homework/HW4/moving/build/moving': CMAKE_PREFIX_PATH=${CMAKE_PREFIX_PATH}:/opt/ros/humble /usr/bin/cmake --build /home/kgh/GITHUB/robit-ros2-homework/HW4/moving/build/moving -- -j20 -l20
[0.039s] [  9%] [34m[1mGenerating include/moving/moc_qnode.cpp[0m
[0.049s] [35m[1mConsolidate compiler generated dependencies of target moving_node[0m
[0.065s] [ 18%] [32mBuilding CXX object CMakeFiles/moving_node.dir/include/moving/moc_qnode.cpp.o[0m
[0.065s] [ 27%] [32mBuilding CXX object CMakeFiles/moving_node.dir/src/main.cpp.o[0m
[0.065s] [ 36%] [32mBuilding CXX object CMakeFiles/moving_node.dir/src/mainwindow.cpp.o[0m
[0.066s] [ 45%] [32mBuilding CXX object CMakeFiles/moving_node.dir/src/qnode.cpp.o[0m
[0.066s] [ 54%] [32mBuilding CXX object CMakeFiles/moving_node.dir/include/moving/moc_mainwindow.cpp.o[0m
[1.945s] In file included from [01m[K/home/kgh/GITHUB/robit-ros2-homework/HW4/moving/src/mainwindow.cpp:1[m[K:
[1.945s] [01m[K/home/kgh/GITHUB/robit-ros2-homework/HW4/moving/src/../include/moving/mainwindow.hpp:35:5:[m[K [01;31m[Kerror: [m[K‚Äò[01m[KQNode[m[K‚Äô does not name a type
[1.945s]    35 |     [01;31m[KQNode[m[K* qnode;
[1.945s]       |     [01;31m[K^~~~~[m[K
[1.945s] In file included from [01m[K/home/kgh/GITHUB/robit-ros2-homework/HW4/moving/build/moving/include/moving/moc_mainwindow.cpp:10[m[K:
[1.945s] [01m[K/home/kgh/GITHUB/robit-ros2-homework/HW4/moving/build/moving/include/moving/../../../../include/moving/mainwindow.hpp:35:5:[m[K [01;31m[Kerror: [m[K‚Äò[01m[KQNode[m[K‚Äô does not name a type
[1.945s]    35 |     [01;31m[KQNode[m[K* qnode;
[1.945s]       |     [01;31m[K^~~~~[m[K
[1.966s] In file included from [01m[K/home/kgh/GITHUB/robit-ros2-homework/HW4/moving/src/main.cpp:2[m[K:
[1.966s] [01m[K/home/kgh/GITHUB/robit-ros2-homework/HW4/moving/include/moving/mainwindow.hpp:35:5:[m[K [01;31m[Kerror: [m[K‚Äò[01m[KQNode[m[K‚Äô does not name a type
[1.966s]    35 |     [01;31m[KQNode[m[K* qnode;
[1.966s]       |     [01;31m[K^~~~~[m[K
[2.012s] [01m[K/home/kgh/GITHUB/robit-ros2-homework/HW4/moving/src/mainwindow.cpp:[m[K In constructor ‚Äò[01m[KMainWindow::MainWindow(QWidget*, rclcpp::Node::SharedPtr)[m[K‚Äô:
[2.012s] [01m[K/home/kgh/GITHUB/robit-ros2-homework/HW4/moving/src/mainwindow.cpp:20:5:[m[K [01;31m[Kerror: [m[K‚Äò[01m[Kqnode[m[K‚Äô was not declared in this scope; did you mean ‚Äò[01m[Knode[m[K‚Äô?
[2.012s]    20 |     [01;31m[Kqnode[m[K = new QNode();
[2.012s]       |     [01;31m[K^~~~~[m[K
[2.012s]       |     [32m[Knode[m[K
[2.012s] [01m[K/home/kgh/GITHUB/robit-ros2-homework/HW4/moving/src/mainwindow.cpp:20:17:[m[K [01;31m[Kerror: [m[Kexpected type-specifier before ‚Äò[01m[KQNode[m[K‚Äô
[2.012s]    20 |     qnode = new [01;31m[KQNode[m[K();
[2.012s]       |                 [01;31m[K^~~~~[m[K
[2.019s] [01m[K/home/kgh/GITHUB/robit-ros2-homework/HW4/moving/src/mainwindow.cpp:24:5:[m[K [01;31m[Kerror: [m[K‚Äò[01m[Klabel[m[K‚Äô was not declared in this scope; did you mean ‚Äò[01m[KQLabel[m[K‚Äô?
[2.019s]    24 |     [01;31m[Klabel[m[K = new QLabel(this);
[2.019s]       |     [01;31m[K^~~~~[m[K
[2.019s]       |     [32m[KQLabel[m[K
[2.019s] [01m[K/home/kgh/GITHUB/robit-ros2-homework/HW4/moving/src/mainwindow.cpp:29:30:[m[K [01;31m[Kerror: [m[K‚Äò[01m[KQNode[m[K‚Äô has not been declared
[2.019s]    29 |     QObject::connect(qnode, &[01;31m[KQNode[m[K::rosShutDown, this, &MainWindow::close);
[2.019s]       |                              [01;31m[K^~~~~[m[K
[2.019s] [01m[K/home/kgh/GITHUB/robit-ros2-homework/HW4/moving/src/mainwindow.cpp:30:30:[m[K [01;31m[Kerror: [m[K‚Äò[01m[KQNode[m[K‚Äô has not been declared
[2.019s]    30 |     QObject::connect(qnode, &[01;31m[KQNode[m[K::messageReceived, this, &MainWindow::processCommand);
[2.019s]       |                              [01;31m[K^~~~~[m[K
[2.027s] [01m[K/home/kgh/GITHUB/robit-ros2-homework/HW4/moving/src/mainwindow.cpp:[m[K In member function ‚Äò[01m[Kvirtual void MainWindow::keyPressEvent(QKeyEvent*)[m[K‚Äô:
[2.028s] [01m[K/home/kgh/GITHUB/robit-ros2-homework/HW4/moving/src/mainwindow.cpp:62:5:[m[K [01;31m[Kerror: [m[K‚Äò[01m[Klabel[m[K‚Äô was not declared in this scope; did you mean ‚Äò[01m[KQLabel[m[K‚Äô?
[2.028s]    62 |     [01;31m[Klabel[m[K->move(characterX, characterY); // QLabelÏùò ÏúÑÏπòÎ•º ÏßÅÏ†ë ÏÑ§Ï†ï
[2.028s]       |     [01;31m[K^~~~~[m[K
[2.028s]       |     [32m[KQLabel[m[K
[2.036s] [01m[K/home/kgh/GITHUB/robit-ros2-homework/HW4/moving/src/mainwindow.cpp:[m[K In member function ‚Äò[01m[Kvoid MainWindow::processCommand(const QString&)[m[K‚Äô:
[2.036s] [01m[K/home/kgh/GITHUB/robit-ros2-homework/HW4/moving/src/mainwindow.cpp:82:5:[m[K [01;31m[Kerror: [m[K‚Äò[01m[Klabel[m[K‚Äô was not declared in this scope; did you mean ‚Äò[01m[KQLabel[m[K‚Äô?
[2.036s]    82 |     [01;31m[Klabel[m[K->move(characterX, characterY); // QLabelÏùò ÏúÑÏπòÎ•º ÏßÅÏ†ë ÏÑ§Ï†ï
[2.036s]       |     [01;31m[K^~~~~[m[K
[2.036s]       |     [32m[KQLabel[m[K
[2.042s] [01m[K/home/kgh/GITHUB/robit-ros2-homework/HW4/moving/src/mainwindow.cpp:[m[K In member function ‚Äò[01m[Kvoid MainWindow::updateJump()[m[K‚Äô:
[2.042s] [01m[K/home/kgh/GITHUB/robit-ros2-homework/HW4/moving/src/mainwindow.cpp:99:5:[m[K [01;31m[Kerror: [m[K‚Äò[01m[Klabel[m[K‚Äô was not declared in this scope; did you mean ‚Äò[01m[KQLabel[m[K‚Äô?
[2.042s]    99 |     [01;31m[Klabel[m[K->move(characterX, characterY); // QLabelÏùò ÏúÑÏπòÎ•º ÏßÅÏ†ë ÏÑ§Ï†ï
[2.042s]       |     [01;31m[K^~~~~[m[K
[2.042s]       |     [32m[KQLabel[m[K
[2.046s] [01m[K/home/kgh/GITHUB/robit-ros2-homework/HW4/moving/src/mainwindow.cpp:[m[K In destructor ‚Äò[01m[Kvirtual MainWindow::~MainWindow()[m[K‚Äô:
[2.046s] [01m[K/home/kgh/GITHUB/robit-ros2-homework/HW4/moving/src/mainwindow.cpp:108:12:[m[K [01;31m[Kerror: [m[K‚Äò[01m[Klabel[m[K‚Äô was not declared in this scope; did you mean ‚Äò[01m[KQLabel[m[K‚Äô?
[2.046s]   108 |     delete [01;31m[Klabel[m[K; // QLabel ÏÇ≠Ï†ú
[2.047s]       |            [01;31m[K^~~~~[m[K
[2.047s]       |            [32m[KQLabel[m[K
[2.050s] [01m[K/home/kgh/GITHUB/robit-ros2-homework/HW4/moving/src/mainwindow.cpp:109:12:[m[K [01;31m[Kerror: [m[K‚Äò[01m[Kqnode[m[K‚Äô was not declared in this scope; did you mean ‚Äò[01m[Knode[m[K‚Äô?
[2.051s]   109 |     delete [01;31m[Kqnode[m[K;
[2.051s]       |            [01;31m[K^~~~~[m[K
[2.051s]       |            [32m[Knode[m[K
[2.530s] gmake[2]: *** [CMakeFiles/moving_node.dir/build.make:138: CMakeFiles/moving_node.dir/include/moving/moc_mainwindow.cpp.o] Error 1
[2.530s] gmake[2]: *** Waiting for unfinished jobs....
[2.552s] gmake[2]: *** [CMakeFiles/moving_node.dir/build.make:96: CMakeFiles/moving_node.dir/src/main.cpp.o] Error 1
[2.592s] gmake[2]: *** [CMakeFiles/moving_node.dir/build.make:110: CMakeFiles/moving_node.dir/src/mainwindow.cpp.o] Error 1
[5.123s] gmake[1]: *** [CMakeFiles/Makefile2:137: CMakeFiles/moving_node.dir/all] Error 2
[5.123s] gmake: *** [Makefile:146: all] Error 2
[5.125s] Invoked command in '/home/kgh/GITHUB/robit-ros2-homework/HW4/moving/build/moving' returned '2': CMAKE_PREFIX_PATH=${CMAKE_PREFIX_PATH}:/opt/ros/humble /usr/bin/cmake --build /home/kgh/GITHUB/robit-ros2-homework/HW4/moving/build/moving -- -j20 -l20
