[ 16%] [34m[1mGenerating include/moc_mainwindow.cpp[0m
[35m[1mConsolidate compiler generated dependencies of target ui_test[0m
[ 33%] [32mBuilding CXX object CMakeFiles/ui_test.dir/src/main.cpp.o[0m
[ 50%] [32mBuilding CXX object CMakeFiles/ui_test.dir/src/mainwindow.cpp.o[0m
[ 66%] [32mBuilding CXX object CMakeFiles/ui_test.dir/include/moc_mainwindow.cpp.o[0m
[01m[K/home/kgh/GITHUB/robit-ros2-homework/HW3/ui_test/src/mainwindow.cpp:[m[K In constructor ‚Äò[01m[KMainWindow::MainWindow(QWidget*)[m[K‚Äô:
[01m[K/home/kgh/GITHUB/robit-ros2-homework/HW3/ui_test/src/mainwindow.cpp:16:5:[m[K [01;31m[Kerror: [m[K‚Äò[01m[Ktwist_publisher_[m[K‚Äô was not declared in this scope; did you mean ‚Äò[01m[Kpublisher_[m[K‚Äô?
   16 |     [01;31m[Ktwist_publisher_[m[K = node_->create_publisher<geometry_msgs::msg::Twist>("turtle1/cmd_vel", 10);
      |     [01;31m[K^~~~~~~~~~~~~~~~[m[K
      |     [32m[Kpublisher_[m[K
[01m[K/home/kgh/GITHUB/robit-ros2-homework/HW3/ui_test/src/mainwindow.cpp:17:5:[m[K [01;31m[Kerror: [m[K‚Äò[01m[Knum_publisher_[m[K‚Äô was not declared in this scope; did you mean ‚Äò[01m[Kpublisher_[m[K‚Äô?
   17 |     [01;31m[Knum_publisher_[m[K = node_->create_publisher<turtle_interface::msg::Num>("direction_topic", 10);
      |     [01;31m[K^~~~~~~~~~~~~~[m[K
      |     [32m[Kpublisher_[m[K
[01m[K/home/kgh/GITHUB/robit-ros2-homework/HW3/ui_test/src/mainwindow.cpp:21:57:[m[K [01;31m[Kerror: [m[K‚Äò[01m[KspinSome[m[K‚Äô is not a member of ‚Äò[01m[KMainWindow[m[K‚Äô
   21 |     connect(timer, &QTimer::timeout, this, &MainWindow::[01;31m[KspinSome[m[K);  // ÌÉÄÏù¥Î®∏Í∞Ä Ìò∏Ï∂úÎê† Îïå spinSome Ìò∏Ï∂ú
      |                                                         [01;31m[K^~~~~~~~[m[K
[01m[K/home/kgh/GITHUB/robit-ros2-homework/HW3/ui_test/src/mainwindow.cpp:[m[K In member function ‚Äò[01m[Kvoid MainWindow::publishDirection(double, double)[m[K‚Äô:
[01m[K/home/kgh/GITHUB/robit-ros2-homework/HW3/ui_test/src/mainwindow.cpp:35:5:[m[K [01;31m[Kerror: [m[K‚Äò[01m[Knum_publisher_[m[K‚Äô was not declared in this scope; did you mean ‚Äò[01m[Kpublisher_[m[K‚Äô?
   35 |     [01;31m[Knum_publisher_[m[K->publish(num_msg);  // Num Î©îÏãúÏßÄ ÌçºÎ∏îÎ¶¨Ïãú
      |     [01;31m[K^~~~~~~~~~~~~~[m[K
      |     [32m[Kpublisher_[m[K
[01m[K/home/kgh/GITHUB/robit-ros2-homework/HW3/ui_test/src/mainwindow.cpp:41:5:[m[K [01;31m[Kerror: [m[K‚Äò[01m[Ktwist_publisher_[m[K‚Äô was not declared in this scope; did you mean ‚Äò[01m[Kpublisher_[m[K‚Äô?
   41 |     [01;31m[Ktwist_publisher_[m[K->publish(twist_msg);  // Twist Î©îÏãúÏßÄ ÌçºÎ∏îÎ¶¨Ïãú
      |     [01;31m[K^~~~~~~~~~~~~~~~[m[K
      |     [32m[Kpublisher_[m[K
[01m[K/home/kgh/GITHUB/robit-ros2-homework/HW3/ui_test/src/mainwindow.cpp:[m[K At global scope:
[01m[K/home/kgh/GITHUB/robit-ros2-homework/HW3/ui_test/src/mainwindow.cpp:65:6:[m[K [01;31m[Kerror: [m[Kno declaration matches ‚Äò[01m[Kvoid MainWindow::spinSome()[m[K‚Äô
   65 | void [01;31m[KMainWindow[m[K::spinSome()
      |      [01;31m[K^~~~~~~~~~[m[K
[01m[K/home/kgh/GITHUB/robit-ros2-homework/HW3/ui_test/src/mainwindow.cpp:65:6:[m[K [01;36m[Knote: [m[Kno functions named ‚Äò[01m[Kvoid MainWindow::spinSome()[m[K‚Äô
In file included from [01m[K/home/kgh/GITHUB/robit-ros2-homework/HW3/ui_test/src/mainwindow.cpp:1[m[K:
[01m[K/home/kgh/GITHUB/robit-ros2-homework/HW3/ui_test/include/mainwindow.h:12:7:[m[K [01;36m[Knote: [m[K‚Äò[01m[Kclass MainWindow[m[K‚Äô defined here
   12 | class [01;36m[KMainWindow[m[K : public QMainWindow
      |       [01;36m[K^~~~~~~~~~[m[K
gmake[2]: *** [CMakeFiles/ui_test.dir/build.make:98: CMakeFiles/ui_test.dir/src/mainwindow.cpp.o] Error 1
gmake[1]: *** [CMakeFiles/Makefile2:137: CMakeFiles/ui_test.dir/all] Error 2
gmake: *** [Makefile:146: all] Error 2
