[0.014s] Invoking command in '/home/kgh/GITHUB/robit-ros2-homework/HW3/build/ui_test': CMAKE_PREFIX_PATH=${CMAKE_PREFIX_PATH}:/opt/ros/humble /usr/bin/cmake --build /home/kgh/GITHUB/robit-ros2-homework/HW3/build/ui_test -- -j20 -l20
[0.055s] [ 16%] [34m[1mGenerating include/moc_mainwindow.cpp[0m
[0.067s] [35m[1mConsolidate compiler generated dependencies of target ui_test[0m
[0.096s] [ 33%] [32mBuilding CXX object CMakeFiles/ui_test.dir/src/main.cpp.o[0m
[0.098s] [ 50%] [32mBuilding CXX object CMakeFiles/ui_test.dir/src/mainwindow.cpp.o[0m
[0.101s] [ 66%] [32mBuilding CXX object CMakeFiles/ui_test.dir/include/moc_mainwindow.cpp.o[0m
[2.247s] [01m[K/home/kgh/GITHUB/robit-ros2-homework/HW3/ui_test/src/mainwindow.cpp:[m[K In constructor ‚Äò[01m[KMainWindow::MainWindow(QWidget*)[m[K‚Äô:
[2.247s] [01m[K/home/kgh/GITHUB/robit-ros2-homework/HW3/ui_test/src/mainwindow.cpp:16:5:[m[K [01;31m[Kerror: [m[K‚Äò[01m[Ktwist_publisher_[m[K‚Äô was not declared in this scope; did you mean ‚Äò[01m[Kpublisher_[m[K‚Äô?
[2.247s]    16 |     [01;31m[Ktwist_publisher_[m[K = node_->create_publisher<geometry_msgs::msg::Twist>("turtle1/cmd_vel", 10);
[2.247s]       |     [01;31m[K^~~~~~~~~~~~~~~~[m[K
[2.247s]       |     [32m[Kpublisher_[m[K
[2.258s] [01m[K/home/kgh/GITHUB/robit-ros2-homework/HW3/ui_test/src/mainwindow.cpp:17:5:[m[K [01;31m[Kerror: [m[K‚Äò[01m[Knum_publisher_[m[K‚Äô was not declared in this scope; did you mean ‚Äò[01m[Kpublisher_[m[K‚Äô?
[2.258s]    17 |     [01;31m[Knum_publisher_[m[K = node_->create_publisher<turtle_interface::msg::Num>("direction_topic", 10);
[2.258s]       |     [01;31m[K^~~~~~~~~~~~~~[m[K
[2.258s]       |     [32m[Kpublisher_[m[K
[2.258s] [01m[K/home/kgh/GITHUB/robit-ros2-homework/HW3/ui_test/src/mainwindow.cpp:21:57:[m[K [01;31m[Kerror: [m[K‚Äò[01m[KspinSome[m[K‚Äô is not a member of ‚Äò[01m[KMainWindow[m[K‚Äô
[2.258s]    21 |     connect(timer, &QTimer::timeout, this, &MainWindow::[01;31m[KspinSome[m[K);  // ÌÉÄÏù¥Î®∏Í∞Ä Ìò∏Ï∂úÎê† Îïå spinSome Ìò∏Ï∂ú
[2.258s]       |                                                         [01;31m[K^~~~~~~~[m[K
[2.265s] [01m[K/home/kgh/GITHUB/robit-ros2-homework/HW3/ui_test/src/mainwindow.cpp:[m[K In member function ‚Äò[01m[Kvoid MainWindow::publishDirection(double, double)[m[K‚Äô:
[2.265s] [01m[K/home/kgh/GITHUB/robit-ros2-homework/HW3/ui_test/src/mainwindow.cpp:35:5:[m[K [01;31m[Kerror: [m[K‚Äò[01m[Knum_publisher_[m[K‚Äô was not declared in this scope; did you mean ‚Äò[01m[Kpublisher_[m[K‚Äô?
[2.265s]    35 |     [01;31m[Knum_publisher_[m[K->publish(num_msg);  // Num Î©îÏãúÏßÄ ÌçºÎ∏îÎ¶¨Ïãú
[2.265s]       |     [01;31m[K^~~~~~~~~~~~~~[m[K
[2.266s]       |     [32m[Kpublisher_[m[K
[2.274s] [01m[K/home/kgh/GITHUB/robit-ros2-homework/HW3/ui_test/src/mainwindow.cpp:41:5:[m[K [01;31m[Kerror: [m[K‚Äò[01m[Ktwist_publisher_[m[K‚Äô was not declared in this scope; did you mean ‚Äò[01m[Kpublisher_[m[K‚Äô?
[2.274s]    41 |     [01;31m[Ktwist_publisher_[m[K->publish(twist_msg);  // Twist Î©îÏãúÏßÄ ÌçºÎ∏îÎ¶¨Ïãú
[2.274s]       |     [01;31m[K^~~~~~~~~~~~~~~~[m[K
[2.274s]       |     [32m[Kpublisher_[m[K
[2.274s] [01m[K/home/kgh/GITHUB/robit-ros2-homework/HW3/ui_test/src/mainwindow.cpp:[m[K At global scope:
[2.274s] [01m[K/home/kgh/GITHUB/robit-ros2-homework/HW3/ui_test/src/mainwindow.cpp:65:6:[m[K [01;31m[Kerror: [m[Kno declaration matches ‚Äò[01m[Kvoid MainWindow::spinSome()[m[K‚Äô
[2.274s]    65 | void [01;31m[KMainWindow[m[K::spinSome()
[2.274s]       |      [01;31m[K^~~~~~~~~~[m[K
[2.274s] [01m[K/home/kgh/GITHUB/robit-ros2-homework/HW3/ui_test/src/mainwindow.cpp:65:6:[m[K [01;36m[Knote: [m[Kno functions named ‚Äò[01m[Kvoid MainWindow::spinSome()[m[K‚Äô
[2.274s] In file included from [01m[K/home/kgh/GITHUB/robit-ros2-homework/HW3/ui_test/src/mainwindow.cpp:1[m[K:
[2.275s] [01m[K/home/kgh/GITHUB/robit-ros2-homework/HW3/ui_test/include/mainwindow.h:12:7:[m[K [01;36m[Knote: [m[K‚Äò[01m[Kclass MainWindow[m[K‚Äô defined here
[2.275s]    12 | class [01;36m[KMainWindow[m[K : public QMainWindow
[2.275s]       |       [01;36m[K^~~~~~~~~~[m[K
[3.004s] gmake[2]: *** [CMakeFiles/ui_test.dir/build.make:98: CMakeFiles/ui_test.dir/src/mainwindow.cpp.o] Error 1
[3.004s] gmake[1]: *** [CMakeFiles/Makefile2:137: CMakeFiles/ui_test.dir/all] Error 2
[3.004s] gmake: *** [Makefile:146: all] Error 2
[3.006s] Invoked command in '/home/kgh/GITHUB/robit-ros2-homework/HW3/build/ui_test' returned '2': CMAKE_PREFIX_PATH=${CMAKE_PREFIX_PATH}:/opt/ros/humble /usr/bin/cmake --build /home/kgh/GITHUB/robit-ros2-homework/HW3/build/ui_test -- -j20 -l20
