[0.006s] Invoking command in '/home/kgh/GITHUB/robit-ros2-homework/HW4/moving/build/moving': CMAKE_PREFIX_PATH=${CMAKE_PREFIX_PATH}:/opt/ros/humble /usr/bin/cmake --build /home/kgh/GITHUB/robit-ros2-homework/HW4/moving/build/moving -- -j20 -l20
[0.035s] [  9%] [34m[1mGenerating include/moving/moc_mainwindow.cpp[0m
[0.048s] [35m[1mConsolidate compiler generated dependencies of target moving_node[0m
[0.069s] [ 18%] [32mBuilding CXX object CMakeFiles/moving_node.dir/src/main.cpp.o[0m
[0.070s] [ 27%] [32mBuilding CXX object CMakeFiles/moving_node.dir/src/mainwindow.cpp.o[0m
[0.071s] [ 36%] [32mBuilding CXX object CMakeFiles/moving_node.dir/src/qnode.cpp.o[0m
[0.071s] [ 45%] [32mBuilding CXX object CMakeFiles/moving_node.dir/include/moving/moc_mainwindow.cpp.o[0m
[0.078s] [01m[K/home/kgh/GITHUB/robit-ros2-homework/HW4/moving/src/qnode.cpp:1:10:[m[K [01;31m[Kfatal error: [m[K../include/button/qnode.hpp: No such file or directory
[0.078s]     1 | #include [01;31m[K"../include/button/qnode.hpp"[m[K
[0.078s]       |          [01;31m[K^~~~~~~~~~~~~~~~~~~~~~~~~~~~~[m[K
[0.078s] compilation terminated.
[0.078s] gmake[2]: *** [CMakeFiles/moving_node.dir/build.make:124: CMakeFiles/moving_node.dir/src/qnode.cpp.o] Error 1
[0.078s] gmake[2]: *** Waiting for unfinished jobs....
[0.155s] In file included from [01m[K/home/kgh/GITHUB/robit-ros2-homework/HW4/moving/src/mainwindow.cpp:1[m[K:
[0.156s] [01m[K/home/kgh/GITHUB/robit-ros2-homework/HW4/moving/src/../include/moving/mainwindow.hpp:6:10:[m[K [01;31m[Kfatal error: [m[K../include/button/qnode.hpp: No such file or directory
[0.156s]     6 | #include [01;31m[K"../include/button/qnode.hpp"[m[K // QNode Ìó§Îçî Ìè¨Ìï®
[0.156s]       |          [01;31m[K^~~~~~~~~~~~~~~~~~~~~~~~~~~~~[m[K
[0.156s] compilation terminated.
[0.157s] gmake[2]: *** [CMakeFiles/moving_node.dir/build.make:110: CMakeFiles/moving_node.dir/src/mainwindow.cpp.o] Error 1
[0.157s] In file included from [01m[K/home/kgh/GITHUB/robit-ros2-homework/HW4/moving/build/moving/include/moving/moc_mainwindow.cpp:10[m[K:
[0.157s] [01m[K/home/kgh/GITHUB/robit-ros2-homework/HW4/moving/build/moving/include/moving/../../../../include/moving/mainwindow.hpp:6:10:[m[K [01;31m[Kfatal error: [m[K../include/button/qnode.hpp: No such file or directory
[0.157s]     6 | #include [01;31m[K"../include/button/qnode.hpp"[m[K // QNode Ìó§Îçî Ìè¨Ìï®
[0.157s]       |          [01;31m[K^~~~~~~~~~~~~~~~~~~~~~~~~~~~~[m[K
[0.158s] compilation terminated.
[0.159s] gmake[2]: *** [CMakeFiles/moving_node.dir/build.make:138: CMakeFiles/moving_node.dir/include/moving/moc_mainwindow.cpp.o] Error 1
[0.166s] In file included from [01m[K/home/kgh/GITHUB/robit-ros2-homework/HW4/moving/src/main.cpp:4[m[K:
[0.166s] [01m[K/home/kgh/GITHUB/robit-ros2-homework/HW4/moving/src/../include/moving/mainwindow.hpp:6:10:[m[K [01;31m[Kfatal error: [m[K../include/button/qnode.hpp: No such file or directory
[0.166s]     6 | #include [01;31m[K"../include/button/qnode.hpp"[m[K // QNode Ìó§Îçî Ìè¨Ìï®
[0.166s]       |          [01;31m[K^~~~~~~~~~~~~~~~~~~~~~~~~~~~~[m[K
[0.166s] compilation terminated.
[0.168s] gmake[2]: *** [CMakeFiles/moving_node.dir/build.make:96: CMakeFiles/moving_node.dir/src/main.cpp.o] Error 1
[0.168s] gmake[1]: *** [CMakeFiles/Makefile2:137: CMakeFiles/moving_node.dir/all] Error 2
[0.168s] gmake: *** [Makefile:146: all] Error 2
[0.170s] Invoked command in '/home/kgh/GITHUB/robit-ros2-homework/HW4/moving/build/moving' returned '2': CMAKE_PREFIX_PATH=${CMAKE_PREFIX_PATH}:/opt/ros/humble /usr/bin/cmake --build /home/kgh/GITHUB/robit-ros2-homework/HW4/moving/build/moving -- -j20 -l20
