[01m[K/home/kgh/GITHUB/robit-ros2-homework/HW4/moving/src/qnode.cpp:8:6:[m[K [01;31m[Kerror: [m[Kno declaration matches â€˜[01m[Kbool QNode::init()[m[Kâ€™
    8 | bool [01;31m[KQNode[m[K::init() {
      |      [01;31m[K^~~~~[m[K
In file included from [01m[K/home/kgh/GITHUB/robit-ros2-homework/HW4/moving/src/qnode.cpp:1[m[K:
[01m[K/home/kgh/GITHUB/robit-ros2-homework/HW4/moving/include/moving/qnode.hpp:17:10:[m[K [01;36m[Knote: [m[Kcandidate is: â€˜[01m[Kvoid QNode::init()[m[Kâ€™
   17 |     void [01;36m[Kinit[m[K(); // ì´ˆê¸°í™” ë©”ì†Œë“œ
      |          [01;36m[K^~~~[m[K
[01m[K/home/kgh/GITHUB/robit-ros2-homework/HW4/moving/include/moving/qnode.hpp:9:7:[m[K [01;36m[Knote: [m[Kâ€˜[01m[Kclass QNode[m[Kâ€™ defined here
    9 | class [01;36m[KQNode[m[K : public QThread
      |       [01;36m[K^~~~~[m[K
[01m[K/home/kgh/GITHUB/robit-ros2-homework/HW4/moving/src/qnode.cpp:[m[K In member function â€˜[01m[Kvoid QNode::messageCallback(std_msgs::msg::String_<std::allocator<void> >::SharedPtr)[m[Kâ€™:
[01m[K/home/kgh/GITHUB/robit-ros2-homework/HW4/moving/src/qnode.cpp:25:10:[m[K [01;31m[Kerror: [m[Kâ€˜[01m[KmessageReceived[m[Kâ€™ was not declared in this scope
   25 |     emit [01;31m[KmessageReceived[m[K(command); // ë©”ì‹œì§€ë¥¼ MainWindowì— ì „ë‹¬í•˜ëŠ” ì‹œê·¸ë„ì„ ë°œìƒ
      |          [01;31m[K^~~~~~~~~~~~~~~[m[K
gmake[2]: *** [CMakeFiles/moving_node.dir/build.make:124: CMakeFiles/moving_node.dir/src/qnode.cpp.o] Error 1
gmake[2]: *** Waiting for unfinished jobs....
[01m[K/home/kgh/GITHUB/robit-ros2-homework/HW4/moving/src/mainwindow.cpp:[m[K In constructor â€˜[01m[KMainWindow::MainWindow(QWidget*, rclcpp::Node::SharedPtr)[m[Kâ€™:
[01m[K/home/kgh/GITHUB/robit-ros2-homework/HW4/moving/src/mainwindow.cpp:35:37:[m[K [01;31m[Kerror: [m[Kâ€˜[01m[KrosShutDown[m[Kâ€™ is not a member of â€˜[01m[KQNode[m[Kâ€™
   35 |     QObject::connect(qnode, &QNode::[01;31m[KrosShutDown[m[K, this, &MainWindow::close);
      |                                     [01;31m[K^~~~~~~~~~~[m[K
[01m[K/home/kgh/GITHUB/robit-ros2-homework/HW4/moving/src/mainwindow.cpp:36:37:[m[K [01;31m[Kerror: [m[Kâ€˜[01m[KmessageReceived[m[Kâ€™ is not a member of â€˜[01m[KQNode[m[Kâ€™
   36 |     QObject::connect(qnode, &QNode::[01;31m[KmessageReceived[m[K, this, &MainWindow::processCommand); // ë©”ì‹œì§€ ìˆ˜ì‹  ì‹œê·¸ë„ ì—°ê²°
      |                                     [01;31m[K^~~~~~~~~~~~~~~[m[K
gmake[2]: *** [CMakeFiles/moving_node.dir/build.make:110: CMakeFiles/moving_node.dir/src/mainwindow.cpp.o] Error 1
gmake[1]: *** [CMakeFiles/Makefile2:137: CMakeFiles/moving_node.dir/all] Error 2
gmake: *** [Makefile:146: all] Error 2
