[0.008s] Invoking command in '/home/kgh/GITHUB/robit-ros2-homework/HW4/moving/build/moving': CMAKE_PREFIX_PATH=${CMAKE_PREFIX_PATH}:/opt/ros/humble /usr/bin/cmake --build /home/kgh/GITHUB/robit-ros2-homework/HW4/moving/build/moving -- -j20 -l20
[0.038s] [  9%] [34m[1mGenerating include/moving/moc_qnode.cpp[0m
[0.047s] [35m[1mConsolidate compiler generated dependencies of target moving_node[0m
[0.067s] [ 27%] [32mBuilding CXX object CMakeFiles/moving_node.dir/src/qnode.cpp.o[0m
[0.067s] [ 27%] [32mBuilding CXX object CMakeFiles/moving_node.dir/include/moving/moc_mainwindow.cpp.o[0m
[0.067s] [ 36%] [32mBuilding CXX object CMakeFiles/moving_node.dir/src/main.cpp.o[0m
[0.067s] [ 45%] [32mBuilding CXX object CMakeFiles/moving_node.dir/src/mainwindow.cpp.o[0m
[0.069s] [ 54%] [32mBuilding CXX object CMakeFiles/moving_node.dir/include/moving/moc_qnode.cpp.o[0m
[1.762s] [01m[K/home/kgh/GITHUB/robit-ros2-homework/HW4/moving/src/qnode.cpp:8:6:[m[K [01;31m[Kerror: [m[Kno declaration matches ‚Äò[01m[Kbool QNode::init()[m[K‚Äô
[1.762s]     8 | bool [01;31m[KQNode[m[K::init() {
[1.762s]       |      [01;31m[K^~~~~[m[K
[1.762s] In file included from [01m[K/home/kgh/GITHUB/robit-ros2-homework/HW4/moving/src/qnode.cpp:1[m[K:
[1.762s] [01m[K/home/kgh/GITHUB/robit-ros2-homework/HW4/moving/include/moving/qnode.hpp:17:10:[m[K [01;36m[Knote: [m[Kcandidate is: ‚Äò[01m[Kvoid QNode::init()[m[K‚Äô
[1.762s]    17 |     void [01;36m[Kinit[m[K(); // Ï¥àÍ∏∞Ìôî Î©îÏÜåÎìú
[1.762s]       |          [01;36m[K^~~~[m[K
[1.762s] [01m[K/home/kgh/GITHUB/robit-ros2-homework/HW4/moving/include/moving/qnode.hpp:9:7:[m[K [01;36m[Knote: [m[K‚Äò[01m[Kclass QNode[m[K‚Äô defined here
[1.762s]     9 | class [01;36m[KQNode[m[K : public QThread
[1.762s]       |       [01;36m[K^~~~~[m[K
[1.772s] [01m[K/home/kgh/GITHUB/robit-ros2-homework/HW4/moving/src/qnode.cpp:[m[K In member function ‚Äò[01m[Kvoid QNode::messageCallback(std_msgs::msg::String_<std::allocator<void> >::SharedPtr)[m[K‚Äô:
[1.772s] [01m[K/home/kgh/GITHUB/robit-ros2-homework/HW4/moving/src/qnode.cpp:25:10:[m[K [01;31m[Kerror: [m[K‚Äò[01m[KmessageReceived[m[K‚Äô was not declared in this scope
[1.772s]    25 |     emit [01;31m[KmessageReceived[m[K(command); // Î©îÏãúÏßÄÎ•º MainWindowÏóê Ï†ÑÎã¨ÌïòÎäî ÏãúÍ∑∏ÎÑêÏùÑ Î∞úÏÉù
[1.772s]       |          [01;31m[K^~~~~~~~~~~~~~~[m[K
[2.112s] gmake[2]: *** [CMakeFiles/moving_node.dir/build.make:124: CMakeFiles/moving_node.dir/src/qnode.cpp.o] Error 1
[2.112s] gmake[2]: *** Waiting for unfinished jobs....
[2.228s] [01m[K/home/kgh/GITHUB/robit-ros2-homework/HW4/moving/src/mainwindow.cpp:[m[K In constructor ‚Äò[01m[KMainWindow::MainWindow(QWidget*, rclcpp::Node::SharedPtr)[m[K‚Äô:
[2.228s] [01m[K/home/kgh/GITHUB/robit-ros2-homework/HW4/moving/src/mainwindow.cpp:35:37:[m[K [01;31m[Kerror: [m[K‚Äò[01m[KrosShutDown[m[K‚Äô is not a member of ‚Äò[01m[KQNode[m[K‚Äô
[2.228s]    35 |     QObject::connect(qnode, &QNode::[01;31m[KrosShutDown[m[K, this, &MainWindow::close);
[2.228s]       |                                     [01;31m[K^~~~~~~~~~~[m[K
[2.228s] [01m[K/home/kgh/GITHUB/robit-ros2-homework/HW4/moving/src/mainwindow.cpp:36:37:[m[K [01;31m[Kerror: [m[K‚Äò[01m[KmessageReceived[m[K‚Äô is not a member of ‚Äò[01m[KQNode[m[K‚Äô
[2.228s]    36 |     QObject::connect(qnode, &QNode::[01;31m[KmessageReceived[m[K, this, &MainWindow::processCommand); // Î©îÏãúÏßÄ ÏàòÏã† ÏãúÍ∑∏ÎÑê Ïó∞Í≤∞
[2.229s]       |                                     [01;31m[K^~~~~~~~~~~~~~~[m[K
[2.581s] gmake[2]: *** [CMakeFiles/moving_node.dir/build.make:110: CMakeFiles/moving_node.dir/src/mainwindow.cpp.o] Error 1
[2.620s] gmake[1]: *** [CMakeFiles/Makefile2:137: CMakeFiles/moving_node.dir/all] Error 2
[2.620s] gmake: *** [Makefile:146: all] Error 2
[2.622s] Invoked command in '/home/kgh/GITHUB/robit-ros2-homework/HW4/moving/build/moving' returned '2': CMAKE_PREFIX_PATH=${CMAKE_PREFIX_PATH}:/opt/ros/humble /usr/bin/cmake --build /home/kgh/GITHUB/robit-ros2-homework/HW4/moving/build/moving -- -j20 -l20
