In file included from [01m[K/home/kgh/GITHUB/robit-ros2-homework/HW4/moving/build/moving/include/moving/moc_mainwindow.cpp:10[m[K:
[01m[K/home/kgh/GITHUB/robit-ros2-homework/HW4/moving/build/moving/include/moving/../../../../include/moving/mainwindow.hpp:20:5:[m[K [01;31m[Kerror: [m[Kâ€˜[01m[KUi[m[Kâ€™ does not name a type
   20 |     [01;31m[KUi[m[K::MainWindowDesign *ui;
      |     [01;31m[K^~[m[K
In file included from [01m[K/home/kgh/GITHUB/robit-ros2-homework/HW4/moving/src/mainwindow.cpp:1[m[K:
[01m[K/home/kgh/GITHUB/robit-ros2-homework/HW4/moving/src/../include/moving/mainwindow.hpp:20:5:[m[K [01;31m[Kerror: [m[Kâ€˜[01m[KUi[m[Kâ€™ does not name a type
   20 |     [01;31m[KUi[m[K::MainWindowDesign *ui;
      |     [01;31m[K^~[m[K
In file included from [01m[K/home/kgh/GITHUB/robit-ros2-homework/HW4/moving/src/main.cpp:4[m[K:
[01m[K/home/kgh/GITHUB/robit-ros2-homework/HW4/moving/src/../include/moving/mainwindow.hpp:20:5:[m[K [01;31m[Kerror: [m[Kâ€˜[01m[KUi[m[Kâ€™ does not name a type
   20 |     [01;31m[KUi[m[K::MainWindowDesign *ui;
      |     [01;31m[K^~[m[K
[01m[K/home/kgh/GITHUB/robit-ros2-homework/HW4/moving/src/mainwindow.cpp:[m[K In constructor â€˜[01m[KMainWindow::MainWindow(QWidget*, rclcpp::Node::SharedPtr)[m[Kâ€™:
[01m[K/home/kgh/GITHUB/robit-ros2-homework/HW4/moving/src/mainwindow.cpp:8:7:[m[K [01;31m[Kerror: [m[Kclass â€˜[01m[KMainWindow[m[Kâ€™ does not have any field named â€˜[01m[Kui[m[Kâ€™
    8 |       [01;31m[Kui[m[K(new Ui::MainWindowDesign),
      |       [01;31m[K^~[m[K
[01m[K/home/kgh/GITHUB/robit-ros2-homework/HW4/moving/src/mainwindow.cpp:8:14:[m[K [01;31m[Kerror: [m[Kâ€˜[01m[KUi[m[Kâ€™ does not name a type
    8 |       ui(new [01;31m[KUi[m[K::MainWindowDesign),
      |              [01;31m[K^~[m[K
[01m[K/home/kgh/GITHUB/robit-ros2-homework/HW4/moving/src/mainwindow.cpp:13:5:[m[K [01;31m[Kerror: [m[Kâ€˜[01m[Kui[m[Kâ€™ was not declared in this scope
   13 |     [01;31m[Kui[m[K->setupUi(this);
      |     [01;31m[K^~[m[K
[01m[K/home/kgh/GITHUB/robit-ros2-homework/HW4/moving/src/mainwindow.cpp:[m[K In destructor â€˜[01m[Kvirtual MainWindow::~MainWindow()[m[Kâ€™:
[01m[K/home/kgh/GITHUB/robit-ros2-homework/HW4/moving/src/mainwindow.cpp:75:12:[m[K [01;31m[Kerror: [m[Kâ€˜[01m[Kui[m[Kâ€™ was not declared in this scope
   75 |     delete [01;31m[Kui[m[K;
      |            [01;31m[K^~[m[K
gmake[2]: *** [CMakeFiles/moving_node.dir/build.make:138: CMakeFiles/moving_node.dir/include/moving/moc_mainwindow.cpp.o] Error 1
gmake[2]: *** Waiting for unfinished jobs....
gmake[2]: *** [CMakeFiles/moving_node.dir/build.make:96: CMakeFiles/moving_node.dir/src/main.cpp.o] Error 1
gmake[2]: *** [CMakeFiles/moving_node.dir/build.make:110: CMakeFiles/moving_node.dir/src/mainwindow.cpp.o] Error 1
gmake[1]: *** [CMakeFiles/Makefile2:137: CMakeFiles/moving_node.dir/all] Error 2
gmake: *** [Makefile:146: all] Error 2
