[  9%] [32mBuilding CXX object CMakeFiles/moving_node.dir/src/mainwindow.cpp.o[0m
[ 18%] [32mBuilding CXX object CMakeFiles/moving_node.dir/src/main.cpp.o[0m
[ 27%] [32mBuilding CXX object CMakeFiles/moving_node.dir/include/moving/moc_mainwindow.cpp.o[0m
In file included from [01m[K/home/kgh/GITHUB/robit-ros2-homework/HW4/moving/src/mainwindow.cpp:1[m[K:
[01m[K/home/kgh/GITHUB/robit-ros2-homework/HW4/moving/src/../include/moving/mainwindow.hpp:10:10:[m[K [01;31m[Kfatal error: [m[Kstd_msgs/msg/string.hpp: No such file or directory
   10 | #include [01;31m[K<std_msgs/msg/string.hpp>[m[K  // ë©”ì‹œì§€ íƒ€ì…ì— ë”°ë¼ ë³€ê²½
      |          [01;31m[K^~~~~~~~~~~~~~~~~~~~~~~~~[m[K
compilation terminated.
In file included from [01m[K/home/kgh/GITHUB/robit-ros2-homework/HW4/moving/build/moving/include/moving/moc_mainwindow.cpp:10[m[K:
[01m[K/home/kgh/GITHUB/robit-ros2-homework/HW4/moving/build/moving/include/moving/../../../../include/moving/mainwindow.hpp:10:10:[m[K [01;31m[Kfatal error: [m[Kstd_msgs/msg/string.hpp: No such file or directory
   10 | #include [01;31m[K<std_msgs/msg/string.hpp>[m[K  // ë©”ì‹œì§€ íƒ€ì…ì— ë”°ë¼ ë³€ê²½
      |          [01;31m[K^~~~~~~~~~~~~~~~~~~~~~~~~[m[K
compilation terminated.
In file included from [01m[K/home/kgh/GITHUB/robit-ros2-homework/HW4/moving/src/main.cpp:4[m[K:
[01m[K/home/kgh/GITHUB/robit-ros2-homework/HW4/moving/src/../include/moving/mainwindow.hpp:10:10:[m[K [01;31m[Kfatal error: [m[Kstd_msgs/msg/string.hpp: No such file or directory
   10 | #include [01;31m[K<std_msgs/msg/string.hpp>[m[K  // ë©”ì‹œì§€ íƒ€ì…ì— ë”°ë¼ ë³€ê²½
      |          [01;31m[K^~~~~~~~~~~~~~~~~~~~~~~~~[m[K
compilation terminated.
gmake[2]: *** [CMakeFiles/moving_node.dir/build.make:110: CMakeFiles/moving_node.dir/src/mainwindow.cpp.o] Error 1
gmake[2]: *** Waiting for unfinished jobs....
gmake[2]: *** [CMakeFiles/moving_node.dir/build.make:96: CMakeFiles/moving_node.dir/src/main.cpp.o] Error 1
gmake[2]: *** [CMakeFiles/moving_node.dir/build.make:138: CMakeFiles/moving_node.dir/include/moving/moc_mainwindow.cpp.o] Error 1
gmake[1]: *** [CMakeFiles/Makefile2:137: CMakeFiles/moving_node.dir/all] Error 2
gmake: *** [Makefile:146: all] Error 2
