In file included from [01m[K/home/kgh/GITHUB/robit-ros2-homework/HW4/moving/src/main.cpp:4[m[K:
[01m[K/home/kgh/GITHUB/robit-ros2-homework/HW4/moving/src/../include/moving/mainwindow.hpp:46:3:[m[K [01;31m[Kerror: [m[K‚Äò[01m[KCharacter[m[K‚Äô does not name a type
   46 |   [01;31m[KCharacter[m[K* character;    // Character Ìè¨Ïù∏ÌÑ∞
      |   [01;31m[K^~~~~~~~~[m[K
In file included from [01m[K/home/kgh/GITHUB/robit-ros2-homework/HW4/moving/build/moving/include/moving/moc_mainwindow.cpp:10[m[K:
[01m[K/home/kgh/GITHUB/robit-ros2-homework/HW4/moving/build/moving/include/moving/../../../../include/moving/mainwindow.hpp:46:3:[m[K [01;31m[Kerror: [m[K‚Äò[01m[KCharacter[m[K‚Äô does not name a type
   46 |   [01;31m[KCharacter[m[K* character;    // Character Ìè¨Ïù∏ÌÑ∞
      |   [01;31m[K^~~~~~~~~[m[K
In file included from [01m[K/home/kgh/GITHUB/robit-ros2-homework/HW4/moving/src/mainwindow.cpp:13[m[K:
[01m[K/home/kgh/GITHUB/robit-ros2-homework/HW4/moving/src/../include/moving/mainwindow.hpp:46:3:[m[K [01;31m[Kerror: [m[K‚Äò[01m[KCharacter[m[K‚Äô does not name a type
   46 |   [01;31m[KCharacter[m[K* character;    // Character Ìè¨Ïù∏ÌÑ∞
      |   [01;31m[K^~~~~~~~~[m[K
[01m[K/home/kgh/GITHUB/robit-ros2-homework/HW4/moving/src/mainwindow.cpp:[m[K In constructor ‚Äò[01m[KMainWindow::MainWindow(QWidget*)[m[K‚Äô:
[01m[K/home/kgh/GITHUB/robit-ros2-homework/HW4/moving/src/mainwindow.cpp:28:9:[m[K [01;31m[Kerror: [m[K‚Äò[01m[Kclass Ui::MainWindowDesign[m[K‚Äô has no member named ‚Äò[01m[KgraphicsView[m[K‚Äô
   28 |     ui->[01;31m[KgraphicsView[m[K->setScene(scene);
      |         [01;31m[K^~~~~~~~~~~~[m[K
[01m[K/home/kgh/GITHUB/robit-ros2-homework/HW4/moving/src/mainwindow.cpp:31:5:[m[K [01;31m[Kerror: [m[K‚Äò[01m[Kcharacter[m[K‚Äô was not declared in this scope
   31 |     [01;31m[Kcharacter[m[K = new Character();
      |     [01;31m[K^~~~~~~~~[m[K
[01m[K/home/kgh/GITHUB/robit-ros2-homework/HW4/moving/src/mainwindow.cpp:31:21:[m[K [01;31m[Kerror: [m[Kexpected type-specifier before ‚Äò[01m[KCharacter[m[K‚Äô
   31 |     character = new [01;31m[KCharacter[m[K();
      |                     [01;31m[K^~~~~~~~~[m[K
[01m[K/home/kgh/GITHUB/robit-ros2-homework/HW4/moving/src/mainwindow.cpp:[m[K In member function ‚Äò[01m[Kvirtual void MainWindow::keyPressEvent(QKeyEvent*)[m[K‚Äô:
[01m[K/home/kgh/GITHUB/robit-ros2-homework/HW4/moving/src/mainwindow.cpp:43:13:[m[K [01;31m[Kerror: [m[K‚Äò[01m[Kcharacter[m[K‚Äô was not declared in this scope
   43 |             [01;31m[Kcharacter[m[K->moveLeft();  // ÏôºÏ™ΩÏúºÎ°ú Ïù¥Îèô
      |             [01;31m[K^~~~~~~~~[m[K
[01m[K/home/kgh/GITHUB/robit-ros2-homework/HW4/moving/src/mainwindow.cpp:[m[K In member function ‚Äò[01m[Kvirtual void MainWindow::keyReleaseEvent(QKeyEvent*)[m[K‚Äô:
[01m[K/home/kgh/GITHUB/robit-ros2-homework/HW4/moving/src/mainwindow.cpp:54:45:[m[K [01;35m[Kwarning: [m[Kunused parameter ‚Äò[01m[Kevent[m[K‚Äô [[01;35m[K]8;;https://gcc.gnu.org/onlinedocs/gcc/Warning-Options.html#index-Wunused-parameter-Wunused-parameter]8;;[m[K]
   54 | void MainWindow::keyReleaseEvent([01;35m[KQKeyEvent* event[m[K)
      |                                  [01;35m[K~~~~~~~~~~~^~~~~[m[K
[01m[K/home/kgh/GITHUB/robit-ros2-homework/HW4/moving/src/mainwindow.cpp:[m[K In destructor ‚Äò[01m[Kvirtual MainWindow::~MainWindow()[m[K‚Äô:
[01m[K/home/kgh/GITHUB/robit-ros2-homework/HW4/moving/src/mainwindow.cpp:67:12:[m[K [01;31m[Kerror: [m[K‚Äò[01m[Kcharacter[m[K‚Äô was not declared in this scope
   67 |     delete [01;31m[Kcharacter[m[K;  // Ï∫êÎ¶≠ÌÑ∞ Í∞ùÏ≤¥ Ìï¥Ï†ú
      |            [01;31m[K^~~~~~~~~[m[K
gmake[2]: *** [CMakeFiles/moving_node.dir/build.make:96: CMakeFiles/moving_node.dir/src/main.cpp.o] Error 1
gmake[2]: *** Waiting for unfinished jobs....
gmake[2]: *** [CMakeFiles/moving_node.dir/build.make:138: CMakeFiles/moving_node.dir/include/moving/moc_mainwindow.cpp.o] Error 1
gmake[2]: *** [CMakeFiles/moving_node.dir/build.make:110: CMakeFiles/moving_node.dir/src/mainwindow.cpp.o] Error 1
gmake[1]: *** [CMakeFiles/Makefile2:137: CMakeFiles/moving_node.dir/all] Error 2
gmake: *** [Makefile:146: all] Error 2
