[0.007s] Invoking command in '/home/kgh/GITHUB/robit-ros2-homework/HW4/moving/build/moving': CMAKE_PREFIX_PATH=${CMAKE_PREFIX_PATH}:/opt/ros/humble /usr/bin/cmake --build /home/kgh/GITHUB/robit-ros2-homework/HW4/moving/build/moving -- -j20 -l20
[0.037s] [  9%] [34m[1mGenerating include/moving/moc_mainwindow.cpp[0m
[0.056s] [ 18%] [32mBuilding CXX object CMakeFiles/moving_node.dir/src/main.cpp.o[0m
[0.057s] [ 27%] [32mBuilding CXX object CMakeFiles/moving_node.dir/src/mainwindow.cpp.o[0m
[0.058s] [ 36%] [32mBuilding CXX object CMakeFiles/moving_node.dir/include/moving/moc_mainwindow.cpp.o[0m
[1.669s] In file included from [01m[K/home/kgh/GITHUB/robit-ros2-homework/HW4/moving/src/main.cpp:4[m[K:
[1.669s] [01m[K/home/kgh/GITHUB/robit-ros2-homework/HW4/moving/src/../include/moving/mainwindow.hpp:46:3:[m[K [01;31m[Kerror: [m[K‚Äò[01m[KCharacter[m[K‚Äô does not name a type
[1.670s]    46 |   [01;31m[KCharacter[m[K* character;    // Character Ìè¨Ïù∏ÌÑ∞
[1.670s]       |   [01;31m[K^~~~~~~~~[m[K
[1.677s] In file included from [01m[K/home/kgh/GITHUB/robit-ros2-homework/HW4/moving/build/moving/include/moving/moc_mainwindow.cpp:10[m[K:
[1.677s] [01m[K/home/kgh/GITHUB/robit-ros2-homework/HW4/moving/build/moving/include/moving/../../../../include/moving/mainwindow.hpp:46:3:[m[K [01;31m[Kerror: [m[K‚Äò[01m[KCharacter[m[K‚Äô does not name a type
[1.677s]    46 |   [01;31m[KCharacter[m[K* character;    // Character Ìè¨Ïù∏ÌÑ∞
[1.677s]       |   [01;31m[K^~~~~~~~~[m[K
[1.698s] In file included from [01m[K/home/kgh/GITHUB/robit-ros2-homework/HW4/moving/src/mainwindow.cpp:13[m[K:
[1.698s] [01m[K/home/kgh/GITHUB/robit-ros2-homework/HW4/moving/src/../include/moving/mainwindow.hpp:46:3:[m[K [01;31m[Kerror: [m[K‚Äò[01m[KCharacter[m[K‚Äô does not name a type
[1.698s]    46 |   [01;31m[KCharacter[m[K* character;    // Character Ìè¨Ïù∏ÌÑ∞
[1.698s]       |   [01;31m[K^~~~~~~~~[m[K
[1.734s] [01m[K/home/kgh/GITHUB/robit-ros2-homework/HW4/moving/src/mainwindow.cpp:[m[K In constructor ‚Äò[01m[KMainWindow::MainWindow(QWidget*)[m[K‚Äô:
[1.734s] [01m[K/home/kgh/GITHUB/robit-ros2-homework/HW4/moving/src/mainwindow.cpp:28:9:[m[K [01;31m[Kerror: [m[K‚Äò[01m[Kclass Ui::MainWindowDesign[m[K‚Äô has no member named ‚Äò[01m[KgraphicsView[m[K‚Äô
[1.735s]    28 |     ui->[01;31m[KgraphicsView[m[K->setScene(scene);
[1.735s]       |         [01;31m[K^~~~~~~~~~~~[m[K
[1.740s] [01m[K/home/kgh/GITHUB/robit-ros2-homework/HW4/moving/src/mainwindow.cpp:31:5:[m[K [01;31m[Kerror: [m[K‚Äò[01m[Kcharacter[m[K‚Äô was not declared in this scope
[1.741s]    31 |     [01;31m[Kcharacter[m[K = new Character();
[1.741s]       |     [01;31m[K^~~~~~~~~[m[K
[1.741s] [01m[K/home/kgh/GITHUB/robit-ros2-homework/HW4/moving/src/mainwindow.cpp:31:21:[m[K [01;31m[Kerror: [m[Kexpected type-specifier before ‚Äò[01m[KCharacter[m[K‚Äô
[1.741s]    31 |     character = new [01;31m[KCharacter[m[K();
[1.741s]       |                     [01;31m[K^~~~~~~~~[m[K
[1.747s] [01m[K/home/kgh/GITHUB/robit-ros2-homework/HW4/moving/src/mainwindow.cpp:[m[K In member function ‚Äò[01m[Kvirtual void MainWindow::keyPressEvent(QKeyEvent*)[m[K‚Äô:
[1.747s] [01m[K/home/kgh/GITHUB/robit-ros2-homework/HW4/moving/src/mainwindow.cpp:43:13:[m[K [01;31m[Kerror: [m[K‚Äò[01m[Kcharacter[m[K‚Äô was not declared in this scope
[1.747s]    43 |             [01;31m[Kcharacter[m[K->moveLeft();  // ÏôºÏ™ΩÏúºÎ°ú Ïù¥Îèô
[1.747s]       |             [01;31m[K^~~~~~~~~[m[K
[1.747s] [01m[K/home/kgh/GITHUB/robit-ros2-homework/HW4/moving/src/mainwindow.cpp:[m[K In member function ‚Äò[01m[Kvirtual void MainWindow::keyReleaseEvent(QKeyEvent*)[m[K‚Äô:
[1.747s] [01m[K/home/kgh/GITHUB/robit-ros2-homework/HW4/moving/src/mainwindow.cpp:54:45:[m[K [01;35m[Kwarning: [m[Kunused parameter ‚Äò[01m[Kevent[m[K‚Äô [[01;35m[K]8;;https://gcc.gnu.org/onlinedocs/gcc/Warning-Options.html#index-Wunused-parameter-Wunused-parameter]8;;[m[K]
[1.747s]    54 | void MainWindow::keyReleaseEvent([01;35m[KQKeyEvent* event[m[K)
[1.747s]       |                                  [01;35m[K~~~~~~~~~~~^~~~~[m[K
[1.752s] [01m[K/home/kgh/GITHUB/robit-ros2-homework/HW4/moving/src/mainwindow.cpp:[m[K In destructor ‚Äò[01m[Kvirtual MainWindow::~MainWindow()[m[K‚Äô:
[1.752s] [01m[K/home/kgh/GITHUB/robit-ros2-homework/HW4/moving/src/mainwindow.cpp:67:12:[m[K [01;31m[Kerror: [m[K‚Äò[01m[Kcharacter[m[K‚Äô was not declared in this scope
[1.752s]    67 |     delete [01;31m[Kcharacter[m[K;  // Ï∫êÎ¶≠ÌÑ∞ Í∞ùÏ≤¥ Ìï¥Ï†ú
[1.752s]       |            [01;31m[K^~~~~~~~~[m[K
[2.179s] gmake[2]: *** [CMakeFiles/moving_node.dir/build.make:96: CMakeFiles/moving_node.dir/src/main.cpp.o] Error 1
[2.179s] gmake[2]: *** Waiting for unfinished jobs....
[2.188s] gmake[2]: *** [CMakeFiles/moving_node.dir/build.make:138: CMakeFiles/moving_node.dir/include/moving/moc_mainwindow.cpp.o] Error 1
[2.255s] gmake[2]: *** [CMakeFiles/moving_node.dir/build.make:110: CMakeFiles/moving_node.dir/src/mainwindow.cpp.o] Error 1
[2.255s] gmake[1]: *** [CMakeFiles/Makefile2:137: CMakeFiles/moving_node.dir/all] Error 2
[2.255s] gmake: *** [Makefile:146: all] Error 2
[2.257s] Invoked command in '/home/kgh/GITHUB/robit-ros2-homework/HW4/moving/build/moving' returned '2': CMAKE_PREFIX_PATH=${CMAKE_PREFIX_PATH}:/opt/ros/humble /usr/bin/cmake --build /home/kgh/GITHUB/robit-ros2-homework/HW4/moving/build/moving -- -j20 -l20
