[0.006s] Invoking command in '/home/kgh/GITHUB/robit-ros2-homework/HW4/moving/build/moving': CMAKE_PREFIX_PATH=${CMAKE_PREFIX_PATH}:/opt/ros/humble /usr/bin/cmake --build /home/kgh/GITHUB/robit-ros2-homework/HW4/moving/build/moving -- -j20 -l20
[0.035s] [35m[1mConsolidate compiler generated dependencies of target moving_node[0m
[0.054s] [  9%] [32mBuilding CXX object CMakeFiles/moving_node.dir/src/mainwindow.cpp.o[0m
[1.544s] [01m[K/home/kgh/GITHUB/robit-ros2-homework/HW4/moving/src/mainwindow.cpp:[m[K In constructor â€˜[01m[KMainWindow::MainWindow(QWidget*)[m[Kâ€™:
[1.544s] [01m[K/home/kgh/GITHUB/robit-ros2-homework/HW4/moving/src/mainwindow.cpp:16:9:[m[K [01;31m[Kerror: [m[Kâ€˜[01m[Kclass Ui::MainWindowDesign[m[Kâ€™ has no member named â€˜[01m[Kcharacter[m[Kâ€™
[1.544s]    16 |     ui->[01;31m[Kcharacter[m[K->setScene(scene); // graphicsView ëŒ€ì‹  character ì‚¬ìš©
[1.544s]       |         [01;31m[K^~~~~~~~~[m[K
[1.549s] [01m[K/home/kgh/GITHUB/robit-ros2-homework/HW4/moving/src/mainwindow.cpp:19:5:[m[K [01;31m[Kerror: [m[Kâ€˜[01m[KcharacterItem[m[Kâ€™ was not declared in this scope; did you mean â€˜[01m[Kcharacter[m[Kâ€™?
[1.549s]    19 |     [01;31m[KcharacterItem[m[K = new QGraphicsEllipseItem(0, 0, 50, 50); // ì´ë¦„ ì¶©ëŒ ë°©ì§€ë¥¼ ìœ„í•´ ë‹¤ë¥¸ ì´ë¦„ ì‚¬ìš©
[1.549s]       |     [01;31m[K^~~~~~~~~~~~~[m[K
[1.549s]       |     [32m[Kcharacter[m[K
[1.554s] [01m[K/home/kgh/GITHUB/robit-ros2-homework/HW4/moving/src/mainwindow.cpp:[m[K In member function â€˜[01m[Kvirtual void MainWindow::keyPressEvent(QKeyEvent*)[m[Kâ€™:
[1.554s] [01m[K/home/kgh/GITHUB/robit-ros2-homework/HW4/moving/src/mainwindow.cpp:39:13:[m[K [01;31m[Kerror: [m[Kâ€˜[01m[KcharacterItem[m[Kâ€™ was not declared in this scope; did you mean â€˜[01m[Kcharacter[m[Kâ€™?
[1.554s]    39 |             [01;31m[KcharacterItem[m[K->setPos(characterX, characterY);
[1.554s]       |             [01;31m[K^~~~~~~~~~~~~[m[K
[1.554s]       |             [32m[Kcharacter[m[K
[1.559s] [01m[K/home/kgh/GITHUB/robit-ros2-homework/HW4/moving/src/mainwindow.cpp:56:13:[m[K [01;31m[Kerror: [m[Kâ€˜[01m[KcharacterItem[m[Kâ€™ was not declared in this scope; did you mean â€˜[01m[Kcharacter[m[Kâ€™?
[1.559s]    56 |             [01;31m[KcharacterItem[m[K->setPos(characterX, characterY);
[1.559s]       |             [01;31m[K^~~~~~~~~~~~~[m[K
[1.559s]       |             [32m[Kcharacter[m[K
[1.559s] [01m[K/home/kgh/GITHUB/robit-ros2-homework/HW4/moving/src/mainwindow.cpp:[m[K In member function â€˜[01m[Kvirtual void MainWindow::keyReleaseEvent(QKeyEvent*)[m[Kâ€™:
[1.559s] [01m[K/home/kgh/GITHUB/robit-ros2-homework/HW4/moving/src/mainwindow.cpp:64:45:[m[K [01;35m[Kwarning: [m[Kunused parameter â€˜[01m[Kevent[m[Kâ€™ [[01;35m[K]8;;https://gcc.gnu.org/onlinedocs/gcc/Warning-Options.html#index-Wunused-parameter-Wunused-parameter]8;;[m[K]
[1.559s]    64 |  MainWindow::keyReleaseEvent([01;35m[KQKeyEvent* event[m[K)
[1.559s]       |                              [01;35m[K~~~~~~~~~~~^~~~~[m[K
[1.559s] 
[1.564s] [01m[K/home/kgh/GITHUB/robit-ros2-homework/HW4/moving/src/mainwindow.cpp:[m[K In destructor â€˜[01m[Kvirtual MainWindow::~MainWindow()[m[Kâ€™:
[1.564s] [01m[K/home/kgh/GITHUB/robit-ros2-homework/HW4/moving/src/mainwindow.cpp:77:12:[m[K [01;31m[Kerror: [m[Kâ€˜[01m[KcharacterItem[m[Kâ€™ was not declared in this scope; did you mean â€˜[01m[Kcharacter[m[Kâ€™?
[1.564s]    77 |     delete [01;31m[KcharacterItem[m[K; // characterItem í•´ì œ
[1.564s]       |            [01;31m[K^~~~~~~~~~~~~[m[K
[1.564s]       |            [32m[Kcharacter[m[K
[2.010s] gmake[2]: *** [CMakeFiles/moving_node.dir/build.make:110: CMakeFiles/moving_node.dir/src/mainwindow.cpp.o] Error 1
[2.010s] gmake[1]: *** [CMakeFiles/Makefile2:137: CMakeFiles/moving_node.dir/all] Error 2
[2.010s] gmake: *** [Makefile:146: all] Error 2
[2.012s] Invoked command in '/home/kgh/GITHUB/robit-ros2-homework/HW4/moving/build/moving' returned '2': CMAKE_PREFIX_PATH=${CMAKE_PREFIX_PATH}:/opt/ros/humble /usr/bin/cmake --build /home/kgh/GITHUB/robit-ros2-homework/HW4/moving/build/moving -- -j20 -l20
