[01m[K/home/kgh/GITHUB/robit-ros2-homework/HW4/button/src/qnode.cpp:[m[K In constructor â€˜[01m[KQNode::QNode()[m[Kâ€™:
[01m[K/home/kgh/GITHUB/robit-ros2-homework/HW4/button/src/qnode.cpp:23:3:[m[K [01;31m[Kerror: [m[Kâ€˜[01m[Kpublisher_[m[Kâ€™ was not declared in this scope; did you mean â€˜[01m[Kpublisher[m[Kâ€™?
   23 |   [01;31m[Kpublisher_[m[K = node->create_publisher<std_msgs::msg::String>("keypad_commands", 10);
      |   [01;31m[K^~~~~~~~~~[m[K
      |   [32m[Kpublisher[m[K
[01m[K/home/kgh/GITHUB/robit-ros2-homework/HW4/button/src/mainwindow.cpp:[m[K In constructor â€˜[01m[KMainWindow::MainWindow(QWidget*)[m[Kâ€™:
[01m[K/home/kgh/GITHUB/robit-ros2-homework/HW4/button/src/mainwindow.cpp:25:10:[m[K [01;31m[Kerror: [m[Kâ€˜[01m[Kclass QNode[m[Kâ€™ has no member named â€˜[01m[Kinit[m[Kâ€™
   25 |   qnode->[01;31m[Kinit[m[K();        // QNode ì´ˆê¸°í™”
      |          [01;31m[K^~~~[m[K
[01m[K/home/kgh/GITHUB/robit-ros2-homework/HW4/button/src/mainwindow.cpp:[m[K In member function â€˜[01m[Kvoid MainWindow::on_right_button_clicked()[m[Kâ€™:
[01m[K/home/kgh/GITHUB/robit-ros2-homework/HW4/button/src/mainwindow.cpp:51:12:[m[K [01;31m[Kerror: [m[Kâ€˜[01m[Kclass QNode[m[Kâ€™ has no member named â€˜[01m[Kpublisher_[m[Kâ€™; did you mean â€˜[01m[Kpublisher[m[Kâ€™?
   51 |     qnode->[01;31m[Kpublisher_[m[K->publish(message);  // QNodeë¥¼ í†µí•´ ë©”ì‹œì§€ í¼ë¸”ë¦¬ì‹œ
      |            [01;31m[K^~~~~~~~~~[m[K
      |            [32m[Kpublisher[m[K
[01m[K/home/kgh/GITHUB/robit-ros2-homework/HW4/button/src/mainwindow.cpp:[m[K In member function â€˜[01m[Kvoid MainWindow::on_left_button_clicked()[m[Kâ€™:
[01m[K/home/kgh/GITHUB/robit-ros2-homework/HW4/button/src/mainwindow.cpp:58:12:[m[K [01;31m[Kerror: [m[Kâ€˜[01m[Kclass QNode[m[Kâ€™ has no member named â€˜[01m[Kpublisher_[m[Kâ€™; did you mean â€˜[01m[Kpublisher[m[Kâ€™?
   58 |     qnode->[01;31m[Kpublisher_[m[K->publish(message);  // QNodeë¥¼ í†µí•´ ë©”ì‹œì§€ í¼ë¸”ë¦¬ì‹œ
      |            [01;31m[K^~~~~~~~~~[m[K
      |            [32m[Kpublisher[m[K
[01m[K/home/kgh/GITHUB/robit-ros2-homework/HW4/button/src/mainwindow.cpp:[m[K In member function â€˜[01m[Kvoid MainWindow::on_jump_button_clicked()[m[Kâ€™:
[01m[K/home/kgh/GITHUB/robit-ros2-homework/HW4/button/src/mainwindow.cpp:65:12:[m[K [01;31m[Kerror: [m[Kâ€˜[01m[Kclass QNode[m[Kâ€™ has no member named â€˜[01m[Kpublisher_[m[Kâ€™; did you mean â€˜[01m[Kpublisher[m[Kâ€™?
   65 |     qnode->[01;31m[Kpublisher_[m[K->publish(message);  // QNodeë¥¼ í†µí•´ ë©”ì‹œì§€ í¼ë¸”ë¦¬ì‹œ
      |            [01;31m[K^~~~~~~~~~[m[K
      |            [32m[Kpublisher[m[K
gmake[2]: *** [CMakeFiles/button_node.dir/build.make:122: CMakeFiles/button_node.dir/src/qnode.cpp.o] Error 1
gmake[2]: *** Waiting for unfinished jobs....
gmake[2]: *** [CMakeFiles/button_node.dir/build.make:108: CMakeFiles/button_node.dir/src/mainwindow.cpp.o] Error 1
gmake[1]: *** [CMakeFiles/Makefile2:137: CMakeFiles/button_node.dir/all] Error 2
gmake: *** [Makefile:146: all] Error 2
