[0.006s] Invoking command in '/home/kgh/GITHUB/robit-ros2-homework/HW4/button/build/button': CMAKE_PREFIX_PATH=${CMAKE_PREFIX_PATH}:/opt/ros/humble /usr/bin/cmake --build /home/kgh/GITHUB/robit-ros2-homework/HW4/button/build/button -- -j20 -l20
[0.020s] -- Found ament_cmake: 1.3.10 (/opt/ros/humble/share/ament_cmake/cmake)
[0.088s] -- Found rclcpp: 16.0.10 (/opt/ros/humble/share/rclcpp/cmake)
[0.101s] -- Found rosidl_generator_c: 3.1.5 (/opt/ros/humble/share/rosidl_generator_c/cmake)
[0.103s] -- Found rosidl_adapter: 3.1.5 (/opt/ros/humble/share/rosidl_adapter/cmake)
[0.105s] -- Found rosidl_generator_cpp: 3.1.5 (/opt/ros/humble/share/rosidl_generator_cpp/cmake)
[0.111s] -- Using all available rosidl_typesupport_c: rosidl_typesupport_fastrtps_c;rosidl_typesupport_introspection_c
[0.117s] -- Using all available rosidl_typesupport_cpp: rosidl_typesupport_fastrtps_cpp;rosidl_typesupport_introspection_cpp
[0.133s] -- Found rmw_implementation_cmake: 6.1.2 (/opt/ros/humble/share/rmw_implementation_cmake/cmake)
[0.134s] -- Found rmw_fastrtps_cpp: 6.2.7 (/opt/ros/humble/share/rmw_fastrtps_cpp/cmake)
[0.191s] -- Using RMW implementation 'rmw_fastrtps_cpp' as default
[0.230s] -- Found Qt5: 5.15.3
[0.231s] -- Found ament_lint_auto: 0.12.11 (/opt/ros/humble/share/ament_lint_auto/cmake)
[0.272s] -- Configuring done
[0.278s] -- Generating done
[0.278s] -- Build files have been written to: /home/kgh/GITHUB/robit-ros2-homework/HW4/button/build/button
[0.301s] [35m[1mConsolidate compiler generated dependencies of target button_node[0m
[0.319s] [ 18%] [32mBuilding CXX object CMakeFiles/button_node.dir/src/main.cpp.o[0m
[0.320s] [ 18%] [32mBuilding CXX object CMakeFiles/button_node.dir/src/mainwindow.cpp.o[0m
[0.320s] [ 27%] [32mBuilding CXX object CMakeFiles/button_node.dir/include/button/moc_qnode.cpp.o[0m
[0.320s] [ 36%] [32mBuilding CXX object CMakeFiles/button_node.dir/qrc_images.cpp.o[0m
[0.320s] [ 54%] [32mBuilding CXX object CMakeFiles/button_node.dir/include/button/moc_mainwindow.cpp.o[0m
[0.320s] [ 54%] [32mBuilding CXX object CMakeFiles/button_node.dir/src/qnode.cpp.o[0m
[2.015s] [01m[K/home/kgh/GITHUB/robit-ros2-homework/HW4/button/src/qnode.cpp:[m[K In constructor ‚Äò[01m[KQNode::QNode()[m[K‚Äô:
[2.015s] [01m[K/home/kgh/GITHUB/robit-ros2-homework/HW4/button/src/qnode.cpp:23:3:[m[K [01;31m[Kerror: [m[K‚Äò[01m[Kpublisher_[m[K‚Äô was not declared in this scope; did you mean ‚Äò[01m[Kpublisher[m[K‚Äô?
[2.015s]    23 |   [01;31m[Kpublisher_[m[K = node->create_publisher<std_msgs::msg::String>("keypad_commands", 10);
[2.015s]       |   [01;31m[K^~~~~~~~~~[m[K
[2.015s]       |   [32m[Kpublisher[m[K
[2.247s] [01m[K/home/kgh/GITHUB/robit-ros2-homework/HW4/button/src/mainwindow.cpp:[m[K In constructor ‚Äò[01m[KMainWindow::MainWindow(QWidget*)[m[K‚Äô:
[2.248s] [01m[K/home/kgh/GITHUB/robit-ros2-homework/HW4/button/src/mainwindow.cpp:25:10:[m[K [01;31m[Kerror: [m[K‚Äò[01m[Kclass QNode[m[K‚Äô has no member named ‚Äò[01m[Kinit[m[K‚Äô
[2.248s]    25 |   qnode->[01;31m[Kinit[m[K();        // QNode Ï¥àÍ∏∞Ìôî
[2.248s]       |          [01;31m[K^~~~[m[K
[2.249s] [01m[K/home/kgh/GITHUB/robit-ros2-homework/HW4/button/src/mainwindow.cpp:[m[K In member function ‚Äò[01m[Kvoid MainWindow::on_right_button_clicked()[m[K‚Äô:
[2.249s] [01m[K/home/kgh/GITHUB/robit-ros2-homework/HW4/button/src/mainwindow.cpp:51:12:[m[K [01;31m[Kerror: [m[K‚Äò[01m[Kclass QNode[m[K‚Äô has no member named ‚Äò[01m[Kpublisher_[m[K‚Äô; did you mean ‚Äò[01m[Kpublisher[m[K‚Äô?
[2.249s]    51 |     qnode->[01;31m[Kpublisher_[m[K->publish(message);  // QNodeÎ•º ÌÜµÌï¥ Î©îÏãúÏßÄ ÌçºÎ∏îÎ¶¨Ïãú
[2.250s]       |            [01;31m[K^~~~~~~~~~[m[K
[2.250s]       |            [32m[Kpublisher[m[K
[2.250s] [01m[K/home/kgh/GITHUB/robit-ros2-homework/HW4/button/src/mainwindow.cpp:[m[K In member function ‚Äò[01m[Kvoid MainWindow::on_left_button_clicked()[m[K‚Äô:
[2.250s] [01m[K/home/kgh/GITHUB/robit-ros2-homework/HW4/button/src/mainwindow.cpp:58:12:[m[K [01;31m[Kerror: [m[K‚Äò[01m[Kclass QNode[m[K‚Äô has no member named ‚Äò[01m[Kpublisher_[m[K‚Äô; did you mean ‚Äò[01m[Kpublisher[m[K‚Äô?
[2.250s]    58 |     qnode->[01;31m[Kpublisher_[m[K->publish(message);  // QNodeÎ•º ÌÜµÌï¥ Î©îÏãúÏßÄ ÌçºÎ∏îÎ¶¨Ïãú
[2.250s]       |            [01;31m[K^~~~~~~~~~[m[K
[2.250s]       |            [32m[Kpublisher[m[K
[2.250s] [01m[K/home/kgh/GITHUB/robit-ros2-homework/HW4/button/src/mainwindow.cpp:[m[K In member function ‚Äò[01m[Kvoid MainWindow::on_jump_button_clicked()[m[K‚Äô:
[2.250s] [01m[K/home/kgh/GITHUB/robit-ros2-homework/HW4/button/src/mainwindow.cpp:65:12:[m[K [01;31m[Kerror: [m[K‚Äò[01m[Kclass QNode[m[K‚Äô has no member named ‚Äò[01m[Kpublisher_[m[K‚Äô; did you mean ‚Äò[01m[Kpublisher[m[K‚Äô?
[2.250s]    65 |     qnode->[01;31m[Kpublisher_[m[K->publish(message);  // QNodeÎ•º ÌÜµÌï¥ Î©îÏãúÏßÄ ÌçºÎ∏îÎ¶¨Ïãú
[2.250s]       |            [01;31m[K^~~~~~~~~~[m[K
[2.250s]       |            [32m[Kpublisher[m[K
[2.479s] gmake[2]: *** [CMakeFiles/button_node.dir/build.make:122: CMakeFiles/button_node.dir/src/qnode.cpp.o] Error 1
[2.479s] gmake[2]: *** Waiting for unfinished jobs....
[2.784s] gmake[2]: *** [CMakeFiles/button_node.dir/build.make:108: CMakeFiles/button_node.dir/src/mainwindow.cpp.o] Error 1
[2.823s] gmake[1]: *** [CMakeFiles/Makefile2:137: CMakeFiles/button_node.dir/all] Error 2
[2.823s] gmake: *** [Makefile:146: all] Error 2
[2.825s] Invoked command in '/home/kgh/GITHUB/robit-ros2-homework/HW4/button/build/button' returned '2': CMAKE_PREFIX_PATH=${CMAKE_PREFIX_PATH}:/opt/ros/humble /usr/bin/cmake --build /home/kgh/GITHUB/robit-ros2-homework/HW4/button/build/button -- -j20 -l20
