[0.007s] Invoking command in '/home/kgh/GITHUB/robit-ros2-homework/HW3/ui_test/build/ui_test': /usr/bin/cmake --build /home/kgh/GITHUB/robit-ros2-homework/HW3/ui_test/build/ui_test -- -j20 -l20
[0.023s] -- Found ament_cmake: 1.3.10 (/opt/ros/humble/share/ament_cmake/cmake)
[0.099s] -- Found rclcpp: 16.0.10 (/opt/ros/humble/share/rclcpp/cmake)
[0.113s] -- Found rosidl_generator_c: 3.1.5 (/opt/ros/humble/share/rosidl_generator_c/cmake)
[0.114s] -- Found rosidl_adapter: 3.1.5 (/opt/ros/humble/share/rosidl_adapter/cmake)
[0.117s] -- Found rosidl_generator_cpp: 3.1.5 (/opt/ros/humble/share/rosidl_generator_cpp/cmake)
[0.123s] -- Using all available rosidl_typesupport_c: rosidl_typesupport_fastrtps_c;rosidl_typesupport_introspection_c
[0.129s] -- Using all available rosidl_typesupport_cpp: rosidl_typesupport_fastrtps_cpp;rosidl_typesupport_introspection_cpp
[0.146s] -- Found rmw_implementation_cmake: 6.1.2 (/opt/ros/humble/share/rmw_implementation_cmake/cmake)
[0.147s] -- Found rmw_fastrtps_cpp: 6.2.7 (/opt/ros/humble/share/rmw_fastrtps_cpp/cmake)
[0.201s] -- Using RMW implementation 'rmw_fastrtps_cpp' as default
[0.228s] -- Found geometry_msgs: 4.2.4 (/opt/ros/humble/share/geometry_msgs/cmake)
[0.242s] -- Found Qt5: 5.15.3
[0.243s] -- Found ament_lint_auto: 0.12.11 (/opt/ros/humble/share/ament_lint_auto/cmake)
[0.288s] -- Added test 'copyright' to check source files copyright and LICENSE
[0.292s] -- Added test 'cppcheck' to perform static code analysis on C / C++ code
[0.292s] -- Configured cppcheck include dirs: /home/kgh/GITHUB/robit-ros2-homework/HW3/ui_test/include;/home/kgh/GITHUB/robit-ros2-homework/HW3/ui_test/build/ui_test
[0.292s] -- Configured cppcheck exclude dirs and/or files: 
[0.293s] -- Added test 'flake8' to check Python code syntax and style conventions
[0.294s] -- Added test 'lint_cmake' to check CMake code style
[0.295s] -- Added test 'pep257' to check Python code against some of the docstring style conventions in PEP 257
[0.299s] -- Added test 'uncrustify' to check C / C++ code style
[0.299s] -- Configured uncrustify additional arguments: 
[0.300s] -- Added test 'xmllint' to check XML markup files
[0.300s] -- Configuring done
[0.305s] -- Generating done
[0.306s] -- Build files have been written to: /home/kgh/GITHUB/robit-ros2-homework/HW3/ui_test/build/ui_test
[0.325s] [35m[1mConsolidate compiler generated dependencies of target ui_test[0m
[0.344s] [ 12%] [32mBuilding CXX object CMakeFiles/ui_test.dir/src/main.cpp.o[0m
[0.344s] [ 25%] [32mBuilding CXX object CMakeFiles/ui_test.dir/src/mainwindow.cpp.o[0m
[0.344s] [ 37%] [32mBuilding CXX object CMakeFiles/ui_test.dir/qrc_resources.cpp.o[0m
[0.345s] [ 50%] [32mBuilding CXX object CMakeFiles/ui_test.dir/include/moc_mainwindow.cpp.o[0m
[3.307s] [ 62%] [32m[1mLinking CXX executable ui_test[0m
[3.612s] /usr/bin/ld: CMakeFiles/ui_test.dir/include/moc_mainwindow.cpp.o: in function `MainWindow::qt_static_metacall(QObject*, QMetaObject::Call, int, void**)':
[3.612s] moc_mainwindow.cpp:(.text+0x5a): undefined reference to `MainWindow::on_pushButton_clicked()'
[3.626s] collect2: error: ld returned 1 exit status
[3.627s] gmake[2]: *** [CMakeFiles/ui_test.dir/build.make:232: ui_test] Error 1
[3.628s] gmake[1]: *** [CMakeFiles/Makefile2:137: CMakeFiles/ui_test.dir/all] Error 2
[3.628s] gmake: *** [Makefile:146: all] Error 2
[3.630s] Invoked command in '/home/kgh/GITHUB/robit-ros2-homework/HW3/ui_test/build/ui_test' returned '2': /usr/bin/cmake --build /home/kgh/GITHUB/robit-ros2-homework/HW3/ui_test/build/ui_test -- -j20 -l20
