[0.007s] Invoking command in '/home/kgh/GITHUB/robit-ros2-homework/HW3/ui_test/build/ui_test': /usr/bin/cmake --build /home/kgh/GITHUB/robit-ros2-homework/HW3/ui_test/build/ui_test -- -j20 -l20
[0.033s] [ 12%] [34m[1mGenerating include/moc_mainwindow.cpp[0m
[0.043s] [35m[1mConsolidate compiler generated dependencies of target ui_test[0m
[0.057s] [ 25%] [32mBuilding CXX object CMakeFiles/ui_test.dir/src/main.cpp.o[0m
[0.057s] [ 37%] [32mBuilding CXX object CMakeFiles/ui_test.dir/src/mainwindow.cpp.o[0m
[0.057s] [ 50%] [32mBuilding CXX object CMakeFiles/ui_test.dir/include/moc_mainwindow.cpp.o[0m
[1.667s] [01m[K/home/kgh/GITHUB/robit-ros2-homework/HW3/ui_test/src/mainwindow.cpp:[m[K In constructor â€˜[01m[KMainWindow::MainWindow(QWidget*)[m[Kâ€™:
[1.667s] [01m[K/home/kgh/GITHUB/robit-ros2-homework/HW3/ui_test/src/mainwindow.cpp:18:5:[m[K [01;31m[Kerror: [m[Kâ€˜[01m[Kstring_publisher_[m[Kâ€™ was not declared in this scope; did you mean â€˜[01m[Krmw_publisher_t[m[Kâ€™?
[1.667s]    18 |     [01;31m[Kstring_publisher_[m[K = node_->create_publisher<std_msgs::msg::String>("turtle_direction", 10);
[1.667s]       |     [01;31m[K^~~~~~~~~~~~~~~~~[m[K
[1.667s]       |     [32m[Krmw_publisher_t[m[K
[1.677s] [01m[K/home/kgh/GITHUB/robit-ros2-homework/HW3/ui_test/src/mainwindow.cpp:[m[K In member function â€˜[01m[Kvoid MainWindow::publishDirection(const string&)[m[Kâ€™:
[1.677s] [01m[K/home/kgh/GITHUB/robit-ros2-homework/HW3/ui_test/src/mainwindow.cpp:33:5:[m[K [01;31m[Kerror: [m[Kâ€˜[01m[Kstring_publisher_[m[Kâ€™ was not declared in this scope; did you mean â€˜[01m[Krmw_publisher_t[m[Kâ€™?
[1.677s]    33 |     [01;31m[Kstring_publisher_[m[K->publish(msg);
[1.677s]       |     [01;31m[K^~~~~~~~~~~~~~~~~[m[K
[1.677s]       |     [32m[Krmw_publisher_t[m[K
[2.303s] gmake[2]: *** [CMakeFiles/ui_test.dir/build.make:104: CMakeFiles/ui_test.dir/src/mainwindow.cpp.o] Error 1
[2.303s] gmake[1]: *** [CMakeFiles/Makefile2:137: CMakeFiles/ui_test.dir/all] Error 2
[2.303s] gmake: *** [Makefile:146: all] Error 2
[2.305s] Invoked command in '/home/kgh/GITHUB/robit-ros2-homework/HW3/ui_test/build/ui_test' returned '2': /usr/bin/cmake --build /home/kgh/GITHUB/robit-ros2-homework/HW3/ui_test/build/ui_test -- -j20 -l20
