[0.008s] Invoking command in '/home/kgh/GITHUB/robit-ros2-homework/HW3/ui_test/build/ui_test': /usr/bin/cmake --build /home/kgh/GITHUB/robit-ros2-homework/HW3/ui_test/build/ui_test -- -j20 -l20
[0.024s] -- Found ament_cmake: 1.3.10 (/opt/ros/humble/share/ament_cmake/cmake)
[0.098s] -- Found rclcpp: 16.0.10 (/opt/ros/humble/share/rclcpp/cmake)
[0.112s] -- Found rosidl_generator_c: 3.1.5 (/opt/ros/humble/share/rosidl_generator_c/cmake)
[0.114s] -- Found rosidl_adapter: 3.1.5 (/opt/ros/humble/share/rosidl_adapter/cmake)
[0.117s] -- Found rosidl_generator_cpp: 3.1.5 (/opt/ros/humble/share/rosidl_generator_cpp/cmake)
[0.122s] -- Using all available rosidl_typesupport_c: rosidl_typesupport_fastrtps_c;rosidl_typesupport_introspection_c
[0.128s] -- Using all available rosidl_typesupport_cpp: rosidl_typesupport_fastrtps_cpp;rosidl_typesupport_introspection_cpp
[0.145s] -- Found rmw_implementation_cmake: 6.1.2 (/opt/ros/humble/share/rmw_implementation_cmake/cmake)
[0.146s] -- Found rmw_fastrtps_cpp: 6.2.7 (/opt/ros/humble/share/rmw_fastrtps_cpp/cmake)
[0.194s] -- Using RMW implementation 'rmw_fastrtps_cpp' as default
[0.219s] -- Found geometry_msgs: 4.2.4 (/opt/ros/humble/share/geometry_msgs/cmake)
[0.234s] -- Found Qt5: 5.15.3
[0.235s] -- Found ament_lint_auto: 0.12.11 (/opt/ros/humble/share/ament_lint_auto/cmake)
[0.278s] -- Added test 'copyright' to check source files copyright and LICENSE
[0.282s] -- Added test 'cppcheck' to perform static code analysis on C / C++ code
[0.283s] -- Configured cppcheck include dirs: /home/kgh/GITHUB/robit-ros2-homework/HW3/ui_test/include;/home/kgh/GITHUB/robit-ros2-homework/HW3/ui_test/build/ui_test
[0.283s] -- Configured cppcheck exclude dirs and/or files: 
[0.283s] -- Added test 'flake8' to check Python code syntax and style conventions
[0.285s] -- Added test 'lint_cmake' to check CMake code style
[0.285s] -- Added test 'pep257' to check Python code against some of the docstring style conventions in PEP 257
[0.289s] -- Added test 'uncrustify' to check C / C++ code style
[0.289s] -- Configured uncrustify additional arguments: 
[0.290s] -- Added test 'xmllint' to check XML markup files
[0.290s] -- Configuring done
[0.296s] -- Generating done
[0.297s] -- Build files have been written to: /home/kgh/GITHUB/robit-ros2-homework/HW3/ui_test/build/ui_test
[0.316s] [35m[1mConsolidate compiler generated dependencies of target ui_test[0m
[0.333s] [ 12%] [32m[1mLinking CXX executable ui_test[0m
[0.667s] /usr/bin/ld: CMakeFiles/ui_test.dir/include/moc_mainwindow.cpp.o: in function `MainWindow::qt_static_metacall(QObject*, QMetaObject::Call, int, void**)':
[0.667s] moc_mainwindow.cpp:(.text+0x5a): undefined reference to `MainWindow::on_pushButton_clicked()'
[0.682s] collect2: error: ld returned 1 exit status
[0.684s] gmake[2]: *** [CMakeFiles/ui_test.dir/build.make:232: ui_test] Error 1
[0.684s] gmake[1]: *** [CMakeFiles/Makefile2:137: CMakeFiles/ui_test.dir/all] Error 2
[0.685s] gmake: *** [Makefile:146: all] Error 2
[0.686s] Invoked command in '/home/kgh/GITHUB/robit-ros2-homework/HW3/ui_test/build/ui_test' returned '2': /usr/bin/cmake --build /home/kgh/GITHUB/robit-ros2-homework/HW3/ui_test/build/ui_test -- -j20 -l20
