[0.006s] Invoking command in '/home/kgh/GITHUB/robit-ros2-homework/HW4/moving/build/moving': CMAKE_PREFIX_PATH=${CMAKE_PREFIX_PATH}:/opt/ros/humble /usr/bin/cmake --build /home/kgh/GITHUB/robit-ros2-homework/HW4/moving/build/moving -- -j20 -l20
[0.035s] [  9%] [34m[1mGenerating include/moving/moc_mainwindow.cpp[0m
[0.043s] [35m[1mConsolidate compiler generated dependencies of target moving_node[0m
[0.064s] [ 18%] [32mBuilding CXX object CMakeFiles/moving_node.dir/src/main.cpp.o[0m
[0.064s] [ 27%] [32mBuilding CXX object CMakeFiles/moving_node.dir/src/mainwindow.cpp.o[0m
[0.065s] [ 36%] [32mBuilding CXX object CMakeFiles/moving_node.dir/include/moving/moc_mainwindow.cpp.o[0m
[1.758s] [01m[K/home/kgh/GITHUB/robit-ros2-homework/HW4/moving/src/mainwindow.cpp:[m[K In constructor ‚Äò[01m[KMainWindow::MainWindow(QWidget*)[m[K‚Äô:
[1.758s] [01m[K/home/kgh/GITHUB/robit-ros2-homework/HW4/moving/src/mainwindow.cpp:17:9:[m[K [01;31m[Kerror: [m[K‚Äò[01m[Kclass Ui::MainWindowDesign[m[K‚Äô has no member named ‚Äò[01m[KgraphicsView[m[K‚Äô
[1.758s]    17 |     ui->[01;31m[KgraphicsView[m[K->setScene(scene);
[1.758s]       |         [01;31m[K^~~~~~~~~~~~[m[K
[1.759s] [01m[K/home/kgh/GITHUB/robit-ros2-homework/HW4/moving/src/mainwindow.cpp:[m[K In member function ‚Äò[01m[Kvoid MainWindow::updateJump()[m[K‚Äô:
[1.759s] [01m[K/home/kgh/GITHUB/robit-ros2-homework/HW4/moving/src/mainwindow.cpp:70:33:[m[K [01;31m[Kerror: [m[Kexpected ‚Äò[01m[K}[m[K‚Äô at end of input
[1.760s]    70 |                 characterY += 5;[01;31m[K [m[K// ÎÇ¥Î†§Í∞ê
[1.760s]       |                                 [01;31m[K^[m[K
[1.760s] [01m[K/home/kgh/GITHUB/robit-ros2-homework/HW4/moving/src/mainwindow.cpp:69:35:[m[K [01;36m[Knote: [m[Kto match this ‚Äò[01m[K{[m[K‚Äô
[1.760s]    69 |             if (characterY < 290) [01;36m[K{[m[K
[1.760s]       |                                   [01;36m[K^[m[K
[1.760s] [01m[K/home/kgh/GITHUB/robit-ros2-homework/HW4/moving/src/mainwindow.cpp:70:33:[m[K [01;31m[Kerror: [m[Kexpected ‚Äò[01m[K}[m[K‚Äô at end of input
[1.760s]    70 |                 characterY += 5;[01;31m[K [m[K// ÎÇ¥Î†§Í∞ê
[1.760s]       |                                 [01;31m[K^[m[K
[1.760s] [01m[K/home/kgh/GITHUB/robit-ros2-homework/HW4/moving/src/mainwindow.cpp:67:16:[m[K [01;36m[Knote: [m[Kto match this ‚Äò[01m[K{[m[K‚Äô
[1.760s]    67 |         } else [01;36m[K{[m[K
[1.760s]       |                [01;36m[K^[m[K
[1.760s] [01m[K/home/kgh/GITHUB/robit-ros2-homework/HW4/moving/src/mainwindow.cpp:70:33:[m[K [01;31m[Kerror: [m[Kexpected ‚Äò[01m[K}[m[K‚Äô at end of input
[1.760s]    70 |                 characterY += 5;[01;31m[K [m[K// ÎÇ¥Î†§Í∞ê
[1.760s]       |                                 [01;31m[K^[m[K
[1.760s] [01m[K/home/kgh/GITHUB/robit-ros2-homework/HW4/moving/src/mainwindow.cpp:62:20:[m[K [01;36m[Knote: [m[Kto match this ‚Äò[01m[K{[m[K‚Äô
[1.760s]    62 |     if (isJumping) [01;36m[K{[m[K
[1.760s]       |                    [01;36m[K^[m[K
[1.760s] [01m[K/home/kgh/GITHUB/robit-ros2-homework/HW4/moving/src/mainwindow.cpp:70:33:[m[K [01;31m[Kerror: [m[Kexpected ‚Äò[01m[K}[m[K‚Äô at end of input
[1.760s]    70 |                 characterY += 5;[01;31m[K [m[K// ÎÇ¥Î†§Í∞ê
[1.760s]       |                                 [01;31m[K^[m[K
[1.760s] [01m[K/home/kgh/GITHUB/robit-ros2-homework/HW4/moving/src/mainwindow.cpp:61:1:[m[K [01;36m[Knote: [m[Kto match this ‚Äò[01m[K{[m[K‚Äô
[1.760s]    61 | [01;36m[K{[m[K
[1.760s]       | [01;36m[K^[m[K
[2.282s] gmake[2]: *** [CMakeFiles/moving_node.dir/build.make:110: CMakeFiles/moving_node.dir/src/mainwindow.cpp.o] Error 1
[2.283s] gmake[1]: *** [CMakeFiles/Makefile2:137: CMakeFiles/moving_node.dir/all] Error 2
[2.283s] gmake: *** [Makefile:146: all] Error 2
[2.285s] Invoked command in '/home/kgh/GITHUB/robit-ros2-homework/HW4/moving/build/moving' returned '2': CMAKE_PREFIX_PATH=${CMAKE_PREFIX_PATH}:/opt/ros/humble /usr/bin/cmake --build /home/kgh/GITHUB/robit-ros2-homework/HW4/moving/build/moving -- -j20 -l20
