-- Found ament_cmake: 1.3.10 (/opt/ros/humble/share/ament_cmake/cmake)
-- Found rclcpp: 16.0.10 (/opt/ros/humble/share/rclcpp/cmake)
-- Found rosidl_generator_c: 3.1.5 (/opt/ros/humble/share/rosidl_generator_c/cmake)
-- Found rosidl_adapter: 3.1.5 (/opt/ros/humble/share/rosidl_adapter/cmake)
-- Found rosidl_generator_cpp: 3.1.5 (/opt/ros/humble/share/rosidl_generator_cpp/cmake)
-- Using all available rosidl_typesupport_c: rosidl_typesupport_fastrtps_c;rosidl_typesupport_introspection_c
-- Using all available rosidl_typesupport_cpp: rosidl_typesupport_fastrtps_cpp;rosidl_typesupport_introspection_cpp
-- Found rmw_implementation_cmake: 6.1.2 (/opt/ros/humble/share/rmw_implementation_cmake/cmake)
-- Found rmw_fastrtps_cpp: 6.2.7 (/opt/ros/humble/share/rmw_fastrtps_cpp/cmake)
-- Using RMW implementation 'rmw_fastrtps_cpp' as default
-- Found Qt5: 5.15.3
-- Found ament_lint_auto: 0.12.11 (/opt/ros/humble/share/ament_lint_auto/cmake)
-- Configuring done
-- Generating done
-- Build files have been written to: /home/kgh/GITHUB/robit-ros2-homework/HW4/moving/build/moving
[35m[1mConsolidate compiler generated dependencies of target moving_node[0m
[  9%] [32mBuilding CXX object CMakeFiles/moving_node.dir/src/main.cpp.o[0m
[ 18%] [32mBuilding CXX object CMakeFiles/moving_node.dir/src/mainwindow.cpp.o[0m
[ 27%] [32mBuilding CXX object CMakeFiles/moving_node.dir/qrc_images.cpp.o[0m
[ 36%] [32mBuilding CXX object CMakeFiles/moving_node.dir/src/qnode.cpp.o[0m
[ 45%] [32mBuilding CXX object CMakeFiles/moving_node.dir/include/moving/moc_mainwindow.cpp.o[0m
[ 54%] [32mBuilding CXX object CMakeFiles/moving_node.dir/include/moving/moc_qnode.cpp.o[0m
[01m[K/home/kgh/GITHUB/robit-ros2-homework/HW4/moving/src/mainwindow.cpp:[m[K In constructor â€˜[01m[KMainWindow::MainWindow(QWidget*)[m[Kâ€™:
[01m[K/home/kgh/GITHUB/robit-ros2-homework/HW4/moving/src/mainwindow.cpp:34:5:[m[K [01;31m[Kerror: [m[Kâ€˜[01m[Ksubscription_[m[Kâ€™ was not declared in this scope; did you mean â€˜[01m[Krmw_subscription_t[m[Kâ€™?
   34 |     [01;31m[Ksubscription_[m[K = node->create_subscription<std_msgs::msg::String>(
      |     [01;31m[K^~~~~~~~~~~~~[m[K
      |     [32m[Krmw_subscription_t[m[K
[01m[K/home/kgh/GITHUB/robit-ros2-homework/HW4/moving/src/mainwindow.cpp:37:32:[m[K [01;31m[Kerror: [m[Kâ€˜[01m[KmessageCallback[m[Kâ€™ is not a member of â€˜[01m[KMainWindow[m[Kâ€™
   37 |         std::bind(&MainWindow::[01;31m[KmessageCallback[m[K, this, std::placeholders::_1) // ì½œë°± í•¨ìˆ˜ ì—°ê²°
      |                                [01;31m[K^~~~~~~~~~~~~~~[m[K
[01m[K/home/kgh/GITHUB/robit-ros2-homework/HW4/moving/src/mainwindow.cpp:[m[K At global scope:
[01m[K/home/kgh/GITHUB/robit-ros2-homework/HW4/moving/src/mainwindow.cpp:84:6:[m[K [01;31m[Kerror: [m[Kno declaration matches â€˜[01m[Kvoid MainWindow::messageCallback(std_msgs::msg::String_<std::allocator<void> >::SharedPtr)[m[Kâ€™
   84 | void [01;31m[KMainWindow[m[K::messageCallback(const std_msgs::msg::String::SharedPtr msg)
      |      [01;31m[K^~~~~~~~~~[m[K
[01m[K/home/kgh/GITHUB/robit-ros2-homework/HW4/moving/src/mainwindow.cpp:84:6:[m[K [01;36m[Knote: [m[Kno functions named â€˜[01m[Kvoid MainWindow::messageCallback(std_msgs::msg::String_<std::allocator<void> >::SharedPtr)[m[Kâ€™
In file included from [01m[K/home/kgh/GITHUB/robit-ros2-homework/HW4/moving/src/mainwindow.cpp:1[m[K:
[01m[K/home/kgh/GITHUB/robit-ros2-homework/HW4/moving/src/../include/moving/mainwindow.hpp:16:7:[m[K [01;36m[Knote: [m[Kâ€˜[01m[Kclass MainWindow[m[Kâ€™ defined here
   16 | class [01;36m[KMainWindow[m[K : public QMainWindow
      |       [01;36m[K^~~~~~~~~~[m[K
gmake[2]: *** [CMakeFiles/moving_node.dir/build.make:110: CMakeFiles/moving_node.dir/src/mainwindow.cpp.o] Error 1
gmake[2]: *** Waiting for unfinished jobs....
gmake[1]: *** [CMakeFiles/Makefile2:137: CMakeFiles/moving_node.dir/all] Error 2
gmake: *** [Makefile:146: all] Error 2
