[  9%] [34m[1mGenerating include/moving/moc_mainwindow.cpp[0m
[35m[1mConsolidate compiler generated dependencies of target moving_node[0m
[ 18%] [32mBuilding CXX object CMakeFiles/moving_node.dir/src/main.cpp.o[0m
[ 27%] [32mBuilding CXX object CMakeFiles/moving_node.dir/src/mainwindow.cpp.o[0m
[ 36%] [32mBuilding CXX object CMakeFiles/moving_node.dir/include/moving/moc_mainwindow.cpp.o[0m
[01m[K/home/kgh/GITHUB/robit-ros2-homework/HW4/moving/src/mainwindow.cpp:[m[K In constructor â€˜[01m[KMainWindow::MainWindow(QWidget*, rclcpp::Node::SharedPtr)[m[Kâ€™:
[01m[K/home/kgh/GITHUB/robit-ros2-homework/HW4/moving/src/mainwindow.cpp:16:7:[m[K [01;31m[Kerror: [m[Kclass â€˜[01m[KMainWindow[m[Kâ€™ does not have any field named â€˜[01m[KsceneOffset[m[Kâ€™
   16 |       [01;31m[KsceneOffset[m[K(0, 0) { // ì”¬ ì˜¤í”„ì…‹ ì´ˆê¸°í™”
      |       [01;31m[K^~~~~~~~~~~[m[K
[01m[K/home/kgh/GITHUB/robit-ros2-homework/HW4/moving/src/mainwindow.cpp:[m[K In member function â€˜[01m[Kvirtual void MainWindow::keyPressEvent(QKeyEvent*)[m[Kâ€™:
[01m[K/home/kgh/GITHUB/robit-ros2-homework/HW4/moving/src/mainwindow.cpp:54:13:[m[K [01;31m[Kerror: [m[Kâ€˜[01m[KsceneOffset[m[Kâ€™ was not declared in this scope
   54 |             [01;31m[KsceneOffset[m[K.setX(sceneOffset.x() + 10); // ì™¼ìª½ìœ¼ë¡œ ì´ë™
      |             [01;31m[K^~~~~~~~~~~[m[K
[01m[K/home/kgh/GITHUB/robit-ros2-homework/HW4/moving/src/mainwindow.cpp:69:31:[m[K [01;31m[Kerror: [m[Kâ€˜[01m[KsceneOffset[m[Kâ€™ was not declared in this scope
   69 |     ui->move_image->translate([01;31m[KsceneOffset[m[K.x(), sceneOffset.y()); // ì”¬ ì˜¤í”„ì…‹ ì ìš©
      |                               [01;31m[K^~~~~~~~~~~[m[K
gmake[2]: *** [CMakeFiles/moving_node.dir/build.make:110: CMakeFiles/moving_node.dir/src/mainwindow.cpp.o] Error 1
gmake[2]: *** Waiting for unfinished jobs....
gmake[1]: *** [CMakeFiles/Makefile2:137: CMakeFiles/moving_node.dir/all] Error 2
gmake: *** [Makefile:146: all] Error 2
